------------------------------------------------------------------------------------------------------------------------

[2560-11-17 17:13:38 #1 server] 
Server on port 80 has started by 11612@DESKTOP-TMJL86A

[2560-11-17 17:19:08 #2 store] 
Database 'D:\58010776\OOAD\objectdb-2.7.2_04\db\Account.odb' is opened by 11612@DESKTOP-TMJL86A

[2560-11-17 17:19:08 #3 store] 
Configuration path: D:\58010776\OOAD\objectdb-2.7.2_04\objectdb.conf

[2560-11-17 17:19:10 #4 store] 
Database 'D:\58010776\OOAD\objectdb-2.7.2_04\db\Account.odb' is closed by 11612@DESKTOP-TMJL86A

[2560-11-17 17:19:10 #5 store] 
Database 'D:\58010776\OOAD\objectdb-2.7.2_04\db\Account.odb' is opened by 11612@DESKTOP-TMJL86A

[2560-11-17 17:19:10 #6 store] 
Configuration path: D:\58010776\OOAD\objectdb-2.7.2_04\objectdb.conf

[2560-11-17 17:19:11 #7 store] 
Database 'D:\58010776\OOAD\objectdb-2.7.2_04\db\Account.odb' is closed by 11612@DESKTOP-TMJL86A

[2560-11-17 17:19:11 #8 store] 
Database 'D:\58010776\OOAD\objectdb-2.7.2_04\db\Account.odb' is opened by 11612@DESKTOP-TMJL86A

[2560-11-17 17:19:11 #9 store] 
Configuration path: D:\58010776\OOAD\objectdb-2.7.2_04\objectdb.conf

[2560-11-17 17:19:12 #10 store] 
Database 'D:\58010776\OOAD\objectdb-2.7.2_04\db\Account.odb' is closed by 11612@DESKTOP-TMJL86A

[2560-11-17 17:19:34 #11 store] 
Database 'D:\58010776\OOAD\objectdb-2.7.2_04\db\Account.odb' is opened by 11612@DESKTOP-TMJL86A

[2560-11-17 17:19:34 #12 store] 
Configuration path: D:\58010776\OOAD\objectdb-2.7.2_04\objectdb.conf

[2560-11-17 17:19:35 #13 store] 
Database 'D:\58010776\OOAD\objectdb-2.7.2_04\db\Account.odb' is closed by 11612@DESKTOP-TMJL86A

[2560-11-17 17:19:35 #14 store] 
Database 'D:\58010776\OOAD\objectdb-2.7.2_04\db\Account.odb' is opened by 11612@DESKTOP-TMJL86A

[2560-11-17 17:19:35 #15 store] 
Configuration path: D:\58010776\OOAD\objectdb-2.7.2_04\objectdb.conf

[2560-11-17 17:19:36 #16 store] 
Database 'D:\58010776\OOAD\objectdb-2.7.2_04\db\Account.odb' is closed by 11612@DESKTOP-TMJL86A

[2560-11-17 17:19:36 #17 store] 
Database 'D:\58010776\OOAD\objectdb-2.7.2_04\db\Account.odb' is opened by 11612@DESKTOP-TMJL86A

[2560-11-17 17:19:36 #18 store] 
Configuration path: D:\58010776\OOAD\objectdb-2.7.2_04\objectdb.conf

[2560-11-17 17:19:36 #19 store] 
Database 'D:\58010776\OOAD\objectdb-2.7.2_04\db\Account.odb' is closed by 11612@DESKTOP-TMJL86A

[2560-11-17 17:20:58 #20 server] 
Server on port 80 has stopped by 11612@DESKTOP-TMJL86A

------------------------------------------------------------------------------------------------------------------------

[2560-11-17 17:21:27 #1 server] 
Server on port 80 has started by 12212@DESKTOP-TMJL86A

[2560-11-17 17:21:43 #2 store] 
Database 'D:\58010776\OOAD\objectdb-2.7.2_04\db\Account.odb' is opened by 12212@DESKTOP-TMJL86A

[2560-11-17 17:21:43 #3 store] 
Configuration path: D:\58010776\OOAD\objectdb-2.7.2_04\objectdb.conf

[2560-11-17 17:21:44 #4 store] 
Database 'D:\58010776\OOAD\objectdb-2.7.2_04\db\Account.odb' is closed by 12212@DESKTOP-TMJL86A

[2560-11-17 17:21:44 #5 store] 
Database 'D:\58010776\OOAD\objectdb-2.7.2_04\db\Account.odb' is opened by 12212@DESKTOP-TMJL86A

[2560-11-17 17:21:44 #6 store] 
Configuration path: D:\58010776\OOAD\objectdb-2.7.2_04\objectdb.conf

[2560-11-17 17:21:45 #7 store] 
Database 'D:\58010776\OOAD\objectdb-2.7.2_04\db\Account.odb' is closed by 12212@DESKTOP-TMJL86A

[2560-11-17 17:21:45 #8 store] 
Database 'D:\58010776\OOAD\objectdb-2.7.2_04\db\Account.odb' is opened by 12212@DESKTOP-TMJL86A

[2560-11-17 17:21:45 #9 store] 
Configuration path: D:\58010776\OOAD\objectdb-2.7.2_04\objectdb.conf

[2560-11-17 17:21:45 #10 store] 
Database 'D:\58010776\OOAD\objectdb-2.7.2_04\db\Account.odb' is closed by 12212@DESKTOP-TMJL86A

[2560-11-17 17:22:35 #11 server] 
Server on port 80 has stopped by 12212@DESKTOP-TMJL86A

------------------------------------------------------------------------------------------------------------------------

[2560-11-17 17:23:13 #1 server] 
Server on port 80 has started by 9960@DESKTOP-TMJL86A

[2560-11-17 17:25:10 #2 store] 
Database 'D:\58010776\OOAD\objectdb-2.7.2_04\db\Account.odb' is opened by 9960@DESKTOP-TMJL86A

[2560-11-17 17:25:10 #3 store] 
Configuration path: D:\58010776\OOAD\objectdb-2.7.2_04\objectdb.conf

[2560-11-17 17:25:11 #4 store] 
Database 'D:\58010776\OOAD\objectdb-2.7.2_04\db\Account.odb' is closed by 9960@DESKTOP-TMJL86A

[2560-11-17 17:25:12 #5 store] 
Database 'D:\58010776\OOAD\objectdb-2.7.2_04\db\Account.odb' is opened by 9960@DESKTOP-TMJL86A

[2560-11-17 17:25:12 #6 store] 
Configuration path: D:\58010776\OOAD\objectdb-2.7.2_04\objectdb.conf

[2560-11-17 17:25:12 #7 store] 
Database 'D:\58010776\OOAD\objectdb-2.7.2_04\db\Account.odb' is closed by 9960@DESKTOP-TMJL86A

[2560-11-17 17:25:13 #8 store] 
Database 'D:\58010776\OOAD\objectdb-2.7.2_04\db\Account.odb' is opened by 9960@DESKTOP-TMJL86A

[2560-11-17 17:25:13 #9 store] 
Configuration path: D:\58010776\OOAD\objectdb-2.7.2_04\objectdb.conf

[2560-11-17 17:25:13 #10 store] 
Database 'D:\58010776\OOAD\objectdb-2.7.2_04\db\Account.odb' is closed by 9960@DESKTOP-TMJL86A

[2560-11-17 17:26:19 #11 store] 
Database 'D:\58010776\OOAD\objectdb-2.7.2_04\db\Account.odb' is opened by 9960@DESKTOP-TMJL86A

[2560-11-17 17:26:19 #12 store] 
Configuration path: D:\58010776\OOAD\objectdb-2.7.2_04\objectdb.conf

[2560-11-17 17:26:20 #13 store] 
Database 'D:\58010776\OOAD\objectdb-2.7.2_04\db\Account.odb' is closed by 9960@DESKTOP-TMJL86A

[2560-11-17 17:26:20 #14 store] 
Database 'D:\58010776\OOAD\objectdb-2.7.2_04\db\Account.odb' is opened by 9960@DESKTOP-TMJL86A

[2560-11-17 17:26:20 #15 store] 
Configuration path: D:\58010776\OOAD\objectdb-2.7.2_04\objectdb.conf

[2560-11-17 17:26:21 #16 store] 
Database 'D:\58010776\OOAD\objectdb-2.7.2_04\db\Account.odb' is closed by 9960@DESKTOP-TMJL86A

[2560-11-17 17:26:21 #17 store] 
Database 'D:\58010776\OOAD\objectdb-2.7.2_04\db\Account.odb' is opened by 9960@DESKTOP-TMJL86A

[2560-11-17 17:26:21 #18 store] 
Configuration path: D:\58010776\OOAD\objectdb-2.7.2_04\objectdb.conf

[2560-11-17 17:26:21 #19 store] 
Database 'D:\58010776\OOAD\objectdb-2.7.2_04\db\Account.odb' is closed by 9960@DESKTOP-TMJL86A

[2560-11-17 17:27:44 #20 store] 
Database 'D:\58010776\OOAD\objectdb-2.7.2_04\db\Account.odb' is opened by 9960@DESKTOP-TMJL86A

[2560-11-17 17:27:44 #21 store] 
Configuration path: D:\58010776\OOAD\objectdb-2.7.2_04\objectdb.conf

[2560-11-17 17:27:45 #22 store] 
Database 'D:\58010776\OOAD\objectdb-2.7.2_04\db\Account.odb' is closed by 9960@DESKTOP-TMJL86A

[2560-11-17 17:27:45 #23 store] 
Database 'D:\58010776\OOAD\objectdb-2.7.2_04\db\Account.odb' is opened by 9960@DESKTOP-TMJL86A

[2560-11-17 17:27:45 #24 store] 
Configuration path: D:\58010776\OOAD\objectdb-2.7.2_04\objectdb.conf

[2560-11-17 17:27:46 #25 store] 
Database 'D:\58010776\OOAD\objectdb-2.7.2_04\db\Account.odb' is closed by 9960@DESKTOP-TMJL86A

[2560-11-17 17:27:46 #26 store] 
Database 'D:\58010776\OOAD\objectdb-2.7.2_04\db\Account.odb' is opened by 9960@DESKTOP-TMJL86A

[2560-11-17 17:27:46 #27 store] 
Configuration path: D:\58010776\OOAD\objectdb-2.7.2_04\objectdb.conf

[2560-11-17 17:27:47 #28 store] 
Database 'D:\58010776\OOAD\objectdb-2.7.2_04\db\Account.odb' is closed by 9960@DESKTOP-TMJL86A

[2560-11-17 17:28:52 #29 store] 
Database 'D:\58010776\OOAD\objectdb-2.7.2_04\db\Account.odb' is opened by 9960@DESKTOP-TMJL86A

[2560-11-17 17:28:52 #30 store] 
Configuration path: D:\58010776\OOAD\objectdb-2.7.2_04\objectdb.conf

[2560-11-17 17:28:53 #31 store] 
Database 'D:\58010776\OOAD\objectdb-2.7.2_04\db\Account.odb' is closed by 9960@DESKTOP-TMJL86A

[2560-11-17 17:28:53 #32 store] 
Database 'D:\58010776\OOAD\objectdb-2.7.2_04\db\Food.odb' is opened by 9960@DESKTOP-TMJL86A

[2560-11-17 17:28:53 #33 store] 
Configuration path: D:\58010776\OOAD\objectdb-2.7.2_04\objectdb.conf

[2560-11-17 17:28:54 #34 store] 
Database 'D:\58010776\OOAD\objectdb-2.7.2_04\db\Food.odb' is closed by 9960@DESKTOP-TMJL86A

[2560-11-17 17:28:55 #35 store] 
Database 'D:\58010776\OOAD\objectdb-2.7.2_04\db\Component.odb' is opened by 9960@DESKTOP-TMJL86A

[2560-11-17 17:28:55 #36 store] 
Configuration path: D:\58010776\OOAD\objectdb-2.7.2_04\objectdb.conf

[2560-11-17 17:28:56 #37 store] 
Database 'D:\58010776\OOAD\objectdb-2.7.2_04\db\Component.odb' is closed by 9960@DESKTOP-TMJL86A

[2560-11-17 17:42:45 #38 store] 
Database 'D:\58010776\OOAD\objectdb-2.7.2_04\db\Account.odb' is opened by 9960@DESKTOP-TMJL86A

[2560-11-17 17:42:45 #39 store] 
Configuration path: D:\58010776\OOAD\objectdb-2.7.2_04\objectdb.conf

[2560-11-17 17:42:46 #40 store] 
Database 'D:\58010776\OOAD\objectdb-2.7.2_04\db\Account.odb' is closed by 9960@DESKTOP-TMJL86A

[2560-11-17 17:42:46 #41 store] 
Database 'D:\58010776\OOAD\objectdb-2.7.2_04\db\Food.odb' is opened by 9960@DESKTOP-TMJL86A

[2560-11-17 17:42:46 #42 store] 
Configuration path: D:\58010776\OOAD\objectdb-2.7.2_04\objectdb.conf

[2560-11-17 17:42:47 #43 store] 
Database 'D:\58010776\OOAD\objectdb-2.7.2_04\db\Food.odb' is closed by 9960@DESKTOP-TMJL86A

[2560-11-17 17:42:47 #44 store] 
Database 'D:\58010776\OOAD\objectdb-2.7.2_04\db\Component.odb' is opened by 9960@DESKTOP-TMJL86A

[2560-11-17 17:42:47 #45 store] 
Configuration path: D:\58010776\OOAD\objectdb-2.7.2_04\objectdb.conf

[2560-11-17 17:42:48 #46 store] 
Database 'D:\58010776\OOAD\objectdb-2.7.2_04\db\Component.odb' is closed by 9960@DESKTOP-TMJL86A

[2560-11-17 17:45:33 #47 store] 
Database 'D:\58010776\OOAD\objectdb-2.7.2_04\db\Account.odb' is opened by 9960@DESKTOP-TMJL86A

[2560-11-17 17:45:33 #48 store] 
Configuration path: D:\58010776\OOAD\objectdb-2.7.2_04\objectdb.conf

[2560-11-17 17:45:34 #49 store] 
Database 'D:\58010776\OOAD\objectdb-2.7.2_04\db\Account.odb' is closed by 9960@DESKTOP-TMJL86A

[2560-11-17 17:45:34 #50 store] 
Database 'D:\58010776\OOAD\objectdb-2.7.2_04\db\Food.odb' is opened by 9960@DESKTOP-TMJL86A

[2560-11-17 17:45:34 #51 store] 
Configuration path: D:\58010776\OOAD\objectdb-2.7.2_04\objectdb.conf

[2560-11-17 17:45:35 #52 store] 
Database 'D:\58010776\OOAD\objectdb-2.7.2_04\db\Food.odb' is closed by 9960@DESKTOP-TMJL86A

[2560-11-17 17:45:35 #53 store] 
Database 'D:\58010776\OOAD\objectdb-2.7.2_04\db\Component.odb' is opened by 9960@DESKTOP-TMJL86A

[2560-11-17 17:45:35 #54 store] 
Configuration path: D:\58010776\OOAD\objectdb-2.7.2_04\objectdb.conf

[2560-11-17 17:45:36 #55 store] 
Database 'D:\58010776\OOAD\objectdb-2.7.2_04\db\Component.odb' is closed by 9960@DESKTOP-TMJL86A

[2560-11-17 17:53:50 #56 store] 
Database 'D:\58010776\OOAD\objectdb-2.7.2_04\db\Account.odb' is opened by 9960@DESKTOP-TMJL86A

[2560-11-17 17:53:50 #57 store] 
Configuration path: D:\58010776\OOAD\objectdb-2.7.2_04\objectdb.conf

[2560-11-17 17:53:51 #58 store] 
Database 'D:\58010776\OOAD\objectdb-2.7.2_04\db\Account.odb' is closed by 9960@DESKTOP-TMJL86A

[2560-11-17 17:53:51 #59 store] 
Database 'D:\58010776\OOAD\objectdb-2.7.2_04\db\Food.odb' is opened by 9960@DESKTOP-TMJL86A

[2560-11-17 17:53:51 #60 store] 
Configuration path: D:\58010776\OOAD\objectdb-2.7.2_04\objectdb.conf

[2560-11-17 17:53:51 #61 store] 
Database 'D:\58010776\OOAD\objectdb-2.7.2_04\db\Food.odb' is closed by 9960@DESKTOP-TMJL86A

[2560-11-17 17:53:52 #62 store] 
Database 'D:\58010776\OOAD\objectdb-2.7.2_04\db\Component.odb' is opened by 9960@DESKTOP-TMJL86A

[2560-11-17 17:53:52 #63 store] 
Configuration path: D:\58010776\OOAD\objectdb-2.7.2_04\objectdb.conf

[2560-11-17 17:53:52 #64 store] 
Database 'D:\58010776\OOAD\objectdb-2.7.2_04\db\Component.odb' is closed by 9960@DESKTOP-TMJL86A

------------------------------------------------------------------------------------------------------------------------

[2560-11-17 18:34:50 #1 store] 
Database 'D:\58010776\OOAD\objectdb-2.7.2_04\db\ImageSize.odb' is opened by 11340@DESKTOP-TMJL86A

[2560-11-17 18:34:50 #2 store] 
Configuration path: D:\58010776\OOAD\objectdb-2.7.2_04\objectdb.conf

[2560-11-17 18:35:12 #3 store] 
Database 'D:\58010776\OOAD\objectdb-2.7.2_04\db\ImageSize.odb' is closed by 11340@DESKTOP-TMJL86A

[2560-11-17 18:35:12 #4 store] 
Database 'D:\58010776\OOAD\objectdb-2.7.2_04\db\ImageSize.odb' is opened by 11340@DESKTOP-TMJL86A

[2560-11-17 18:35:12 #5 store] 
Configuration path: D:\58010776\OOAD\objectdb-2.7.2_04\objectdb.conf

[2560-11-17 18:35:24 #6 store] 
Database 'D:\58010776\OOAD\objectdb-2.7.2_04\db\ImageSize.odb' is closed by 11340@DESKTOP-TMJL86A

[2560-11-17 18:35:25 #7 store] 
Database 'D:\58010776\OOAD\objectdb-2.7.2_04\db\ImageSize.odb' is opened by 11340@DESKTOP-TMJL86A

[2560-11-17 18:35:25 #8 store] 
Configuration path: D:\58010776\OOAD\objectdb-2.7.2_04\objectdb.conf

[2560-11-17 18:35:35 #9 store] 
Database 'D:\58010776\OOAD\objectdb-2.7.2_04\db\ImageSize.odb' is closed by 11340@DESKTOP-TMJL86A

[2560-11-17 18:35:35 #10 store] 
Database 'D:\58010776\OOAD\objectdb-2.7.2_04\db\Food.odb' is opened by 11340@DESKTOP-TMJL86A

[2560-11-17 18:35:35 #11 store] 
Configuration path: D:\58010776\OOAD\objectdb-2.7.2_04\objectdb.conf

[2560-11-17 18:35:44 #12 store] 
Database 'D:\58010776\OOAD\objectdb-2.7.2_04\db\Food.odb' is closed by 11340@DESKTOP-TMJL86A

[2560-11-17 18:35:44 #13 store] 
Database 'D:\58010776\OOAD\objectdb-2.7.2_04\db\ImageSize.odb' is opened by 11340@DESKTOP-TMJL86A

[2560-11-17 18:35:44 #14 store] 
Configuration path: D:\58010776\OOAD\objectdb-2.7.2_04\objectdb.conf

[2560-11-17 18:35:49 #15 store] 
Database 'D:\58010776\OOAD\objectdb-2.7.2_04\db\ImageSize.odb' is closed by 11340@DESKTOP-TMJL86A

------------------------------------------------------------------------------------------------------------------------

[2560-11-17 18:39:01 #1 store] 
Database 'D:\58010776\OOAD\objectdb-2.7.2_04\db\ImageSize.odb' is opened by 9692@DESKTOP-TMJL86A

[2560-11-17 18:39:01 #2 store] 
Configuration path: D:\58010776\OOAD\objectdb-2.7.2_04\objectdb.conf

[2560-11-17 18:39:21 #3 store] 
Database 'D:\58010776\OOAD\objectdb-2.7.2_04\db\ImageSize.odb' is closed by 9692@DESKTOP-TMJL86A

------------------------------------------------------------------------------------------------------------------------

[2560-11-17 18:41:39 #1 store] 
Database 'D:\58010776\OOAD\objectdb-2.7.2_04\db\ImageSize.odb' is opened by 7372@DESKTOP-TMJL86A

[2560-11-17 18:41:39 #2 store] 
Configuration path: D:\58010776\OOAD\objectdb-2.7.2_04\objectdb.conf

[2560-11-17 18:42:16 #3 store] 
Database 'D:\58010776\OOAD\objectdb-2.7.2_04\db\ImageSize.odb' is closed by 7372@DESKTOP-TMJL86A

------------------------------------------------------------------------------------------------------------------------

[2560-11-17 18:44:25 #1 store] 
Database 'D:\58010776\OOAD\objectdb-2.7.2_04\db\ImageSize.odb' is opened by 6304@DESKTOP-TMJL86A

[2560-11-17 18:44:25 #2 store] 
Configuration path: D:\58010776\OOAD\objectdb-2.7.2_04\objectdb.conf

[2560-11-17 18:44:49 #3 store] 
Database 'D:\58010776\OOAD\objectdb-2.7.2_04\db\ImageSize.odb' is closed by 6304@DESKTOP-TMJL86A

------------------------------------------------------------------------------------------------------------------------

[2560-11-17 18:46:32 #1 store] 
Database 'D:\58010776\OOAD\objectdb-2.7.2_04\db\ImageSize.odb' is opened by 7620@DESKTOP-TMJL86A

[2560-11-17 18:46:32 #2 store] 
Configuration path: D:\58010776\OOAD\objectdb-2.7.2_04\objectdb.conf

[2560-11-17 18:47:05 #3 store] 
Database 'D:\58010776\OOAD\objectdb-2.7.2_04\db\ImageSize.odb' is closed by 7620@DESKTOP-TMJL86A

------------------------------------------------------------------------------------------------------------------------

[2560-11-17 18:52:54 #1 store] 
Database 'D:\58010776\OOAD\objectdb-2.7.2_04\db\ImageSize.odb' is opened by 8484@DESKTOP-TMJL86A

[2560-11-17 18:52:54 #2 store] 
Configuration path: D:\58010776\OOAD\objectdb-2.7.2_04\objectdb.conf

[2560-11-17 18:56:10 #3 store] 
Database 'D:\58010776\OOAD\objectdb-2.7.2_04\db\ImageSize.odb' is closed by 8484@DESKTOP-TMJL86A

------------------------------------------------------------------------------------------------------------------------

[2560-11-17 18:56:51 #1 store] 
Database 'D:\58010776\OOAD\objectdb-2.7.2_04\db\ImageSize.odb' is opened by 6276@DESKTOP-TMJL86A

[2560-11-17 18:56:51 #2 store] 
Configuration path: D:\58010776\OOAD\objectdb-2.7.2_04\objectdb.conf

[2560-11-17 18:57:27 #3 store] 
Database 'D:\58010776\OOAD\objectdb-2.7.2_04\db\ImageSize.odb' is closed by 6276@DESKTOP-TMJL86A

