------------------------------------------------------------------------------------------------------------------------

[2017-11-17 10:31:38 #1 store] 
Database 'D:\edit\AppDesktop\mealbarn\src\ODB\Account.odb' is opened by 11256@DESKTOP-FUGN7L0

[2017-11-17 10:31:38 #2 store] 
Configuration path: ?

[2017-11-17 10:31:39 #3 type] 
Type ooad.Account is not enhanced.

[2017-11-17 10:31:39 #4 type] 
Type ooad.Food is not enhanced.

[2017-11-17 10:31:39 #5 store] 
Database 'D:\edit\AppDesktop\mealbarn\src\ODB\Account.odb' is closed by 11256@DESKTOP-FUGN7L0

[2017-11-17 10:31:39 #6 store] 
Database 'D:\edit\AppDesktop\mealbarn\src\ODB\Food.odb' is opened by 11256@DESKTOP-FUGN7L0

[2017-11-17 10:31:39 #7 store] 
Configuration path: ?

[2017-11-17 10:31:39 #8 store] 
Database 'D:\edit\AppDesktop\mealbarn\src\ODB\Food.odb' is closed by 11256@DESKTOP-FUGN7L0

[2017-11-17 10:31:39 #9 store] 
Database 'D:\edit\AppDesktop\mealbarn\src\ODB\Component.odb' is opened by 11256@DESKTOP-FUGN7L0

[2017-11-17 10:31:39 #10 store] 
Configuration path: ?

[2017-11-17 10:31:39 #11 type] 
Type ooad.Component is not enhanced.

[2017-11-17 10:31:39 #12 store] 
Database 'D:\edit\AppDesktop\mealbarn\src\ODB\Component.odb' is closed by 11256@DESKTOP-FUGN7L0

------------------------------------------------------------------------------------------------------------------------

[2017-11-17 10:59:59 #1 store] 
Database 'D:\edit\AppDesktop\mealbarn\src\ODB\Account.odb' is opened by 7468@DESKTOP-FUGN7L0

[2017-11-17 10:59:59 #2 store] 
Configuration path: ?

[2017-11-17 10:59:59 #3 type] 
Type ooad.Account is not enhanced.

[2017-11-17 10:59:59 #4 type] 
Type ooad.Food is not enhanced.

[2017-11-17 10:59:59 #5 store] 
Database 'D:\edit\AppDesktop\mealbarn\src\ODB\Account.odb' is closed by 7468@DESKTOP-FUGN7L0

[2017-11-17 10:59:59 #6 store] 
Database 'D:\edit\AppDesktop\mealbarn\src\ODB\Food.odb' is opened by 7468@DESKTOP-FUGN7L0

[2017-11-17 10:59:59 #7 store] 
Configuration path: ?

[2017-11-17 10:59:59 #8 store] 
Database 'D:\edit\AppDesktop\mealbarn\src\ODB\Food.odb' is closed by 7468@DESKTOP-FUGN7L0

[2017-11-17 10:59:59 #9 store] 
Database 'D:\edit\AppDesktop\mealbarn\src\ODB\Component.odb' is opened by 7468@DESKTOP-FUGN7L0

[2017-11-17 10:59:59 #10 store] 
Configuration path: ?

[2017-11-17 10:59:59 #11 type] 
Type ooad.Component is not enhanced.

[2017-11-17 10:59:59 #12 store] 
Database 'D:\edit\AppDesktop\mealbarn\src\ODB\Component.odb' is closed by 7468@DESKTOP-FUGN7L0

------------------------------------------------------------------------------------------------------------------------

[2017-11-17 11:01:52 #1 store] 
Database 'D:\edit\AppDesktop\mealbarn\src\ODB\Account.odb' is opened by 13812@DESKTOP-FUGN7L0

[2017-11-17 11:01:52 #2 store] 
Configuration path: ?

[2017-11-17 11:01:52 #3 type] 
Type ooad.Account is not enhanced.

[2017-11-17 11:01:52 #4 type] 
Type ooad.Food is not enhanced.

[2017-11-17 11:01:53 #5 store] 
Database 'D:\edit\AppDesktop\mealbarn\src\ODB\Account.odb' is closed by 13812@DESKTOP-FUGN7L0

[2017-11-17 11:01:53 #6 store] 
Database 'D:\edit\AppDesktop\mealbarn\src\ODB\Food.odb' is opened by 13812@DESKTOP-FUGN7L0

[2017-11-17 11:01:53 #7 store] 
Configuration path: ?

[2017-11-17 11:01:53 #8 store] 
Database 'D:\edit\AppDesktop\mealbarn\src\ODB\Food.odb' is closed by 13812@DESKTOP-FUGN7L0

[2017-11-17 11:01:53 #9 store] 
Database 'D:\edit\AppDesktop\mealbarn\src\ODB\Component.odb' is opened by 13812@DESKTOP-FUGN7L0

[2017-11-17 11:01:53 #10 store] 
Configuration path: ?

[2017-11-17 11:01:53 #11 type] 
Type ooad.Component is not enhanced.

[2017-11-17 11:01:53 #12 store] 
Database 'D:\edit\AppDesktop\mealbarn\src\ODB\Component.odb' is closed by 13812@DESKTOP-FUGN7L0

------------------------------------------------------------------------------------------------------------------------

[2017-11-17 11:04:21 #1 store] 
Database 'D:\edit\AppDesktop\mealbarn\src\ODB\Account.odb' is opened by 12652@DESKTOP-FUGN7L0

[2017-11-17 11:04:21 #2 store] 
Configuration path: ?

[2017-11-17 11:04:21 #3 type] 
Type ooad.Account is not enhanced.

[2017-11-17 11:04:21 #4 type] 
Type ooad.Food is not enhanced.

[2017-11-17 11:04:21 #5 store] 
Database 'D:\edit\AppDesktop\mealbarn\src\ODB\Account.odb' is closed by 12652@DESKTOP-FUGN7L0

[2017-11-17 11:04:21 #6 store] 
Database 'D:\edit\AppDesktop\mealbarn\src\ODB\Food.odb' is opened by 12652@DESKTOP-FUGN7L0

[2017-11-17 11:04:21 #7 store] 
Configuration path: ?

[2017-11-17 11:04:21 #8 store] 
Database 'D:\edit\AppDesktop\mealbarn\src\ODB\Food.odb' is closed by 12652@DESKTOP-FUGN7L0

[2017-11-17 11:04:21 #9 store] 
Database 'D:\edit\AppDesktop\mealbarn\src\ODB\Component.odb' is opened by 12652@DESKTOP-FUGN7L0

[2017-11-17 11:04:21 #10 store] 
Configuration path: ?

[2017-11-17 11:04:21 #11 type] 
Type ooad.Component is not enhanced.

[2017-11-17 11:04:21 #12 store] 
Database 'D:\edit\AppDesktop\mealbarn\src\ODB\Component.odb' is closed by 12652@DESKTOP-FUGN7L0

------------------------------------------------------------------------------------------------------------------------

[2017-11-17 11:05:30 #1 store] 
Database 'D:\edit\AppDesktop\mealbarn\src\ODB\Account.odb' is opened by 12712@DESKTOP-FUGN7L0

[2017-11-17 11:05:30 #2 store] 
Configuration path: ?

[2017-11-17 11:05:30 #3 type] 
Type ooad.Account is not enhanced.

[2017-11-17 11:05:30 #4 type] 
Type ooad.Food is not enhanced.

[2017-11-17 11:05:30 #5 store] 
Database 'D:\edit\AppDesktop\mealbarn\src\ODB\Account.odb' is closed by 12712@DESKTOP-FUGN7L0

[2017-11-17 11:05:30 #6 store] 
Database 'D:\edit\AppDesktop\mealbarn\src\ODB\Food.odb' is opened by 12712@DESKTOP-FUGN7L0

[2017-11-17 11:05:30 #7 store] 
Configuration path: ?

[2017-11-17 11:05:30 #8 store] 
Database 'D:\edit\AppDesktop\mealbarn\src\ODB\Food.odb' is closed by 12712@DESKTOP-FUGN7L0

[2017-11-17 11:05:30 #9 store] 
Database 'D:\edit\AppDesktop\mealbarn\src\ODB\Component.odb' is opened by 12712@DESKTOP-FUGN7L0

[2017-11-17 11:05:30 #10 store] 
Configuration path: ?

[2017-11-17 11:05:30 #11 type] 
Type ooad.Component is not enhanced.

[2017-11-17 11:05:30 #12 store] 
Database 'D:\edit\AppDesktop\mealbarn\src\ODB\Component.odb' is closed by 12712@DESKTOP-FUGN7L0

------------------------------------------------------------------------------------------------------------------------

[2017-11-17 11:12:48 #1 store] 
Database 'D:\edit\AppDesktop\mealbarn\src\ODB\Account.odb' is opened by 12912@DESKTOP-FUGN7L0

[2017-11-17 11:12:48 #2 store] 
Configuration path: ?

[2017-11-17 11:12:48 #3 type] 
Type ooad.Account is not enhanced.

[2017-11-17 11:12:48 #4 type] 
Type ooad.Food is not enhanced.

[2017-11-17 11:12:48 #5 store] 
Database 'D:\edit\AppDesktop\mealbarn\src\ODB\Account.odb' is closed by 12912@DESKTOP-FUGN7L0

[2017-11-17 11:12:48 #6 store] 
Database 'D:\edit\AppDesktop\mealbarn\src\ODB\Food.odb' is opened by 12912@DESKTOP-FUGN7L0

[2017-11-17 11:12:48 #7 store] 
Configuration path: ?

[2017-11-17 11:12:48 #8 store] 
Database 'D:\edit\AppDesktop\mealbarn\src\ODB\Food.odb' is closed by 12912@DESKTOP-FUGN7L0

[2017-11-17 11:12:48 #9 store] 
Database 'D:\edit\AppDesktop\mealbarn\src\ODB\Component.odb' is opened by 12912@DESKTOP-FUGN7L0

[2017-11-17 11:12:48 #10 store] 
Configuration path: ?

[2017-11-17 11:12:48 #11 type] 
Type ooad.Component is not enhanced.

[2017-11-17 11:12:49 #12 store] 
Database 'D:\edit\AppDesktop\mealbarn\src\ODB\Component.odb' is closed by 12912@DESKTOP-FUGN7L0

