------------------------------------------------------------------------------------------------------------------------

[2017-11-13 13:08:23 #1 store] 
Database 'D:\now\AppDesktop\mealbarn\src\ODB\Account.odb' is opened by 5700@DESKTOP-FUGN7L0

[2017-11-13 13:08:23 #2 store] 
Configuration path: ?

[2017-11-13 13:08:23 #3 type] 
Type ooad.Account is not enhanced.

[2017-11-13 13:08:23 #4 store] 
Database 'D:\now\AppDesktop\mealbarn\src\ODB\Account.odb' is closed by 5700@DESKTOP-FUGN7L0

------------------------------------------------------------------------------------------------------------------------

[2017-11-13 13:10:34 #1 store] 
Database 'D:\now\AppDesktop\mealbarn\src\ODB\Component.odb' is opened by 2516@DESKTOP-FUGN7L0

[2017-11-13 13:10:34 #2 store] 
Configuration path: ?

[2017-11-13 13:10:34 #3 type] 
Type ooad.Component is not enhanced.

[2017-11-13 13:10:34 #4 store] 
Database 'D:\now\AppDesktop\mealbarn\src\ODB\Component.odb' is closed by 2516@DESKTOP-FUGN7L0

[2017-11-13 13:10:38 #5 store] 
Database 'D:\now\AppDesktop\mealbarn\src\ODB\Account.odb' is opened by 2516@DESKTOP-FUGN7L0

[2017-11-13 13:10:38 #6 store] 
Configuration path: ?

[2017-11-13 13:10:38 #7 type] 
Type ooad.Account is not enhanced.

[2017-11-13 13:10:38 #8 store] 
Database 'D:\now\AppDesktop\mealbarn\src\ODB\Account.odb' is closed by 2516@DESKTOP-FUGN7L0

