------------------------------------------------------------------------------------------------------------------------

[2017-11-14 08:04:28 #1 store] 
Database 'D:\now\AppDesktop\mealbarn\src\ODB\Account.odb' is opened by 1088@DESKTOP-FUGN7L0

[2017-11-14 08:04:28 #2 store] 
Configuration path: ?

[2017-11-14 08:04:28 #3 type] 
Type ooad.Account is not enhanced.

[2017-11-14 08:04:28 #4 type] 
Type ooad.Food is not enhanced.

[2017-11-14 08:04:28 #5 store] 
Database 'D:\now\AppDesktop\mealbarn\src\ODB\Account.odb' is closed by 1088@DESKTOP-FUGN7L0

[2017-11-14 08:04:29 #6 store] 
Database 'D:\now\AppDesktop\mealbarn\src\ODB\Food.odb' is opened by 1088@DESKTOP-FUGN7L0

[2017-11-14 08:04:29 #7 store] 
Configuration path: ?

[2017-11-14 08:04:29 #8 store] 
Database 'D:\now\AppDesktop\mealbarn\src\ODB\Food.odb' is closed by 1088@DESKTOP-FUGN7L0

[2017-11-14 08:04:29 #9 store] 
Database 'D:\now\AppDesktop\mealbarn\src\ODB\Component.odb' is opened by 1088@DESKTOP-FUGN7L0

[2017-11-14 08:04:29 #10 store] 
Configuration path: ?

[2017-11-14 08:04:29 #11 type] 
Type ooad.Component is not enhanced.

[2017-11-14 08:04:29 #12 store] 
Database 'D:\now\AppDesktop\mealbarn\src\ODB\Component.odb' is closed by 1088@DESKTOP-FUGN7L0

------------------------------------------------------------------------------------------------------------------------

[2017-11-14 08:06:38 #1 store] 
Database 'D:\now\AppDesktop\mealbarn\src\ODB\Account.odb' is opened by 6584@DESKTOP-FUGN7L0

[2017-11-14 08:06:38 #2 store] 
Configuration path: ?

[2017-11-14 08:06:38 #3 type] 
Type ooad.Account is not enhanced.

[2017-11-14 08:06:38 #4 type] 
Type ooad.Food is not enhanced.

[2017-11-14 08:06:39 #5 store] 
Database 'D:\now\AppDesktop\mealbarn\src\ODB\Account.odb' is closed by 6584@DESKTOP-FUGN7L0

[2017-11-14 08:06:39 #6 store] 
Database 'D:\now\AppDesktop\mealbarn\src\ODB\Food.odb' is opened by 6584@DESKTOP-FUGN7L0

[2017-11-14 08:06:39 #7 store] 
Configuration path: ?

[2017-11-14 08:06:39 #8 store] 
Database 'D:\now\AppDesktop\mealbarn\src\ODB\Food.odb' is closed by 6584@DESKTOP-FUGN7L0

[2017-11-14 08:06:39 #9 store] 
Database 'D:\now\AppDesktop\mealbarn\src\ODB\Component.odb' is opened by 6584@DESKTOP-FUGN7L0

[2017-11-14 08:06:39 #10 store] 
Configuration path: ?

[2017-11-14 08:06:39 #11 type] 
Type ooad.Component is not enhanced.

[2017-11-14 08:06:39 #12 store] 
Database 'D:\now\AppDesktop\mealbarn\src\ODB\Component.odb' is closed by 6584@DESKTOP-FUGN7L0

------------------------------------------------------------------------------------------------------------------------

[2017-11-14 08:07:58 #1 store] 
Database 'D:\now\AppDesktop\mealbarn\src\ODB\Account.odb' is opened by 3760@DESKTOP-FUGN7L0

[2017-11-14 08:07:58 #2 store] 
Configuration path: ?

[2017-11-14 08:07:58 #3 type] 
Type ooad.Account is not enhanced.

[2017-11-14 08:07:58 #4 type] 
Type ooad.Food is not enhanced.

[2017-11-14 08:07:58 #5 store] 
Database 'D:\now\AppDesktop\mealbarn\src\ODB\Account.odb' is closed by 3760@DESKTOP-FUGN7L0

[2017-11-14 08:07:58 #6 store] 
Database 'D:\now\AppDesktop\mealbarn\src\ODB\Food.odb' is opened by 3760@DESKTOP-FUGN7L0

[2017-11-14 08:07:58 #7 store] 
Configuration path: ?

[2017-11-14 08:07:58 #8 store] 
Database 'D:\now\AppDesktop\mealbarn\src\ODB\Food.odb' is closed by 3760@DESKTOP-FUGN7L0

[2017-11-14 08:07:59 #9 store] 
Database 'D:\now\AppDesktop\mealbarn\src\ODB\Component.odb' is opened by 3760@DESKTOP-FUGN7L0

[2017-11-14 08:07:59 #10 store] 
Configuration path: ?

[2017-11-14 08:07:59 #11 type] 
Type ooad.Component is not enhanced.

[2017-11-14 08:07:59 #12 store] 
Database 'D:\now\AppDesktop\mealbarn\src\ODB\Component.odb' is closed by 3760@DESKTOP-FUGN7L0

------------------------------------------------------------------------------------------------------------------------

[2017-11-14 08:09:38 #1 store] 
Database 'D:\now\AppDesktop\mealbarn\src\ODB\Account.odb' is opened by 14032@DESKTOP-FUGN7L0

[2017-11-14 08:09:38 #2 store] 
Configuration path: ?

[2017-11-14 08:09:38 #3 type] 
Type ooad.Account is not enhanced.

[2017-11-14 08:09:38 #4 type] 
Type ooad.Food is not enhanced.

[2017-11-14 08:09:38 #5 store] 
Database 'D:\now\AppDesktop\mealbarn\src\ODB\Account.odb' is closed by 14032@DESKTOP-FUGN7L0

[2017-11-14 08:09:38 #6 store] 
Database 'D:\now\AppDesktop\mealbarn\src\ODB\Food.odb' is opened by 14032@DESKTOP-FUGN7L0

[2017-11-14 08:09:38 #7 store] 
Configuration path: ?

[2017-11-14 08:09:38 #8 store] 
Database 'D:\now\AppDesktop\mealbarn\src\ODB\Food.odb' is closed by 14032@DESKTOP-FUGN7L0

[2017-11-14 08:09:39 #9 store] 
Database 'D:\now\AppDesktop\mealbarn\src\ODB\Component.odb' is opened by 14032@DESKTOP-FUGN7L0

[2017-11-14 08:09:39 #10 store] 
Configuration path: ?

[2017-11-14 08:09:39 #11 type] 
Type ooad.Component is not enhanced.

[2017-11-14 08:09:39 #12 store] 
Database 'D:\now\AppDesktop\mealbarn\src\ODB\Component.odb' is closed by 14032@DESKTOP-FUGN7L0

------------------------------------------------------------------------------------------------------------------------

[2017-11-14 08:10:27 #1 store] 
Database 'D:\now\AppDesktop\mealbarn\src\ODB\Account.odb' is opened by 4860@DESKTOP-FUGN7L0

[2017-11-14 08:10:27 #2 store] 
Configuration path: ?

[2017-11-14 08:10:28 #3 type] 
Type ooad.Account is not enhanced.

[2017-11-14 08:10:28 #4 type] 
Type ooad.Food is not enhanced.

[2017-11-14 08:10:28 #5 store] 
Database 'D:\now\AppDesktop\mealbarn\src\ODB\Account.odb' is closed by 4860@DESKTOP-FUGN7L0

[2017-11-14 08:10:29 #6 store] 
Database 'D:\now\AppDesktop\mealbarn\src\ODB\Food.odb' is opened by 4860@DESKTOP-FUGN7L0

[2017-11-14 08:10:29 #7 store] 
Configuration path: ?

[2017-11-14 08:10:29 #8 store] 
Database 'D:\now\AppDesktop\mealbarn\src\ODB\Food.odb' is closed by 4860@DESKTOP-FUGN7L0

[2017-11-14 08:10:29 #9 store] 
Database 'D:\now\AppDesktop\mealbarn\src\ODB\Component.odb' is opened by 4860@DESKTOP-FUGN7L0

[2017-11-14 08:10:29 #10 store] 
Configuration path: ?

[2017-11-14 08:10:29 #11 type] 
Type ooad.Component is not enhanced.

[2017-11-14 08:10:29 #12 store] 
Database 'D:\now\AppDesktop\mealbarn\src\ODB\Component.odb' is closed by 4860@DESKTOP-FUGN7L0

------------------------------------------------------------------------------------------------------------------------

[2017-11-14 08:10:54 #1 store] 
Database 'D:\now\AppDesktop\mealbarn\src\ODB\Account.odb' is opened by 6956@DESKTOP-FUGN7L0

[2017-11-14 08:10:54 #2 store] 
Configuration path: ?

[2017-11-14 08:10:55 #3 type] 
Type ooad.Account is not enhanced.

[2017-11-14 08:10:55 #4 type] 
Type ooad.Food is not enhanced.

[2017-11-14 08:10:55 #5 store] 
Database 'D:\now\AppDesktop\mealbarn\src\ODB\Account.odb' is closed by 6956@DESKTOP-FUGN7L0

[2017-11-14 08:10:55 #6 store] 
Database 'D:\now\AppDesktop\mealbarn\src\ODB\Food.odb' is opened by 6956@DESKTOP-FUGN7L0

[2017-11-14 08:10:55 #7 store] 
Configuration path: ?

[2017-11-14 08:10:55 #8 store] 
Database 'D:\now\AppDesktop\mealbarn\src\ODB\Food.odb' is closed by 6956@DESKTOP-FUGN7L0

[2017-11-14 08:10:56 #9 store] 
Database 'D:\now\AppDesktop\mealbarn\src\ODB\Component.odb' is opened by 6956@DESKTOP-FUGN7L0

[2017-11-14 08:10:56 #10 store] 
Configuration path: ?

[2017-11-14 08:10:56 #11 type] 
Type ooad.Component is not enhanced.

[2017-11-14 08:10:56 #12 store] 
Database 'D:\now\AppDesktop\mealbarn\src\ODB\Component.odb' is closed by 6956@DESKTOP-FUGN7L0

------------------------------------------------------------------------------------------------------------------------

[2017-11-14 08:12:09 #1 store] 
Database 'D:\now\AppDesktop\mealbarn\src\ODB\Account.odb' is opened by 7700@DESKTOP-FUGN7L0

[2017-11-14 08:12:09 #2 store] 
Configuration path: ?

[2017-11-14 08:12:09 #3 type] 
Type ooad.Account is not enhanced.

[2017-11-14 08:12:09 #4 type] 
Type ooad.Food is not enhanced.

[2017-11-14 08:12:09 #5 store] 
Database 'D:\now\AppDesktop\mealbarn\src\ODB\Account.odb' is closed by 7700@DESKTOP-FUGN7L0

[2017-11-14 08:12:10 #6 store] 
Database 'D:\now\AppDesktop\mealbarn\src\ODB\Food.odb' is opened by 7700@DESKTOP-FUGN7L0

[2017-11-14 08:12:10 #7 store] 
Configuration path: ?

[2017-11-14 08:12:10 #8 store] 
Database 'D:\now\AppDesktop\mealbarn\src\ODB\Food.odb' is closed by 7700@DESKTOP-FUGN7L0

[2017-11-14 08:12:10 #9 store] 
Database 'D:\now\AppDesktop\mealbarn\src\ODB\Component.odb' is opened by 7700@DESKTOP-FUGN7L0

[2017-11-14 08:12:10 #10 store] 
Configuration path: ?

[2017-11-14 08:12:10 #11 type] 
Type ooad.Component is not enhanced.

[2017-11-14 08:12:10 #12 store] 
Database 'D:\now\AppDesktop\mealbarn\src\ODB\Component.odb' is closed by 7700@DESKTOP-FUGN7L0

------------------------------------------------------------------------------------------------------------------------

[2017-11-14 08:13:11 #1 store] 
Database 'D:\now\AppDesktop\mealbarn\src\ODB\Account.odb' is opened by 13648@DESKTOP-FUGN7L0

[2017-11-14 08:13:11 #2 store] 
Configuration path: ?

[2017-11-14 08:13:11 #3 type] 
Type ooad.Account is not enhanced.

[2017-11-14 08:13:11 #4 type] 
Type ooad.Food is not enhanced.

[2017-11-14 08:13:11 #5 store] 
Database 'D:\now\AppDesktop\mealbarn\src\ODB\Account.odb' is closed by 13648@DESKTOP-FUGN7L0

[2017-11-14 08:13:12 #6 store] 
Database 'D:\now\AppDesktop\mealbarn\src\ODB\Food.odb' is opened by 13648@DESKTOP-FUGN7L0

[2017-11-14 08:13:12 #7 store] 
Configuration path: ?

[2017-11-14 08:13:12 #8 store] 
Database 'D:\now\AppDesktop\mealbarn\src\ODB\Food.odb' is closed by 13648@DESKTOP-FUGN7L0

[2017-11-14 08:13:12 #9 store] 
Database 'D:\now\AppDesktop\mealbarn\src\ODB\Component.odb' is opened by 13648@DESKTOP-FUGN7L0

[2017-11-14 08:13:12 #10 store] 
Configuration path: ?

[2017-11-14 08:13:12 #11 type] 
Type ooad.Component is not enhanced.

[2017-11-14 08:13:12 #12 store] 
Database 'D:\now\AppDesktop\mealbarn\src\ODB\Component.odb' is closed by 13648@DESKTOP-FUGN7L0

------------------------------------------------------------------------------------------------------------------------

[2017-11-14 08:22:11 #1 store] 
Database 'D:\now\AppDesktop\mealbarn\src\ODB\Account.odb' is opened by 2820@DESKTOP-FUGN7L0

[2017-11-14 08:22:11 #2 store] 
Configuration path: ?

[2017-11-14 08:22:11 #3 type] 
Type ooad.Account is not enhanced.

[2017-11-14 08:22:11 #4 type] 
Type ooad.Food is not enhanced.

[2017-11-14 08:22:11 #5 store] 
Database 'D:\now\AppDesktop\mealbarn\src\ODB\Account.odb' is closed by 2820@DESKTOP-FUGN7L0

[2017-11-14 08:22:12 #6 store] 
Database 'D:\now\AppDesktop\mealbarn\src\ODB\Food.odb' is opened by 2820@DESKTOP-FUGN7L0

[2017-11-14 08:22:12 #7 store] 
Configuration path: ?

[2017-11-14 08:22:12 #8 store] 
Database 'D:\now\AppDesktop\mealbarn\src\ODB\Food.odb' is closed by 2820@DESKTOP-FUGN7L0

[2017-11-14 08:22:12 #9 store] 
Database 'D:\now\AppDesktop\mealbarn\src\ODB\Component.odb' is opened by 2820@DESKTOP-FUGN7L0

[2017-11-14 08:22:12 #10 store] 
Configuration path: ?

[2017-11-14 08:22:12 #11 type] 
Type ooad.Component is not enhanced.

[2017-11-14 08:22:12 #12 store] 
Database 'D:\now\AppDesktop\mealbarn\src\ODB\Component.odb' is closed by 2820@DESKTOP-FUGN7L0

------------------------------------------------------------------------------------------------------------------------

[2017-11-14 08:34:28 #1 store] 
Database 'D:\now\AppDesktop\mealbarn\src\ODB\Account.odb' is opened by 14620@DESKTOP-FUGN7L0

[2017-11-14 08:34:28 #2 store] 
Configuration path: ?

[2017-11-14 08:34:29 #3 type] 
Type ooad.Account is not enhanced.

[2017-11-14 08:34:29 #4 type] 
Type ooad.Food is not enhanced.

[2017-11-14 08:34:29 #5 store] 
Database 'D:\now\AppDesktop\mealbarn\src\ODB\Account.odb' is closed by 14620@DESKTOP-FUGN7L0

[2017-11-14 08:34:29 #6 store] 
Database 'D:\now\AppDesktop\mealbarn\src\ODB\Food.odb' is opened by 14620@DESKTOP-FUGN7L0

[2017-11-14 08:34:29 #7 store] 
Configuration path: ?

[2017-11-14 08:34:29 #8 store] 
Database 'D:\now\AppDesktop\mealbarn\src\ODB\Food.odb' is closed by 14620@DESKTOP-FUGN7L0

[2017-11-14 08:34:29 #9 store] 
Database 'D:\now\AppDesktop\mealbarn\src\ODB\Component.odb' is opened by 14620@DESKTOP-FUGN7L0

[2017-11-14 08:34:29 #10 store] 
Configuration path: ?

[2017-11-14 08:34:29 #11 type] 
Type ooad.Component is not enhanced.

[2017-11-14 08:34:29 #12 store] 
Database 'D:\now\AppDesktop\mealbarn\src\ODB\Component.odb' is closed by 14620@DESKTOP-FUGN7L0

------------------------------------------------------------------------------------------------------------------------

[2017-11-14 08:38:12 #1 store] 
Database 'D:\now\AppDesktop\mealbarn\src\ODB\Account.odb' is opened by 7816@DESKTOP-FUGN7L0

[2017-11-14 08:38:12 #2 store] 
Configuration path: ?

[2017-11-14 08:38:13 #3 type] 
Type ooad.Account is not enhanced.

[2017-11-14 08:38:13 #4 type] 
Type ooad.Food is not enhanced.

[2017-11-14 08:38:13 #5 store] 
Database 'D:\now\AppDesktop\mealbarn\src\ODB\Account.odb' is closed by 7816@DESKTOP-FUGN7L0

[2017-11-14 08:38:13 #6 store] 
Database 'D:\now\AppDesktop\mealbarn\src\ODB\Food.odb' is opened by 7816@DESKTOP-FUGN7L0

[2017-11-14 08:38:13 #7 store] 
Configuration path: ?

[2017-11-14 08:38:13 #8 store] 
Database 'D:\now\AppDesktop\mealbarn\src\ODB\Food.odb' is closed by 7816@DESKTOP-FUGN7L0

[2017-11-14 08:38:14 #9 store] 
Database 'D:\now\AppDesktop\mealbarn\src\ODB\Component.odb' is opened by 7816@DESKTOP-FUGN7L0

[2017-11-14 08:38:14 #10 store] 
Configuration path: ?

[2017-11-14 08:38:14 #11 type] 
Type ooad.Component is not enhanced.

[2017-11-14 08:38:14 #12 store] 
Database 'D:\now\AppDesktop\mealbarn\src\ODB\Component.odb' is closed by 7816@DESKTOP-FUGN7L0

------------------------------------------------------------------------------------------------------------------------

[2017-11-14 09:00:10 #1 store] 
Database 'D:\now\AppDesktop\mealbarn\src\ODB\Account.odb' is opened by 16700@DESKTOP-FUGN7L0

[2017-11-14 09:00:10 #2 store] 
Configuration path: ?

[2017-11-14 09:00:11 #3 type] 
Type ooad.Account is not enhanced.

[2017-11-14 09:00:11 #4 type] 
Type ooad.Food is not enhanced.

[2017-11-14 09:00:11 #5 store] 
Database 'D:\now\AppDesktop\mealbarn\src\ODB\Account.odb' is closed by 16700@DESKTOP-FUGN7L0

[2017-11-14 09:00:12 #6 store] 
Database 'D:\now\AppDesktop\mealbarn\src\ODB\Food.odb' is opened by 16700@DESKTOP-FUGN7L0

[2017-11-14 09:00:12 #7 store] 
Configuration path: ?

[2017-11-14 09:00:12 #8 store] 
Database 'D:\now\AppDesktop\mealbarn\src\ODB\Food.odb' is closed by 16700@DESKTOP-FUGN7L0

[2017-11-14 09:00:12 #9 store] 
Database 'D:\now\AppDesktop\mealbarn\src\ODB\Component.odb' is opened by 16700@DESKTOP-FUGN7L0

[2017-11-14 09:00:12 #10 store] 
Configuration path: ?

[2017-11-14 09:00:12 #11 type] 
Type ooad.Component is not enhanced.

[2017-11-14 09:00:12 #12 store] 
Database 'D:\now\AppDesktop\mealbarn\src\ODB\Component.odb' is closed by 16700@DESKTOP-FUGN7L0

------------------------------------------------------------------------------------------------------------------------

[2017-11-14 09:17:05 #1 store] 
Database 'D:\now\AppDesktop\mealbarn\src\ODB\Account.odb' is opened by 11280@DESKTOP-FUGN7L0

[2017-11-14 09:17:05 #2 store] 
Configuration path: ?

[2017-11-14 09:17:05 #3 type] 
Type ooad.Account is not enhanced.

[2017-11-14 09:17:05 #4 type] 
Type ooad.Food is not enhanced.

[2017-11-14 09:17:05 #5 store] 
Database 'D:\now\AppDesktop\mealbarn\src\ODB\Account.odb' is closed by 11280@DESKTOP-FUGN7L0

[2017-11-14 09:17:05 #6 store] 
Database 'D:\now\AppDesktop\mealbarn\src\ODB\Food.odb' is opened by 11280@DESKTOP-FUGN7L0

[2017-11-14 09:17:05 #7 store] 
Configuration path: ?

[2017-11-14 09:17:06 #8 store] 
Database 'D:\now\AppDesktop\mealbarn\src\ODB\Food.odb' is closed by 11280@DESKTOP-FUGN7L0

[2017-11-14 09:17:06 #9 store] 
Database 'D:\now\AppDesktop\mealbarn\src\ODB\Component.odb' is opened by 11280@DESKTOP-FUGN7L0

[2017-11-14 09:17:06 #10 store] 
Configuration path: ?

[2017-11-14 09:17:06 #11 type] 
Type ooad.Component is not enhanced.

[2017-11-14 09:17:06 #12 store] 
Database 'D:\now\AppDesktop\mealbarn\src\ODB\Component.odb' is closed by 11280@DESKTOP-FUGN7L0

------------------------------------------------------------------------------------------------------------------------

[2017-11-14 09:31:30 #1 store] 
Database 'D:\now\AppDesktop\mealbarn\src\ODB\Account.odb' is opened by 4992@DESKTOP-FUGN7L0

[2017-11-14 09:31:30 #2 store] 
Configuration path: ?

[2017-11-14 09:31:30 #3 type] 
Type ooad.Account is not enhanced.

[2017-11-14 09:31:30 #4 type] 
Type ooad.Food is not enhanced.

[2017-11-14 09:31:30 #5 store] 
Database 'D:\now\AppDesktop\mealbarn\src\ODB\Account.odb' is closed by 4992@DESKTOP-FUGN7L0

[2017-11-14 09:31:30 #6 store] 
Database 'D:\now\AppDesktop\mealbarn\src\ODB\Food.odb' is opened by 4992@DESKTOP-FUGN7L0

[2017-11-14 09:31:30 #7 store] 
Configuration path: ?

[2017-11-14 09:31:30 #8 store] 
Database 'D:\now\AppDesktop\mealbarn\src\ODB\Food.odb' is closed by 4992@DESKTOP-FUGN7L0

[2017-11-14 09:31:31 #9 store] 
Database 'D:\now\AppDesktop\mealbarn\src\ODB\Component.odb' is opened by 4992@DESKTOP-FUGN7L0

[2017-11-14 09:31:31 #10 store] 
Configuration path: ?

[2017-11-14 09:31:31 #11 type] 
Type ooad.Component is not enhanced.

[2017-11-14 09:31:31 #12 store] 
Database 'D:\now\AppDesktop\mealbarn\src\ODB\Component.odb' is closed by 4992@DESKTOP-FUGN7L0

------------------------------------------------------------------------------------------------------------------------

[2017-11-14 09:49:47 #1 store] 
Database 'D:\now\AppDesktop\mealbarn\src\ODB\Account.odb' is opened by 6712@DESKTOP-FUGN7L0

[2017-11-14 09:49:47 #2 store] 
Configuration path: ?

[2017-11-14 09:49:47 #3 type] 
Type ooad.Account is not enhanced.

[2017-11-14 09:49:47 #4 type] 
Type ooad.Food is not enhanced.

[2017-11-14 09:49:47 #5 store] 
Database 'D:\now\AppDesktop\mealbarn\src\ODB\Account.odb' is closed by 6712@DESKTOP-FUGN7L0

[2017-11-14 09:49:47 #6 store] 
Database 'D:\now\AppDesktop\mealbarn\src\ODB\Food.odb' is opened by 6712@DESKTOP-FUGN7L0

[2017-11-14 09:49:47 #7 store] 
Configuration path: ?

[2017-11-14 09:49:47 #8 store] 
Database 'D:\now\AppDesktop\mealbarn\src\ODB\Food.odb' is closed by 6712@DESKTOP-FUGN7L0

[2017-11-14 09:49:48 #9 store] 
Database 'D:\now\AppDesktop\mealbarn\src\ODB\Component.odb' is opened by 6712@DESKTOP-FUGN7L0

[2017-11-14 09:49:48 #10 store] 
Configuration path: ?

[2017-11-14 09:49:48 #11 type] 
Type ooad.Component is not enhanced.

[2017-11-14 09:49:48 #12 store] 
Database 'D:\now\AppDesktop\mealbarn\src\ODB\Component.odb' is closed by 6712@DESKTOP-FUGN7L0

