------------------------------------------------------------------------------------------------------------------------

[2017-11-20 12:33:05 #1 store] 
Database '/Users/sutarat/Documents/GitHub/AppDesktop/mealbarn/src/ODB/Account.odb' is opened by 2495@sutarats-MacBook-Air.local

[2017-11-20 12:33:05 #2 store] 
Configuration path: ?

[2017-11-20 12:33:05 #3 type] 
Type ooad.Account is not enhanced.

[2017-11-20 12:33:05 #4 type] 
Type ooad.Food is not enhanced.

[2017-11-20 12:33:05 #5 store] 
Database '/Users/sutarat/Documents/GitHub/AppDesktop/mealbarn/src/ODB/Account.odb' is closed by 2495@sutarats-MacBook-Air.local

[2017-11-20 12:33:05 #6 store] 
Database '/Users/sutarat/Documents/GitHub/AppDesktop/mealbarn/src/ODB/Food.odb' is opened by 2495@sutarats-MacBook-Air.local

[2017-11-20 12:33:05 #7 store] 
Configuration path: ?

[2017-11-20 12:33:05 #8 store] 
Database '/Users/sutarat/Documents/GitHub/AppDesktop/mealbarn/src/ODB/Food.odb' is closed by 2495@sutarats-MacBook-Air.local

[2017-11-20 12:33:05 #9 store] 
Database '/Users/sutarat/Documents/GitHub/AppDesktop/mealbarn/src/ODB/Component.odb' is opened by 2495@sutarats-MacBook-Air.local

[2017-11-20 12:33:05 #10 store] 
Configuration path: ?

[2017-11-20 12:33:05 #11 type] 
Type ooad.Component is not enhanced.

[2017-11-20 12:33:05 #12 store] 
Database '/Users/sutarat/Documents/GitHub/AppDesktop/mealbarn/src/ODB/Component.odb' is closed by 2495@sutarats-MacBook-Air.local

------------------------------------------------------------------------------------------------------------------------

[2017-11-20 12:33:34 #1 store] 
Database '/Users/sutarat/Documents/GitHub/AppDesktop/mealbarn/src/ODB/Account.odb' is opened by 2505@sutarats-MacBook-Air.local

[2017-11-20 12:33:34 #2 store] 
Configuration path: ?

[2017-11-20 12:33:34 #3 type] 
Type ooad.Account is not enhanced.

[2017-11-20 12:33:34 #4 type] 
Type ooad.Food is not enhanced.

[2017-11-20 12:33:34 #5 store] 
Database '/Users/sutarat/Documents/GitHub/AppDesktop/mealbarn/src/ODB/Account.odb' is closed by 2505@sutarats-MacBook-Air.local

[2017-11-20 12:33:34 #6 store] 
Database '/Users/sutarat/Documents/GitHub/AppDesktop/mealbarn/src/ODB/Food.odb' is opened by 2505@sutarats-MacBook-Air.local

[2017-11-20 12:33:34 #7 store] 
Configuration path: ?

[2017-11-20 12:33:34 #8 store] 
Database '/Users/sutarat/Documents/GitHub/AppDesktop/mealbarn/src/ODB/Food.odb' is closed by 2505@sutarats-MacBook-Air.local

[2017-11-20 12:33:34 #9 store] 
Database '/Users/sutarat/Documents/GitHub/AppDesktop/mealbarn/src/ODB/Component.odb' is opened by 2505@sutarats-MacBook-Air.local

[2017-11-20 12:33:34 #10 store] 
Configuration path: ?

[2017-11-20 12:33:34 #11 type] 
Type ooad.Component is not enhanced.

[2017-11-20 12:33:34 #12 store] 
Database '/Users/sutarat/Documents/GitHub/AppDesktop/mealbarn/src/ODB/Component.odb' is closed by 2505@sutarats-MacBook-Air.local

