------------------------------------------------------------------------------------------------------------------------

[2017-11-18 10:25:43 #1 store] 
Database '/Users/sutarat/Documents/GitHub/AppDesktop/mealbarn/src/ODB/Account.odb' is opened by 66729@sutarats-MacBook-Air.local

[2017-11-18 10:25:43 #2 store] 
Configuration path: ?

[2017-11-18 10:25:43 #3 type] 
Type ooad.Account is not enhanced.

[2017-11-18 10:25:43 #4 type] 
Type ooad.Food is not enhanced.

[2017-11-18 10:25:43 #5 store] 
Database '/Users/sutarat/Documents/GitHub/AppDesktop/mealbarn/src/ODB/Account.odb' is closed by 66729@sutarats-MacBook-Air.local

[2017-11-18 10:25:43 #6 store] 
Database '/Users/sutarat/Documents/GitHub/AppDesktop/mealbarn/src/ODB/Food.odb' is opened by 66729@sutarats-MacBook-Air.local

[2017-11-18 10:25:43 #7 store] 
Configuration path: ?

[2017-11-18 10:25:43 #8 store] 
Database '/Users/sutarat/Documents/GitHub/AppDesktop/mealbarn/src/ODB/Food.odb' is closed by 66729@sutarats-MacBook-Air.local

[2017-11-18 10:25:43 #9 store] 
Database '/Users/sutarat/Documents/GitHub/AppDesktop/mealbarn/src/ODB/Component.odb' is opened by 66729@sutarats-MacBook-Air.local

[2017-11-18 10:25:43 #10 store] 
Configuration path: ?

[2017-11-18 10:25:43 #11 type] 
Type ooad.Component is not enhanced.

[2017-11-18 10:25:43 #12 store] 
Database '/Users/sutarat/Documents/GitHub/AppDesktop/mealbarn/src/ODB/Component.odb' is closed by 66729@sutarats-MacBook-Air.local

------------------------------------------------------------------------------------------------------------------------

[2017-11-18 10:33:26 #1 store] 
Database '/Users/sutarat/Documents/GitHub/AppDesktop/mealbarn/src/ODB/Account.odb' is opened by 66785@sutarats-MacBook-Air.local

[2017-11-18 10:33:26 #2 store] 
Configuration path: ?

[2017-11-18 10:33:26 #3 type] 
Type ooad.Account is not enhanced.

[2017-11-18 10:33:26 #4 type] 
Type ooad.Food is not enhanced.

[2017-11-18 10:33:26 #5 store] 
Database '/Users/sutarat/Documents/GitHub/AppDesktop/mealbarn/src/ODB/Account.odb' is closed by 66785@sutarats-MacBook-Air.local

[2017-11-18 10:33:26 #6 store] 
Database '/Users/sutarat/Documents/GitHub/AppDesktop/mealbarn/src/ODB/Food.odb' is opened by 66785@sutarats-MacBook-Air.local

[2017-11-18 10:33:26 #7 store] 
Configuration path: ?

[2017-11-18 10:33:26 #8 store] 
Database '/Users/sutarat/Documents/GitHub/AppDesktop/mealbarn/src/ODB/Food.odb' is closed by 66785@sutarats-MacBook-Air.local

[2017-11-18 10:33:26 #9 store] 
Database '/Users/sutarat/Documents/GitHub/AppDesktop/mealbarn/src/ODB/Component.odb' is opened by 66785@sutarats-MacBook-Air.local

[2017-11-18 10:33:26 #10 store] 
Configuration path: ?

[2017-11-18 10:33:26 #11 type] 
Type ooad.Component is not enhanced.

[2017-11-18 10:33:26 #12 store] 
Database '/Users/sutarat/Documents/GitHub/AppDesktop/mealbarn/src/ODB/Component.odb' is closed by 66785@sutarats-MacBook-Air.local

------------------------------------------------------------------------------------------------------------------------

[2017-11-18 10:34:10 #1 store] 
Database '/Users/sutarat/Documents/GitHub/AppDesktop/mealbarn/src/ODB/Account.odb' is opened by 66792@sutarats-MacBook-Air.local

[2017-11-18 10:34:10 #2 store] 
Configuration path: ?

[2017-11-18 10:34:10 #3 type] 
Type ooad.Account is not enhanced.

[2017-11-18 10:34:10 #4 type] 
Type ooad.Food is not enhanced.

[2017-11-18 10:34:11 #5 store] 
Database '/Users/sutarat/Documents/GitHub/AppDesktop/mealbarn/src/ODB/Account.odb' is closed by 66792@sutarats-MacBook-Air.local

[2017-11-18 10:34:11 #6 store] 
Database '/Users/sutarat/Documents/GitHub/AppDesktop/mealbarn/src/ODB/Food.odb' is opened by 66792@sutarats-MacBook-Air.local

[2017-11-18 10:34:11 #7 store] 
Configuration path: ?

[2017-11-18 10:34:11 #8 store] 
Database '/Users/sutarat/Documents/GitHub/AppDesktop/mealbarn/src/ODB/Food.odb' is closed by 66792@sutarats-MacBook-Air.local

[2017-11-18 10:34:11 #9 store] 
Database '/Users/sutarat/Documents/GitHub/AppDesktop/mealbarn/src/ODB/Component.odb' is opened by 66792@sutarats-MacBook-Air.local

[2017-11-18 10:34:11 #10 store] 
Configuration path: ?

[2017-11-18 10:34:11 #11 type] 
Type ooad.Component is not enhanced.

[2017-11-18 10:34:11 #12 store] 
Database '/Users/sutarat/Documents/GitHub/AppDesktop/mealbarn/src/ODB/Component.odb' is closed by 66792@sutarats-MacBook-Air.local

