------------------------------------------------------------------------------------------------------------------------

[2017-11-25 11:10:29 #1 store] 
Database 'D:\New folder (3)\AppDesktop\mealbarn\src\ODB\Food.odb' is opened by 3340@DESKTOP-FUGN7L0

[2017-11-25 11:10:29 #2 store] 
Configuration path: ?

[2017-11-25 11:10:30 #3 type] 
Type ooad.Food is not enhanced.

[2017-11-25 11:10:31 #4 store] 
Database 'D:\New folder (3)\AppDesktop\mealbarn\src\ODB\Food.odb' is closed by 3340@DESKTOP-FUGN7L0

[2017-11-25 11:10:31 #5 store] 
Database 'D:\New folder (3)\AppDesktop\mealbarn\src\ODB\ImageSize.odb' is opened by 3340@DESKTOP-FUGN7L0

[2017-11-25 11:10:31 #6 store] 
Configuration path: ?

[2017-11-25 11:10:31 #7 type] 
Type ooad.ImageSize is not enhanced.

[2017-11-25 11:10:31 #8 store] 
Database 'D:\New folder (3)\AppDesktop\mealbarn\src\ODB\ImageSize.odb' is closed by 3340@DESKTOP-FUGN7L0

[2017-11-25 11:10:32 #9 store] 
Database 'D:\New folder (3)\AppDesktop\mealbarn\src\ODB\Component.odb' is opened by 3340@DESKTOP-FUGN7L0

[2017-11-25 11:10:32 #10 store] 
Configuration path: ?

[2017-11-25 11:10:32 #11 type] 
Type ooad.Component is not enhanced.

[2017-11-25 11:10:32 #12 store] 
Database 'D:\New folder (3)\AppDesktop\mealbarn\src\ODB\Component.odb' is closed by 3340@DESKTOP-FUGN7L0

[2017-11-25 11:10:33 #13 store] 
Database 'D:\New folder (3)\AppDesktop\mealbarn\src\ODB\Account.odb' is opened by 3340@DESKTOP-FUGN7L0

[2017-11-25 11:10:33 #14 store] 
Configuration path: ?

[2017-11-25 11:10:33 #15 type] 
Type ooad.Account is not enhanced.

[2017-11-25 11:10:33 #16 store] 
Database 'D:\New folder (3)\AppDesktop\mealbarn\src\ODB\Account.odb' is closed by 3340@DESKTOP-FUGN7L0

[2017-11-25 11:11:08 #17 store] 
Database 'D:\New folder (3)\AppDesktop\mealbarn\src\ODB\PointDetail.odb' is opened by 3340@DESKTOP-FUGN7L0

[2017-11-25 11:11:08 #18 store] 
Configuration path: ?

[2017-11-25 11:11:08 #19 type] 
Type ooad.PointDetail is not enhanced.

[2017-11-25 11:11:08 #20 store] 
Database 'D:\New folder (3)\AppDesktop\mealbarn\src\ODB\PointDetail.odb' is closed by 3340@DESKTOP-FUGN7L0

[2017-11-25 11:11:30 #21 store] 
Database 'D:\New folder (3)\AppDesktop\mealbarn\src\ODB\PointDetail.odb' is opened by 3340@DESKTOP-FUGN7L0

[2017-11-25 11:11:30 #22 store] 
Configuration path: ?

[2017-11-25 11:11:30 #23 store] 
Database 'D:\New folder (3)\AppDesktop\mealbarn\src\ODB\PointDetail.odb' is closed by 3340@DESKTOP-FUGN7L0

[2017-11-25 11:12:04 #24 store] 
Database 'D:\New folder (3)\AppDesktop\mealbarn\src\ODB\PointDetail.odb' is opened by 3340@DESKTOP-FUGN7L0

[2017-11-25 11:12:04 #25 store] 
Configuration path: ?

[2017-11-25 11:12:04 #26 store] 
Database 'D:\New folder (3)\AppDesktop\mealbarn\src\ODB\PointDetail.odb' is closed by 3340@DESKTOP-FUGN7L0

------------------------------------------------------------------------------------------------------------------------

[2017-11-25 11:15:44 #1 store] 
Database 'D:\New folder (3)\AppDesktop\mealbarn\src\ODB\Food.odb' is opened by 19484@DESKTOP-FUGN7L0

[2017-11-25 11:15:44 #2 store] 
Configuration path: ?

[2017-11-25 11:15:44 #3 type] 
Type ooad.Food is not enhanced.

[2017-11-25 11:15:45 #4 store] 
Database 'D:\New folder (3)\AppDesktop\mealbarn\src\ODB\Food.odb' is closed by 19484@DESKTOP-FUGN7L0

[2017-11-25 11:15:45 #5 store] 
Database 'D:\New folder (3)\AppDesktop\mealbarn\src\ODB\ImageSize.odb' is opened by 19484@DESKTOP-FUGN7L0

[2017-11-25 11:15:45 #6 store] 
Configuration path: ?

[2017-11-25 11:15:45 #7 type] 
Type ooad.ImageSize is not enhanced.

[2017-11-25 11:15:45 #8 store] 
Database 'D:\New folder (3)\AppDesktop\mealbarn\src\ODB\ImageSize.odb' is closed by 19484@DESKTOP-FUGN7L0

[2017-11-25 11:15:45 #9 store] 
Database 'D:\New folder (3)\AppDesktop\mealbarn\src\ODB\Component.odb' is opened by 19484@DESKTOP-FUGN7L0

[2017-11-25 11:15:45 #10 store] 
Configuration path: ?

[2017-11-25 11:15:45 #11 type] 
Type ooad.Component is not enhanced.

[2017-11-25 11:15:46 #12 store] 
Database 'D:\New folder (3)\AppDesktop\mealbarn\src\ODB\Component.odb' is closed by 19484@DESKTOP-FUGN7L0

[2017-11-25 11:15:46 #13 store] 
Database 'D:\New folder (3)\AppDesktop\mealbarn\src\ODB\Account.odb' is opened by 19484@DESKTOP-FUGN7L0

[2017-11-25 11:15:46 #14 store] 
Configuration path: ?

[2017-11-25 11:15:46 #15 type] 
Type ooad.Account is not enhanced.

[2017-11-25 11:15:46 #16 store] 
Database 'D:\New folder (3)\AppDesktop\mealbarn\src\ODB\Account.odb' is closed by 19484@DESKTOP-FUGN7L0

[2017-11-25 11:16:00 #17 store] 
Database 'D:\New folder (3)\AppDesktop\mealbarn\src\ODB\PointDetail.odb' is opened by 19484@DESKTOP-FUGN7L0

[2017-11-25 11:16:00 #18 store] 
Configuration path: ?

[2017-11-25 11:16:00 #19 type] 
Type ooad.PointDetail is not enhanced.

[2017-11-25 11:16:00 #20 store] 
Database 'D:\New folder (3)\AppDesktop\mealbarn\src\ODB\PointDetail.odb' is closed by 19484@DESKTOP-FUGN7L0

[2017-11-25 11:16:03 #21 store] 
Database 'D:\New folder (3)\AppDesktop\mealbarn\src\ODB\PointDetail.odb' is opened by 19484@DESKTOP-FUGN7L0

[2017-11-25 11:16:03 #22 store] 
Configuration path: ?

[2017-11-25 11:16:03 #23 store] 
Database 'D:\New folder (3)\AppDesktop\mealbarn\src\ODB\PointDetail.odb' is closed by 19484@DESKTOP-FUGN7L0

------------------------------------------------------------------------------------------------------------------------

[2017-11-25 11:18:31 #1 store] 
Database 'D:\New folder (3)\AppDesktop\mealbarn\src\ODB\Food.odb' is opened by 25176@DESKTOP-FUGN7L0

[2017-11-25 11:18:31 #2 store] 
Configuration path: ?

[2017-11-25 11:18:31 #3 type] 
Type ooad.Food is not enhanced.

[2017-11-25 11:18:31 #4 store] 
Database 'D:\New folder (3)\AppDesktop\mealbarn\src\ODB\Food.odb' is closed by 25176@DESKTOP-FUGN7L0

[2017-11-25 11:18:32 #5 store] 
Database 'D:\New folder (3)\AppDesktop\mealbarn\src\ODB\ImageSize.odb' is opened by 25176@DESKTOP-FUGN7L0

[2017-11-25 11:18:32 #6 store] 
Configuration path: ?

[2017-11-25 11:18:32 #7 type] 
Type ooad.ImageSize is not enhanced.

[2017-11-25 11:18:32 #8 store] 
Database 'D:\New folder (3)\AppDesktop\mealbarn\src\ODB\ImageSize.odb' is closed by 25176@DESKTOP-FUGN7L0

[2017-11-25 11:18:32 #9 store] 
Database 'D:\New folder (3)\AppDesktop\mealbarn\src\ODB\Component.odb' is opened by 25176@DESKTOP-FUGN7L0

[2017-11-25 11:18:32 #10 store] 
Configuration path: ?

[2017-11-25 11:18:32 #11 type] 
Type ooad.Component is not enhanced.

[2017-11-25 11:18:32 #12 store] 
Database 'D:\New folder (3)\AppDesktop\mealbarn\src\ODB\Component.odb' is closed by 25176@DESKTOP-FUGN7L0

[2017-11-25 11:18:32 #13 store] 
Database 'D:\New folder (3)\AppDesktop\mealbarn\src\ODB\Account.odb' is opened by 25176@DESKTOP-FUGN7L0

[2017-11-25 11:18:32 #14 store] 
Configuration path: ?

[2017-11-25 11:18:32 #15 type] 
Type ooad.Account is not enhanced.

[2017-11-25 11:18:32 #16 store] 
Database 'D:\New folder (3)\AppDesktop\mealbarn\src\ODB\Account.odb' is closed by 25176@DESKTOP-FUGN7L0

------------------------------------------------------------------------------------------------------------------------

[2017-11-25 11:22:25 #1 store] 
Database 'D:\New folder (3)\AppDesktop\mealbarn\src\ODB\Food.odb' is opened by 18752@DESKTOP-FUGN7L0

[2017-11-25 11:22:25 #2 store] 
Configuration path: ?

[2017-11-25 11:22:25 #3 type] 
Type ooad.Food is not enhanced.

[2017-11-25 11:22:26 #4 store] 
Database 'D:\New folder (3)\AppDesktop\mealbarn\src\ODB\Food.odb' is closed by 18752@DESKTOP-FUGN7L0

[2017-11-25 11:22:26 #5 store] 
Database 'D:\New folder (3)\AppDesktop\mealbarn\src\ODB\ImageSize.odb' is opened by 18752@DESKTOP-FUGN7L0

[2017-11-25 11:22:26 #6 store] 
Configuration path: ?

[2017-11-25 11:22:26 #7 type] 
Type ooad.ImageSize is not enhanced.

[2017-11-25 11:22:26 #8 store] 
Database 'D:\New folder (3)\AppDesktop\mealbarn\src\ODB\ImageSize.odb' is closed by 18752@DESKTOP-FUGN7L0

[2017-11-25 11:22:26 #9 store] 
Database 'D:\New folder (3)\AppDesktop\mealbarn\src\ODB\Component.odb' is opened by 18752@DESKTOP-FUGN7L0

[2017-11-25 11:22:26 #10 store] 
Configuration path: ?

[2017-11-25 11:22:26 #11 type] 
Type ooad.Component is not enhanced.

[2017-11-25 11:22:27 #12 store] 
Database 'D:\New folder (3)\AppDesktop\mealbarn\src\ODB\Component.odb' is closed by 18752@DESKTOP-FUGN7L0

[2017-11-25 11:22:27 #13 store] 
Database 'D:\New folder (3)\AppDesktop\mealbarn\src\ODB\Account.odb' is opened by 18752@DESKTOP-FUGN7L0

[2017-11-25 11:22:27 #14 store] 
Configuration path: ?

[2017-11-25 11:22:27 #15 type] 
Type ooad.Account is not enhanced.

[2017-11-25 11:22:27 #16 store] 
Database 'D:\New folder (3)\AppDesktop\mealbarn\src\ODB\Account.odb' is closed by 18752@DESKTOP-FUGN7L0

[2017-11-25 11:22:38 #17 store] 
Database 'D:\New folder (3)\AppDesktop\mealbarn\src\ODB\PointDetail.odb' is opened by 18752@DESKTOP-FUGN7L0

[2017-11-25 11:22:38 #18 store] 
Configuration path: ?

[2017-11-25 11:22:38 #19 type] 
Type ooad.PointDetail is not enhanced.

[2017-11-25 11:22:38 #20 store] 
Database 'D:\New folder (3)\AppDesktop\mealbarn\src\ODB\PointDetail.odb' is closed by 18752@DESKTOP-FUGN7L0

