------------------------------------------------------------------------------------------------------------------------

[2017-12-07 11:46:50 #1 type] 
Type ooad.Food is not enhanced.

[2017-12-07 11:46:51 #2 type] 
Type ooad.ImageSize is not enhanced.

[2017-12-07 11:46:52 #3 type] 
Type ooad.Component is not enhanced.

[2017-12-07 11:46:52 #4 type] 
Type ooad.Account is not enhanced.

[2017-12-07 11:47:24 #5 type] 
Type ooad.PointDetail is not enhanced.

------------------------------------------------------------------------------------------------------------------------

[2017-12-07 11:48:47 #1 type] 
Type ooad.Food is not enhanced.

[2017-12-07 11:48:48 #2 type] 
Type ooad.ImageSize is not enhanced.

[2017-12-07 11:48:48 #3 type] 
Type ooad.Component is not enhanced.

[2017-12-07 11:48:49 #4 type] 
Type ooad.Account is not enhanced.

[2017-12-07 11:49:11 #5 type] 
Type ooad.PointDetail is not enhanced.

------------------------------------------------------------------------------------------------------------------------

[2017-12-07 12:26:47 #1 type] 
Type ooad.Food is not enhanced.

[2017-12-07 12:26:48 #2 type] 
Type ooad.ImageSize is not enhanced.

[2017-12-07 12:26:49 #3 type] 
Type ooad.Component is not enhanced.

[2017-12-07 12:26:50 #4 type] 
Type ooad.Account is not enhanced.

[2017-12-07 12:27:05 #5 type] 
Type ooad.PointDetail is not enhanced.

------------------------------------------------------------------------------------------------------------------------

[2017-12-07 13:02:18 #1 type] 
Type ooad.Food is not enhanced.

[2017-12-07 13:02:19 #2 type] 
Type ooad.ImageSize is not enhanced.

[2017-12-07 13:02:20 #3 type] 
Type ooad.Component is not enhanced.

[2017-12-07 13:02:20 #4 type] 
Type ooad.Account is not enhanced.

[2017-12-07 13:02:36 #5 type] 
Type ooad.PointDetail is not enhanced.

------------------------------------------------------------------------------------------------------------------------

[2017-12-07 13:05:18 #1 type] 
Type ooad.Food is not enhanced.

[2017-12-07 13:05:20 #2 type] 
Type ooad.ImageSize is not enhanced.

[2017-12-07 13:05:20 #3 type] 
Type ooad.Component is not enhanced.

[2017-12-07 13:05:21 #4 type] 
Type ooad.Account is not enhanced.

[2017-12-07 13:05:48 #5 type] 
Type ooad.PointDetail is not enhanced.

------------------------------------------------------------------------------------------------------------------------

[2017-12-07 13:09:16 #1 type] 
Type ooad.Food is not enhanced.

[2017-12-07 13:09:16 #2 type] 
Type ooad.ImageSize is not enhanced.

[2017-12-07 13:09:17 #3 type] 
Type ooad.Component is not enhanced.

[2017-12-07 13:09:17 #4 type] 
Type ooad.Account is not enhanced.

[2017-12-07 13:20:21 #5 type] 
Type ooad.PointDetail is not enhanced.

------------------------------------------------------------------------------------------------------------------------

[2017-12-07 13:22:54 #1 type] 
Type ooad.Food is not enhanced.

[2017-12-07 13:22:55 #2 type] 
Type ooad.ImageSize is not enhanced.

[2017-12-07 13:22:55 #3 type] 
Type ooad.Component is not enhanced.

[2017-12-07 13:22:56 #4 type] 
Type ooad.Account is not enhanced.

[2017-12-07 13:23:10 #5 type] 
Type ooad.PointDetail is not enhanced.

------------------------------------------------------------------------------------------------------------------------

[2017-12-07 13:25:14 #1 type] 
Type ooad.Food is not enhanced.

[2017-12-07 13:25:15 #2 type] 
Type ooad.ImageSize is not enhanced.

[2017-12-07 13:25:15 #3 type] 
Type ooad.Component is not enhanced.

[2017-12-07 13:25:16 #4 type] 
Type ooad.Account is not enhanced.

[2017-12-07 13:25:30 #5 type] 
Type ooad.PointDetail is not enhanced.

------------------------------------------------------------------------------------------------------------------------

[2017-12-07 13:26:51 #1 type] 
Type ooad.Food is not enhanced.

[2017-12-07 13:26:52 #2 type] 
Type ooad.ImageSize is not enhanced.

[2017-12-07 13:26:52 #3 type] 
Type ooad.Component is not enhanced.

[2017-12-07 13:26:53 #4 type] 
Type ooad.Account is not enhanced.

[2017-12-07 13:27:04 #5 type] 
Type ooad.PointDetail is not enhanced.

------------------------------------------------------------------------------------------------------------------------

[2017-12-07 13:29:08 #1 type] 
Type ooad.Food is not enhanced.

[2017-12-07 13:29:09 #2 type] 
Type ooad.ImageSize is not enhanced.

[2017-12-07 13:29:10 #3 type] 
Type ooad.Component is not enhanced.

[2017-12-07 13:29:10 #4 type] 
Type ooad.Account is not enhanced.

[2017-12-07 13:29:33 #5 type] 
Type ooad.PointDetail is not enhanced.

------------------------------------------------------------------------------------------------------------------------

[2017-12-07 13:42:22 #1 type] 
Type ooad.Food is not enhanced.

[2017-12-07 13:42:22 #2 type] 
Type ooad.ImageSize is not enhanced.

[2017-12-07 13:42:23 #3 type] 
Type ooad.Component is not enhanced.

[2017-12-07 13:42:24 #4 type] 
Type ooad.Account is not enhanced.

------------------------------------------------------------------------------------------------------------------------

[2017-12-07 13:59:30 #1 type] 
Type ooad.Food is not enhanced.

[2017-12-07 13:59:31 #2 type] 
Type ooad.ImageSize is not enhanced.

[2017-12-07 13:59:32 #3 type] 
Type ooad.Component is not enhanced.

[2017-12-07 13:59:33 #4 type] 
Type ooad.Account is not enhanced.

------------------------------------------------------------------------------------------------------------------------

[2017-12-07 14:00:23 #1 type] 
Type ooad.Food is not enhanced.

[2017-12-07 14:00:27 #2 type] 
Type ooad.ImageSize is not enhanced.

------------------------------------------------------------------------------------------------------------------------

[2017-12-07 14:02:36 #1 type] 
Type ooad.Food is not enhanced.

[2017-12-07 14:02:36 #2 type] 
Type ooad.ImageSize is not enhanced.

[2017-12-07 14:02:37 #3 type] 
Type ooad.Component is not enhanced.

[2017-12-07 14:02:38 #4 type] 
Type ooad.Account is not enhanced.

[2017-12-07 14:02:50 #5 type] 
Type ooad.PointDetail is not enhanced.

------------------------------------------------------------------------------------------------------------------------

[2017-12-07 14:04:37 #1 type] 
Type ooad.Food is not enhanced.

[2017-12-07 14:04:38 #2 type] 
Type ooad.ImageSize is not enhanced.

[2017-12-07 14:04:41 #3 type] 
Type ooad.Component is not enhanced.

[2017-12-07 14:04:43 #4 type] 
Type ooad.Account is not enhanced.

[2017-12-07 14:04:57 #5 type] 
Type ooad.PointDetail is not enhanced.

------------------------------------------------------------------------------------------------------------------------

[2017-12-07 14:06:29 #1 type] 
Type ooad.Food is not enhanced.

[2017-12-07 14:06:29 #2 type] 
Type ooad.ImageSize is not enhanced.

[2017-12-07 14:06:30 #3 type] 
Type ooad.Component is not enhanced.

[2017-12-07 14:06:30 #4 type] 
Type ooad.Account is not enhanced.

[2017-12-07 14:06:58 #5 type] 
Type ooad.PointDetail is not enhanced.

------------------------------------------------------------------------------------------------------------------------

[2017-12-07 14:20:58 #1 type] 
Type ooad.Food is not enhanced.

[2017-12-07 14:20:59 #2 type] 
Type ooad.ImageSize is not enhanced.

[2017-12-07 14:20:59 #3 type] 
Type ooad.Component is not enhanced.

[2017-12-07 14:21:00 #4 type] 
Type ooad.Account is not enhanced.

[2017-12-07 14:21:14 #5 type] 
Type ooad.PointDetail is not enhanced.

------------------------------------------------------------------------------------------------------------------------

[2017-12-07 14:31:06 #1 type] 
Type ooad.Food is not enhanced.

[2017-12-07 14:31:07 #2 type] 
Type ooad.ImageSize is not enhanced.

[2017-12-07 14:31:07 #3 type] 
Type ooad.Component is not enhanced.

[2017-12-07 14:31:08 #4 type] 
Type ooad.Account is not enhanced.

[2017-12-07 14:31:19 #5 type] 
Type ooad.PointDetail is not enhanced.

------------------------------------------------------------------------------------------------------------------------

[2017-12-07 14:33:55 #1 type] 
Type ooad.Food is not enhanced.

[2017-12-07 14:33:56 #2 type] 
Type ooad.ImageSize is not enhanced.

[2017-12-07 14:33:56 #3 type] 
Type ooad.Component is not enhanced.

[2017-12-07 14:33:57 #4 type] 
Type ooad.Account is not enhanced.

[2017-12-07 14:34:08 #5 type] 
Type ooad.PointDetail is not enhanced.

