------------------------------------------------------------------------------------------------------------------------

[2017-11-22 08:02:02 #1 store] 
Database 'D:\edit\AppDesktop\mealbarn\src\ODB\Account.odb' is opened by 16396@DESKTOP-FUGN7L0

[2017-11-22 08:02:02 #2 store] 
Configuration path: ?

[2017-11-22 08:02:02 #3 type] 
Type ooad.Account is not enhanced.

[2017-11-22 08:02:03 #4 type] 
Type ooad.Food is not enhanced.

[2017-11-22 08:02:03 #5 store] 
Database 'D:\edit\AppDesktop\mealbarn\src\ODB\Account.odb' is closed by 16396@DESKTOP-FUGN7L0

[2017-11-22 08:02:03 #6 store] 
Database 'D:\edit\AppDesktop\mealbarn\src\ODB\Food.odb' is opened by 16396@DESKTOP-FUGN7L0

[2017-11-22 08:02:03 #7 store] 
Configuration path: ?

[2017-11-22 08:02:03 #8 store] 
Database 'D:\edit\AppDesktop\mealbarn\src\ODB\Food.odb' is closed by 16396@DESKTOP-FUGN7L0

[2017-11-22 08:02:04 #9 store] 
Database 'D:\edit\AppDesktop\mealbarn\src\ODB\ImageSize.odb' is opened by 16396@DESKTOP-FUGN7L0

[2017-11-22 08:02:04 #10 store] 
Configuration path: ?

[2017-11-22 08:02:04 #11 type] 
Type ooad.ImageSize is not enhanced.

[2017-11-22 08:02:04 #12 store] 
Database 'D:\edit\AppDesktop\mealbarn\src\ODB\ImageSize.odb' is closed by 16396@DESKTOP-FUGN7L0

[2017-11-22 08:02:04 #13 store] 
Database 'D:\edit\AppDesktop\mealbarn\src\ODB\Component.odb' is opened by 16396@DESKTOP-FUGN7L0

[2017-11-22 08:02:04 #14 store] 
Configuration path: ?

[2017-11-22 08:02:04 #15 type] 
Type ooad.Component is not enhanced.

[2017-11-22 08:02:04 #16 store] 
Database 'D:\edit\AppDesktop\mealbarn\src\ODB\Component.odb' is closed by 16396@DESKTOP-FUGN7L0

------------------------------------------------------------------------------------------------------------------------

[2017-11-22 08:04:10 #1 store] 
Database 'D:\edit\AppDesktop\mealbarn\src\ODB\Account.odb' is opened by 15604@DESKTOP-FUGN7L0

[2017-11-22 08:04:10 #2 store] 
Configuration path: ?

[2017-11-22 08:04:10 #3 type] 
Type ooad.Account is not enhanced.

[2017-11-22 08:04:10 #4 type] 
Type ooad.Food is not enhanced.

[2017-11-22 08:04:11 #5 store] 
Database 'D:\edit\AppDesktop\mealbarn\src\ODB\Account.odb' is closed by 15604@DESKTOP-FUGN7L0

[2017-11-22 08:04:11 #6 store] 
Database 'D:\edit\AppDesktop\mealbarn\src\ODB\Food.odb' is opened by 15604@DESKTOP-FUGN7L0

[2017-11-22 08:04:11 #7 store] 
Configuration path: ?

[2017-11-22 08:04:11 #8 store] 
Database 'D:\edit\AppDesktop\mealbarn\src\ODB\Food.odb' is closed by 15604@DESKTOP-FUGN7L0

[2017-11-22 08:04:11 #9 store] 
Database 'D:\edit\AppDesktop\mealbarn\src\ODB\ImageSize.odb' is opened by 15604@DESKTOP-FUGN7L0

[2017-11-22 08:04:11 #10 store] 
Configuration path: ?

[2017-11-22 08:04:11 #11 type] 
Type ooad.ImageSize is not enhanced.

[2017-11-22 08:04:11 #12 store] 
Database 'D:\edit\AppDesktop\mealbarn\src\ODB\ImageSize.odb' is closed by 15604@DESKTOP-FUGN7L0

[2017-11-22 08:04:11 #13 store] 
Database 'D:\edit\AppDesktop\mealbarn\src\ODB\Component.odb' is opened by 15604@DESKTOP-FUGN7L0

[2017-11-22 08:04:11 #14 store] 
Configuration path: ?

[2017-11-22 08:04:11 #15 type] 
Type ooad.Component is not enhanced.

[2017-11-22 08:04:11 #16 store] 
Database 'D:\edit\AppDesktop\mealbarn\src\ODB\Component.odb' is closed by 15604@DESKTOP-FUGN7L0

------------------------------------------------------------------------------------------------------------------------

[2017-11-22 08:20:09 #1 store] 
Database 'D:\edit\AppDesktop\mealbarn\src\ODB\Account.odb' is opened by 16968@DESKTOP-FUGN7L0

[2017-11-22 08:20:09 #2 store] 
Configuration path: ?

[2017-11-22 08:20:10 #3 type] 
Type ooad.Account is not enhanced.

[2017-11-22 08:20:10 #4 type] 
Type ooad.Food is not enhanced.

[2017-11-22 08:20:10 #5 store] 
Database 'D:\edit\AppDesktop\mealbarn\src\ODB\Account.odb' is closed by 16968@DESKTOP-FUGN7L0

[2017-11-22 08:20:10 #6 store] 
Database 'D:\edit\AppDesktop\mealbarn\src\ODB\Food.odb' is opened by 16968@DESKTOP-FUGN7L0

[2017-11-22 08:20:10 #7 store] 
Configuration path: ?

[2017-11-22 08:20:10 #8 store] 
Database 'D:\edit\AppDesktop\mealbarn\src\ODB\Food.odb' is closed by 16968@DESKTOP-FUGN7L0

[2017-11-22 08:20:10 #9 store] 
Database 'D:\edit\AppDesktop\mealbarn\src\ODB\ImageSize.odb' is opened by 16968@DESKTOP-FUGN7L0

[2017-11-22 08:20:10 #10 store] 
Configuration path: ?

[2017-11-22 08:20:10 #11 type] 
Type ooad.ImageSize is not enhanced.

[2017-11-22 08:20:10 #12 store] 
Database 'D:\edit\AppDesktop\mealbarn\src\ODB\ImageSize.odb' is closed by 16968@DESKTOP-FUGN7L0

[2017-11-22 08:20:10 #13 store] 
Database 'D:\edit\AppDesktop\mealbarn\src\ODB\Component.odb' is opened by 16968@DESKTOP-FUGN7L0

[2017-11-22 08:20:10 #14 store] 
Configuration path: ?

[2017-11-22 08:20:10 #15 type] 
Type ooad.Component is not enhanced.

[2017-11-22 08:20:10 #16 store] 
Database 'D:\edit\AppDesktop\mealbarn\src\ODB\Component.odb' is closed by 16968@DESKTOP-FUGN7L0

------------------------------------------------------------------------------------------------------------------------

[2017-11-22 08:22:22 #1 store] 
Database 'D:\edit\AppDesktop\mealbarn\src\ODB\Account.odb' is opened by 68@DESKTOP-FUGN7L0

[2017-11-22 08:22:22 #2 store] 
Configuration path: ?

[2017-11-22 08:22:23 #3 type] 
Type ooad.Account is not enhanced.

[2017-11-22 08:22:23 #4 type] 
Type ooad.Food is not enhanced.

[2017-11-22 08:22:23 #5 store] 
Database 'D:\edit\AppDesktop\mealbarn\src\ODB\Account.odb' is closed by 68@DESKTOP-FUGN7L0

[2017-11-22 08:22:23 #6 store] 
Database 'D:\edit\AppDesktop\mealbarn\src\ODB\Food.odb' is opened by 68@DESKTOP-FUGN7L0

[2017-11-22 08:22:23 #7 store] 
Configuration path: ?

[2017-11-22 08:22:23 #8 store] 
Database 'D:\edit\AppDesktop\mealbarn\src\ODB\Food.odb' is closed by 68@DESKTOP-FUGN7L0

[2017-11-22 08:22:23 #9 store] 
Database 'D:\edit\AppDesktop\mealbarn\src\ODB\ImageSize.odb' is opened by 68@DESKTOP-FUGN7L0

[2017-11-22 08:22:23 #10 store] 
Configuration path: ?

[2017-11-22 08:22:23 #11 type] 
Type ooad.ImageSize is not enhanced.

[2017-11-22 08:22:23 #12 store] 
Database 'D:\edit\AppDesktop\mealbarn\src\ODB\ImageSize.odb' is closed by 68@DESKTOP-FUGN7L0

[2017-11-22 08:22:23 #13 store] 
Database 'D:\edit\AppDesktop\mealbarn\src\ODB\Component.odb' is opened by 68@DESKTOP-FUGN7L0

[2017-11-22 08:22:23 #14 store] 
Configuration path: ?

[2017-11-22 08:22:23 #15 type] 
Type ooad.Component is not enhanced.

[2017-11-22 08:22:23 #16 store] 
Database 'D:\edit\AppDesktop\mealbarn\src\ODB\Component.odb' is closed by 68@DESKTOP-FUGN7L0

------------------------------------------------------------------------------------------------------------------------

[2017-11-22 08:49:13 #1 store] 
Database 'D:\edit\AppDesktop\mealbarn\src\ODB\Account.odb' is opened by 17520@DESKTOP-FUGN7L0

[2017-11-22 08:49:13 #2 store] 
Configuration path: ?

[2017-11-22 08:49:14 #3 type] 
Type ooad.Account is not enhanced.

[2017-11-22 08:49:14 #4 type] 
Type ooad.Food is not enhanced.

[2017-11-22 08:49:14 #5 store] 
Database 'D:\edit\AppDesktop\mealbarn\src\ODB\Account.odb' is closed by 17520@DESKTOP-FUGN7L0

[2017-11-22 08:49:14 #6 store] 
Database 'D:\edit\AppDesktop\mealbarn\src\ODB\Food.odb' is opened by 17520@DESKTOP-FUGN7L0

[2017-11-22 08:49:14 #7 store] 
Configuration path: ?

[2017-11-22 08:49:14 #8 store] 
Database 'D:\edit\AppDesktop\mealbarn\src\ODB\Food.odb' is closed by 17520@DESKTOP-FUGN7L0

[2017-11-22 08:49:14 #9 store] 
Database 'D:\edit\AppDesktop\mealbarn\src\ODB\ImageSize.odb' is opened by 17520@DESKTOP-FUGN7L0

[2017-11-22 08:49:14 #10 store] 
Configuration path: ?

[2017-11-22 08:49:14 #11 type] 
Type ooad.ImageSize is not enhanced.

[2017-11-22 08:49:14 #12 store] 
Database 'D:\edit\AppDesktop\mealbarn\src\ODB\ImageSize.odb' is closed by 17520@DESKTOP-FUGN7L0

[2017-11-22 08:49:14 #13 store] 
Database 'D:\edit\AppDesktop\mealbarn\src\ODB\Component.odb' is opened by 17520@DESKTOP-FUGN7L0

[2017-11-22 08:49:14 #14 store] 
Configuration path: ?

[2017-11-22 08:49:14 #15 type] 
Type ooad.Component is not enhanced.

[2017-11-22 08:49:14 #16 store] 
Database 'D:\edit\AppDesktop\mealbarn\src\ODB\Component.odb' is closed by 17520@DESKTOP-FUGN7L0

------------------------------------------------------------------------------------------------------------------------

[2017-11-22 08:55:34 #1 store] 
Database 'D:\edit\AppDesktop\mealbarn\src\ODB\Account.odb' is opened by 13540@DESKTOP-FUGN7L0

[2017-11-22 08:55:34 #2 store] 
Configuration path: ?

[2017-11-22 08:55:35 #3 type] 
Type ooad.Account is not enhanced.

[2017-11-22 08:55:35 #4 type] 
Type ooad.Food is not enhanced.

[2017-11-22 08:55:35 #5 store] 
Database 'D:\edit\AppDesktop\mealbarn\src\ODB\Account.odb' is closed by 13540@DESKTOP-FUGN7L0

[2017-11-22 08:55:35 #6 store] 
Database 'D:\edit\AppDesktop\mealbarn\src\ODB\Food.odb' is opened by 13540@DESKTOP-FUGN7L0

[2017-11-22 08:55:35 #7 store] 
Configuration path: ?

[2017-11-22 08:55:35 #8 store] 
Database 'D:\edit\AppDesktop\mealbarn\src\ODB\Food.odb' is closed by 13540@DESKTOP-FUGN7L0

[2017-11-22 08:55:35 #9 store] 
Database 'D:\edit\AppDesktop\mealbarn\src\ODB\ImageSize.odb' is opened by 13540@DESKTOP-FUGN7L0

[2017-11-22 08:55:35 #10 store] 
Configuration path: ?

[2017-11-22 08:55:35 #11 type] 
Type ooad.ImageSize is not enhanced.

[2017-11-22 08:55:35 #12 store] 
Database 'D:\edit\AppDesktop\mealbarn\src\ODB\ImageSize.odb' is closed by 13540@DESKTOP-FUGN7L0

[2017-11-22 08:55:35 #13 store] 
Database 'D:\edit\AppDesktop\mealbarn\src\ODB\Component.odb' is opened by 13540@DESKTOP-FUGN7L0

[2017-11-22 08:55:35 #14 store] 
Configuration path: ?

[2017-11-22 08:55:35 #15 type] 
Type ooad.Component is not enhanced.

[2017-11-22 08:55:36 #16 store] 
Database 'D:\edit\AppDesktop\mealbarn\src\ODB\Component.odb' is closed by 13540@DESKTOP-FUGN7L0

------------------------------------------------------------------------------------------------------------------------

[2017-11-22 09:01:12 #1 store] 
Database 'D:\edit\AppDesktop\mealbarn\src\ODB\Account.odb' is opened by 10292@DESKTOP-FUGN7L0

[2017-11-22 09:01:12 #2 store] 
Configuration path: ?

[2017-11-22 09:01:12 #3 type] 
Type ooad.Account is not enhanced.

[2017-11-22 09:01:12 #4 type] 
Type ooad.Food is not enhanced.

[2017-11-22 09:01:12 #5 store] 
Database 'D:\edit\AppDesktop\mealbarn\src\ODB\Account.odb' is closed by 10292@DESKTOP-FUGN7L0

[2017-11-22 09:01:12 #6 store] 
Database 'D:\edit\AppDesktop\mealbarn\src\ODB\Food.odb' is opened by 10292@DESKTOP-FUGN7L0

[2017-11-22 09:01:12 #7 store] 
Configuration path: ?

[2017-11-22 09:01:13 #8 store] 
Database 'D:\edit\AppDesktop\mealbarn\src\ODB\Food.odb' is closed by 10292@DESKTOP-FUGN7L0

[2017-11-22 09:01:13 #9 store] 
Database 'D:\edit\AppDesktop\mealbarn\src\ODB\ImageSize.odb' is opened by 10292@DESKTOP-FUGN7L0

[2017-11-22 09:01:13 #10 store] 
Configuration path: ?

[2017-11-22 09:01:13 #11 type] 
Type ooad.ImageSize is not enhanced.

[2017-11-22 09:01:13 #12 store] 
Database 'D:\edit\AppDesktop\mealbarn\src\ODB\ImageSize.odb' is closed by 10292@DESKTOP-FUGN7L0

[2017-11-22 09:01:13 #13 store] 
Database 'D:\edit\AppDesktop\mealbarn\src\ODB\Component.odb' is opened by 10292@DESKTOP-FUGN7L0

[2017-11-22 09:01:13 #14 store] 
Configuration path: ?

[2017-11-22 09:01:13 #15 type] 
Type ooad.Component is not enhanced.

[2017-11-22 09:01:13 #16 store] 
Database 'D:\edit\AppDesktop\mealbarn\src\ODB\Component.odb' is closed by 10292@DESKTOP-FUGN7L0

------------------------------------------------------------------------------------------------------------------------

[2017-11-22 09:03:09 #1 store] 
Database 'D:\edit\AppDesktop\mealbarn\src\ODB\Account.odb' is opened by 12408@DESKTOP-FUGN7L0

[2017-11-22 09:03:09 #2 store] 
Configuration path: ?

[2017-11-22 09:03:09 #3 type] 
Type ooad.Account is not enhanced.

[2017-11-22 09:03:09 #4 type] 
Type ooad.Food is not enhanced.

[2017-11-22 09:03:09 #5 store] 
Database 'D:\edit\AppDesktop\mealbarn\src\ODB\Account.odb' is closed by 12408@DESKTOP-FUGN7L0

[2017-11-22 09:03:09 #6 store] 
Database 'D:\edit\AppDesktop\mealbarn\src\ODB\Food.odb' is opened by 12408@DESKTOP-FUGN7L0

[2017-11-22 09:03:09 #7 store] 
Configuration path: ?

[2017-11-22 09:03:09 #8 store] 
Database 'D:\edit\AppDesktop\mealbarn\src\ODB\Food.odb' is closed by 12408@DESKTOP-FUGN7L0

[2017-11-22 09:03:10 #9 store] 
Database 'D:\edit\AppDesktop\mealbarn\src\ODB\ImageSize.odb' is opened by 12408@DESKTOP-FUGN7L0

[2017-11-22 09:03:10 #10 store] 
Configuration path: ?

[2017-11-22 09:03:10 #11 type] 
Type ooad.ImageSize is not enhanced.

[2017-11-22 09:03:10 #12 store] 
Database 'D:\edit\AppDesktop\mealbarn\src\ODB\ImageSize.odb' is closed by 12408@DESKTOP-FUGN7L0

[2017-11-22 09:03:10 #13 store] 
Database 'D:\edit\AppDesktop\mealbarn\src\ODB\Component.odb' is opened by 12408@DESKTOP-FUGN7L0

[2017-11-22 09:03:10 #14 store] 
Configuration path: ?

[2017-11-22 09:03:10 #15 type] 
Type ooad.Component is not enhanced.

[2017-11-22 09:03:10 #16 store] 
Database 'D:\edit\AppDesktop\mealbarn\src\ODB\Component.odb' is closed by 12408@DESKTOP-FUGN7L0

------------------------------------------------------------------------------------------------------------------------

[2017-11-22 09:14:07 #1 store] 
Database 'D:\edit\AppDesktop\mealbarn\src\ODB\Account.odb' is opened by 17216@DESKTOP-FUGN7L0

[2017-11-22 09:14:07 #2 store] 
Configuration path: ?

[2017-11-22 09:14:07 #3 type] 
Type ooad.Account is not enhanced.

[2017-11-22 09:14:07 #4 type] 
Type ooad.Food is not enhanced.

[2017-11-22 09:14:07 #5 store] 
Database 'D:\edit\AppDesktop\mealbarn\src\ODB\Account.odb' is closed by 17216@DESKTOP-FUGN7L0

[2017-11-22 09:14:08 #6 store] 
Database 'D:\edit\AppDesktop\mealbarn\src\ODB\Food.odb' is opened by 17216@DESKTOP-FUGN7L0

[2017-11-22 09:14:08 #7 store] 
Configuration path: ?

[2017-11-22 09:14:08 #8 store] 
Database 'D:\edit\AppDesktop\mealbarn\src\ODB\Food.odb' is closed by 17216@DESKTOP-FUGN7L0

[2017-11-22 09:14:08 #9 store] 
Database 'D:\edit\AppDesktop\mealbarn\src\ODB\ImageSize.odb' is opened by 17216@DESKTOP-FUGN7L0

[2017-11-22 09:14:08 #10 store] 
Configuration path: ?

[2017-11-22 09:14:08 #11 type] 
Type ooad.ImageSize is not enhanced.

[2017-11-22 09:14:08 #12 store] 
Database 'D:\edit\AppDesktop\mealbarn\src\ODB\ImageSize.odb' is closed by 17216@DESKTOP-FUGN7L0

[2017-11-22 09:14:08 #13 store] 
Database 'D:\edit\AppDesktop\mealbarn\src\ODB\Component.odb' is opened by 17216@DESKTOP-FUGN7L0

[2017-11-22 09:14:08 #14 store] 
Configuration path: ?

[2017-11-22 09:14:08 #15 type] 
Type ooad.Component is not enhanced.

[2017-11-22 09:14:08 #16 store] 
Database 'D:\edit\AppDesktop\mealbarn\src\ODB\Component.odb' is closed by 17216@DESKTOP-FUGN7L0

------------------------------------------------------------------------------------------------------------------------

[2017-11-22 09:17:58 #1 store] 
Database 'D:\edit\AppDesktop\mealbarn\src\ODB\Account.odb' is opened by 3140@DESKTOP-FUGN7L0

[2017-11-22 09:17:58 #2 store] 
Configuration path: ?

[2017-11-22 09:17:59 #3 type] 
Type ooad.Account is not enhanced.

[2017-11-22 09:17:59 #4 type] 
Type ooad.Food is not enhanced.

[2017-11-22 09:17:59 #5 store] 
Database 'D:\edit\AppDesktop\mealbarn\src\ODB\Account.odb' is closed by 3140@DESKTOP-FUGN7L0

[2017-11-22 09:17:59 #6 store] 
Database 'D:\edit\AppDesktop\mealbarn\src\ODB\Food.odb' is opened by 3140@DESKTOP-FUGN7L0

[2017-11-22 09:17:59 #7 store] 
Configuration path: ?

[2017-11-22 09:17:59 #8 store] 
Database 'D:\edit\AppDesktop\mealbarn\src\ODB\Food.odb' is closed by 3140@DESKTOP-FUGN7L0

[2017-11-22 09:17:59 #9 store] 
Database 'D:\edit\AppDesktop\mealbarn\src\ODB\ImageSize.odb' is opened by 3140@DESKTOP-FUGN7L0

[2017-11-22 09:17:59 #10 store] 
Configuration path: ?

[2017-11-22 09:17:59 #11 type] 
Type ooad.ImageSize is not enhanced.

[2017-11-22 09:17:59 #12 store] 
Database 'D:\edit\AppDesktop\mealbarn\src\ODB\ImageSize.odb' is closed by 3140@DESKTOP-FUGN7L0

[2017-11-22 09:17:59 #13 store] 
Database 'D:\edit\AppDesktop\mealbarn\src\ODB\Component.odb' is opened by 3140@DESKTOP-FUGN7L0

[2017-11-22 09:17:59 #14 store] 
Configuration path: ?

[2017-11-22 09:17:59 #15 type] 
Type ooad.Component is not enhanced.

[2017-11-22 09:17:59 #16 store] 
Database 'D:\edit\AppDesktop\mealbarn\src\ODB\Component.odb' is closed by 3140@DESKTOP-FUGN7L0

------------------------------------------------------------------------------------------------------------------------

[2017-11-22 09:26:43 #1 store] 
Database 'D:\edit\AppDesktop\mealbarn\src\ODB\Account.odb' is opened by 11056@DESKTOP-FUGN7L0

[2017-11-22 09:26:43 #2 store] 
Configuration path: ?

[2017-11-22 09:26:43 #3 type] 
Type ooad.Account is not enhanced.

[2017-11-22 09:26:43 #4 type] 
Type ooad.Food is not enhanced.

[2017-11-22 09:26:43 #5 store] 
Database 'D:\edit\AppDesktop\mealbarn\src\ODB\Account.odb' is closed by 11056@DESKTOP-FUGN7L0

[2017-11-22 09:26:43 #6 store] 
Database 'D:\edit\AppDesktop\mealbarn\src\ODB\Food.odb' is opened by 11056@DESKTOP-FUGN7L0

[2017-11-22 09:26:43 #7 store] 
Configuration path: ?

[2017-11-22 09:26:43 #8 store] 
Database 'D:\edit\AppDesktop\mealbarn\src\ODB\Food.odb' is closed by 11056@DESKTOP-FUGN7L0

[2017-11-22 09:26:43 #9 store] 
Database 'D:\edit\AppDesktop\mealbarn\src\ODB\ImageSize.odb' is opened by 11056@DESKTOP-FUGN7L0

[2017-11-22 09:26:43 #10 store] 
Configuration path: ?

[2017-11-22 09:26:43 #11 type] 
Type ooad.ImageSize is not enhanced.

[2017-11-22 09:26:43 #12 store] 
Database 'D:\edit\AppDesktop\mealbarn\src\ODB\ImageSize.odb' is closed by 11056@DESKTOP-FUGN7L0

[2017-11-22 09:26:43 #13 store] 
Database 'D:\edit\AppDesktop\mealbarn\src\ODB\Component.odb' is opened by 11056@DESKTOP-FUGN7L0

[2017-11-22 09:26:43 #14 store] 
Configuration path: ?

[2017-11-22 09:26:43 #15 type] 
Type ooad.Component is not enhanced.

[2017-11-22 09:26:43 #16 store] 
Database 'D:\edit\AppDesktop\mealbarn\src\ODB\Component.odb' is closed by 11056@DESKTOP-FUGN7L0

------------------------------------------------------------------------------------------------------------------------

[2017-11-22 09:27:52 #1 store] 
Database 'D:\edit\AppDesktop\mealbarn\src\ODB\Account.odb' is opened by 6740@DESKTOP-FUGN7L0

[2017-11-22 09:27:52 #2 store] 
Configuration path: ?

[2017-11-22 09:27:52 #3 type] 
Type ooad.Account is not enhanced.

[2017-11-22 09:27:52 #4 type] 
Type ooad.Food is not enhanced.

[2017-11-22 09:27:53 #5 store] 
Database 'D:\edit\AppDesktop\mealbarn\src\ODB\Account.odb' is closed by 6740@DESKTOP-FUGN7L0

[2017-11-22 09:27:53 #6 store] 
Database 'D:\edit\AppDesktop\mealbarn\src\ODB\Food.odb' is opened by 6740@DESKTOP-FUGN7L0

[2017-11-22 09:27:53 #7 store] 
Configuration path: ?

[2017-11-22 09:27:53 #8 store] 
Database 'D:\edit\AppDesktop\mealbarn\src\ODB\Food.odb' is closed by 6740@DESKTOP-FUGN7L0

[2017-11-22 09:27:53 #9 store] 
Database 'D:\edit\AppDesktop\mealbarn\src\ODB\ImageSize.odb' is opened by 6740@DESKTOP-FUGN7L0

[2017-11-22 09:27:53 #10 store] 
Configuration path: ?

[2017-11-22 09:27:53 #11 type] 
Type ooad.ImageSize is not enhanced.

[2017-11-22 09:27:53 #12 store] 
Database 'D:\edit\AppDesktop\mealbarn\src\ODB\ImageSize.odb' is closed by 6740@DESKTOP-FUGN7L0

[2017-11-22 09:27:53 #13 store] 
Database 'D:\edit\AppDesktop\mealbarn\src\ODB\Component.odb' is opened by 6740@DESKTOP-FUGN7L0

[2017-11-22 09:27:53 #14 store] 
Configuration path: ?

[2017-11-22 09:27:53 #15 type] 
Type ooad.Component is not enhanced.

[2017-11-22 09:27:53 #16 store] 
Database 'D:\edit\AppDesktop\mealbarn\src\ODB\Component.odb' is closed by 6740@DESKTOP-FUGN7L0

------------------------------------------------------------------------------------------------------------------------

[2017-11-22 09:33:37 #1 store] 
Database 'D:\edit\AppDesktop\mealbarn\src\ODB\Account.odb' is opened by 16920@DESKTOP-FUGN7L0

[2017-11-22 09:33:37 #2 store] 
Configuration path: ?

[2017-11-22 09:33:37 #3 type] 
Type ooad.Account is not enhanced.

[2017-11-22 09:33:37 #4 type] 
Type ooad.Food is not enhanced.

[2017-11-22 09:33:38 #5 store] 
Database 'D:\edit\AppDesktop\mealbarn\src\ODB\Account.odb' is closed by 16920@DESKTOP-FUGN7L0

[2017-11-22 09:33:38 #6 store] 
Database 'D:\edit\AppDesktop\mealbarn\src\ODB\Food.odb' is opened by 16920@DESKTOP-FUGN7L0

[2017-11-22 09:33:38 #7 store] 
Configuration path: ?

[2017-11-22 09:33:38 #8 store] 
Database 'D:\edit\AppDesktop\mealbarn\src\ODB\Food.odb' is closed by 16920@DESKTOP-FUGN7L0

[2017-11-22 09:33:38 #9 store] 
Database 'D:\edit\AppDesktop\mealbarn\src\ODB\ImageSize.odb' is opened by 16920@DESKTOP-FUGN7L0

[2017-11-22 09:33:38 #10 store] 
Configuration path: ?

[2017-11-22 09:33:38 #11 type] 
Type ooad.ImageSize is not enhanced.

[2017-11-22 09:33:38 #12 store] 
Database 'D:\edit\AppDesktop\mealbarn\src\ODB\ImageSize.odb' is closed by 16920@DESKTOP-FUGN7L0

[2017-11-22 09:33:38 #13 store] 
Database 'D:\edit\AppDesktop\mealbarn\src\ODB\Component.odb' is opened by 16920@DESKTOP-FUGN7L0

[2017-11-22 09:33:38 #14 store] 
Configuration path: ?

[2017-11-22 09:33:38 #15 type] 
Type ooad.Component is not enhanced.

[2017-11-22 09:33:38 #16 store] 
Database 'D:\edit\AppDesktop\mealbarn\src\ODB\Component.odb' is closed by 16920@DESKTOP-FUGN7L0

------------------------------------------------------------------------------------------------------------------------

[2017-11-22 09:34:47 #1 store] 
Database 'D:\edit\AppDesktop\mealbarn\src\ODB\Account.odb' is opened by 9736@DESKTOP-FUGN7L0

[2017-11-22 09:34:47 #2 store] 
Configuration path: ?

[2017-11-22 09:34:47 #3 type] 
Type ooad.Account is not enhanced.

[2017-11-22 09:34:47 #4 type] 
Type ooad.Food is not enhanced.

[2017-11-22 09:34:48 #5 store] 
Database 'D:\edit\AppDesktop\mealbarn\src\ODB\Account.odb' is closed by 9736@DESKTOP-FUGN7L0

[2017-11-22 09:34:48 #6 store] 
Database 'D:\edit\AppDesktop\mealbarn\src\ODB\Food.odb' is opened by 9736@DESKTOP-FUGN7L0

[2017-11-22 09:34:48 #7 store] 
Configuration path: ?

[2017-11-22 09:34:48 #8 store] 
Database 'D:\edit\AppDesktop\mealbarn\src\ODB\Food.odb' is closed by 9736@DESKTOP-FUGN7L0

[2017-11-22 09:34:48 #9 store] 
Database 'D:\edit\AppDesktop\mealbarn\src\ODB\ImageSize.odb' is opened by 9736@DESKTOP-FUGN7L0

[2017-11-22 09:34:48 #10 store] 
Configuration path: ?

[2017-11-22 09:34:48 #11 type] 
Type ooad.ImageSize is not enhanced.

[2017-11-22 09:34:48 #12 store] 
Database 'D:\edit\AppDesktop\mealbarn\src\ODB\ImageSize.odb' is closed by 9736@DESKTOP-FUGN7L0

[2017-11-22 09:34:48 #13 store] 
Database 'D:\edit\AppDesktop\mealbarn\src\ODB\Component.odb' is opened by 9736@DESKTOP-FUGN7L0

[2017-11-22 09:34:48 #14 store] 
Configuration path: ?

[2017-11-22 09:34:48 #15 type] 
Type ooad.Component is not enhanced.

[2017-11-22 09:34:49 #16 store] 
Database 'D:\edit\AppDesktop\mealbarn\src\ODB\Component.odb' is closed by 9736@DESKTOP-FUGN7L0

------------------------------------------------------------------------------------------------------------------------

[2017-11-22 09:35:22 #1 store] 
Database 'D:\edit\AppDesktop\mealbarn\src\ODB\Account.odb' is opened by 13180@DESKTOP-FUGN7L0

[2017-11-22 09:35:22 #2 store] 
Configuration path: ?

[2017-11-22 09:35:22 #3 type] 
Type ooad.Account is not enhanced.

[2017-11-22 09:35:22 #4 type] 
Type ooad.Food is not enhanced.

[2017-11-22 09:35:22 #5 store] 
Database 'D:\edit\AppDesktop\mealbarn\src\ODB\Account.odb' is closed by 13180@DESKTOP-FUGN7L0

[2017-11-22 09:35:22 #6 store] 
Database 'D:\edit\AppDesktop\mealbarn\src\ODB\Food.odb' is opened by 13180@DESKTOP-FUGN7L0

[2017-11-22 09:35:22 #7 store] 
Configuration path: ?

[2017-11-22 09:35:23 #8 store] 
Database 'D:\edit\AppDesktop\mealbarn\src\ODB\Food.odb' is closed by 13180@DESKTOP-FUGN7L0

[2017-11-22 09:35:23 #9 store] 
Database 'D:\edit\AppDesktop\mealbarn\src\ODB\ImageSize.odb' is opened by 13180@DESKTOP-FUGN7L0

[2017-11-22 09:35:23 #10 store] 
Configuration path: ?

[2017-11-22 09:35:23 #11 type] 
Type ooad.ImageSize is not enhanced.

[2017-11-22 09:35:23 #12 store] 
Database 'D:\edit\AppDesktop\mealbarn\src\ODB\ImageSize.odb' is closed by 13180@DESKTOP-FUGN7L0

[2017-11-22 09:35:23 #13 store] 
Database 'D:\edit\AppDesktop\mealbarn\src\ODB\Component.odb' is opened by 13180@DESKTOP-FUGN7L0

[2017-11-22 09:35:23 #14 store] 
Configuration path: ?

[2017-11-22 09:35:23 #15 type] 
Type ooad.Component is not enhanced.

[2017-11-22 09:35:23 #16 store] 
Database 'D:\edit\AppDesktop\mealbarn\src\ODB\Component.odb' is closed by 13180@DESKTOP-FUGN7L0

------------------------------------------------------------------------------------------------------------------------

[2017-11-22 09:38:00 #1 store] 
Database 'D:\edit\AppDesktop\mealbarn\src\ODB\Account.odb' is opened by 7908@DESKTOP-FUGN7L0

[2017-11-22 09:38:00 #2 store] 
Configuration path: ?

[2017-11-22 09:38:00 #3 type] 
Type ooad.Account is not enhanced.

[2017-11-22 09:38:00 #4 type] 
Type ooad.Food is not enhanced.

[2017-11-22 09:38:01 #5 store] 
Database 'D:\edit\AppDesktop\mealbarn\src\ODB\Account.odb' is closed by 7908@DESKTOP-FUGN7L0

[2017-11-22 09:38:01 #6 store] 
Database 'D:\edit\AppDesktop\mealbarn\src\ODB\Food.odb' is opened by 7908@DESKTOP-FUGN7L0

[2017-11-22 09:38:01 #7 store] 
Configuration path: ?

[2017-11-22 09:38:01 #8 store] 
Database 'D:\edit\AppDesktop\mealbarn\src\ODB\Food.odb' is closed by 7908@DESKTOP-FUGN7L0

[2017-11-22 09:38:01 #9 store] 
Database 'D:\edit\AppDesktop\mealbarn\src\ODB\ImageSize.odb' is opened by 7908@DESKTOP-FUGN7L0

[2017-11-22 09:38:01 #10 store] 
Configuration path: ?

[2017-11-22 09:38:01 #11 type] 
Type ooad.ImageSize is not enhanced.

[2017-11-22 09:38:01 #12 store] 
Database 'D:\edit\AppDesktop\mealbarn\src\ODB\ImageSize.odb' is closed by 7908@DESKTOP-FUGN7L0

[2017-11-22 09:38:01 #13 store] 
Database 'D:\edit\AppDesktop\mealbarn\src\ODB\Component.odb' is opened by 7908@DESKTOP-FUGN7L0

[2017-11-22 09:38:01 #14 store] 
Configuration path: ?

[2017-11-22 09:38:01 #15 type] 
Type ooad.Component is not enhanced.

[2017-11-22 09:38:01 #16 store] 
Database 'D:\edit\AppDesktop\mealbarn\src\ODB\Component.odb' is closed by 7908@DESKTOP-FUGN7L0

------------------------------------------------------------------------------------------------------------------------

[2017-11-22 09:40:19 #1 store] 
Database 'D:\edit\AppDesktop\mealbarn\src\ODB\Account.odb' is opened by 15780@DESKTOP-FUGN7L0

[2017-11-22 09:40:19 #2 store] 
Configuration path: ?

[2017-11-22 09:40:19 #3 type] 
Type ooad.Account is not enhanced.

[2017-11-22 09:40:19 #4 type] 
Type ooad.Food is not enhanced.

[2017-11-22 09:40:19 #5 store] 
Database 'D:\edit\AppDesktop\mealbarn\src\ODB\Account.odb' is closed by 15780@DESKTOP-FUGN7L0

[2017-11-22 09:40:19 #6 store] 
Database 'D:\edit\AppDesktop\mealbarn\src\ODB\Food.odb' is opened by 15780@DESKTOP-FUGN7L0

[2017-11-22 09:40:19 #7 store] 
Configuration path: ?

[2017-11-22 09:40:19 #8 store] 
Database 'D:\edit\AppDesktop\mealbarn\src\ODB\Food.odb' is closed by 15780@DESKTOP-FUGN7L0

[2017-11-22 09:40:19 #9 store] 
Database 'D:\edit\AppDesktop\mealbarn\src\ODB\ImageSize.odb' is opened by 15780@DESKTOP-FUGN7L0

[2017-11-22 09:40:19 #10 store] 
Configuration path: ?

[2017-11-22 09:40:19 #11 type] 
Type ooad.ImageSize is not enhanced.

[2017-11-22 09:40:19 #12 store] 
Database 'D:\edit\AppDesktop\mealbarn\src\ODB\ImageSize.odb' is closed by 15780@DESKTOP-FUGN7L0

[2017-11-22 09:40:20 #13 store] 
Database 'D:\edit\AppDesktop\mealbarn\src\ODB\Component.odb' is opened by 15780@DESKTOP-FUGN7L0

[2017-11-22 09:40:20 #14 store] 
Configuration path: ?

[2017-11-22 09:40:20 #15 type] 
Type ooad.Component is not enhanced.

[2017-11-22 09:40:20 #16 store] 
Database 'D:\edit\AppDesktop\mealbarn\src\ODB\Component.odb' is closed by 15780@DESKTOP-FUGN7L0

------------------------------------------------------------------------------------------------------------------------

[2017-11-22 09:43:46 #1 store] 
Database 'D:\edit\AppDesktop\mealbarn\src\ODB\Account.odb' is opened by 4412@DESKTOP-FUGN7L0

[2017-11-22 09:43:46 #2 store] 
Configuration path: ?

[2017-11-22 09:43:47 #3 type] 
Type ooad.Account is not enhanced.

[2017-11-22 09:43:47 #4 type] 
Type ooad.Food is not enhanced.

[2017-11-22 09:43:47 #5 store] 
Database 'D:\edit\AppDesktop\mealbarn\src\ODB\Account.odb' is closed by 4412@DESKTOP-FUGN7L0

[2017-11-22 09:43:47 #6 store] 
Database 'D:\edit\AppDesktop\mealbarn\src\ODB\Food.odb' is opened by 4412@DESKTOP-FUGN7L0

[2017-11-22 09:43:47 #7 store] 
Configuration path: ?

[2017-11-22 09:43:47 #8 store] 
Database 'D:\edit\AppDesktop\mealbarn\src\ODB\Food.odb' is closed by 4412@DESKTOP-FUGN7L0

[2017-11-22 09:43:47 #9 store] 
Database 'D:\edit\AppDesktop\mealbarn\src\ODB\ImageSize.odb' is opened by 4412@DESKTOP-FUGN7L0

[2017-11-22 09:43:47 #10 store] 
Configuration path: ?

[2017-11-22 09:43:47 #11 type] 
Type ooad.ImageSize is not enhanced.

[2017-11-22 09:43:47 #12 store] 
Database 'D:\edit\AppDesktop\mealbarn\src\ODB\ImageSize.odb' is closed by 4412@DESKTOP-FUGN7L0

[2017-11-22 09:43:47 #13 store] 
Database 'D:\edit\AppDesktop\mealbarn\src\ODB\Component.odb' is opened by 4412@DESKTOP-FUGN7L0

[2017-11-22 09:43:47 #14 store] 
Configuration path: ?

[2017-11-22 09:43:47 #15 type] 
Type ooad.Component is not enhanced.

[2017-11-22 09:43:47 #16 store] 
Database 'D:\edit\AppDesktop\mealbarn\src\ODB\Component.odb' is closed by 4412@DESKTOP-FUGN7L0

------------------------------------------------------------------------------------------------------------------------

[2017-11-22 09:45:12 #1 store] 
Database 'D:\edit\AppDesktop\mealbarn\src\ODB\Account.odb' is opened by 5160@DESKTOP-FUGN7L0

[2017-11-22 09:45:12 #2 store] 
Configuration path: ?

[2017-11-22 09:45:12 #3 type] 
Type ooad.Account is not enhanced.

[2017-11-22 09:45:12 #4 type] 
Type ooad.Food is not enhanced.

[2017-11-22 09:45:12 #5 store] 
Database 'D:\edit\AppDesktop\mealbarn\src\ODB\Account.odb' is closed by 5160@DESKTOP-FUGN7L0

[2017-11-22 09:45:12 #6 store] 
Database 'D:\edit\AppDesktop\mealbarn\src\ODB\Food.odb' is opened by 5160@DESKTOP-FUGN7L0

[2017-11-22 09:45:12 #7 store] 
Configuration path: ?

[2017-11-22 09:45:12 #8 store] 
Database 'D:\edit\AppDesktop\mealbarn\src\ODB\Food.odb' is closed by 5160@DESKTOP-FUGN7L0

[2017-11-22 09:45:13 #9 store] 
Database 'D:\edit\AppDesktop\mealbarn\src\ODB\ImageSize.odb' is opened by 5160@DESKTOP-FUGN7L0

[2017-11-22 09:45:13 #10 store] 
Configuration path: ?

[2017-11-22 09:45:13 #11 type] 
Type ooad.ImageSize is not enhanced.

[2017-11-22 09:45:13 #12 store] 
Database 'D:\edit\AppDesktop\mealbarn\src\ODB\ImageSize.odb' is closed by 5160@DESKTOP-FUGN7L0

[2017-11-22 09:45:13 #13 store] 
Database 'D:\edit\AppDesktop\mealbarn\src\ODB\Component.odb' is opened by 5160@DESKTOP-FUGN7L0

[2017-11-22 09:45:13 #14 store] 
Configuration path: ?

[2017-11-22 09:45:13 #15 type] 
Type ooad.Component is not enhanced.

[2017-11-22 09:45:13 #16 store] 
Database 'D:\edit\AppDesktop\mealbarn\src\ODB\Component.odb' is closed by 5160@DESKTOP-FUGN7L0

------------------------------------------------------------------------------------------------------------------------

[2017-11-22 09:50:27 #1 store] 
Database 'D:\edit\AppDesktop\mealbarn\src\ODB\Account.odb' is opened by 11176@DESKTOP-FUGN7L0

[2017-11-22 09:50:27 #2 store] 
Configuration path: ?

[2017-11-22 09:50:28 #3 type] 
Type ooad.Account is not enhanced.

[2017-11-22 09:50:28 #4 type] 
Type ooad.Food is not enhanced.

[2017-11-22 09:50:28 #5 store] 
Database 'D:\edit\AppDesktop\mealbarn\src\ODB\Account.odb' is closed by 11176@DESKTOP-FUGN7L0

[2017-11-22 09:50:28 #6 store] 
Database 'D:\edit\AppDesktop\mealbarn\src\ODB\Food.odb' is opened by 11176@DESKTOP-FUGN7L0

[2017-11-22 09:50:28 #7 store] 
Configuration path: ?

[2017-11-22 09:50:28 #8 store] 
Database 'D:\edit\AppDesktop\mealbarn\src\ODB\Food.odb' is closed by 11176@DESKTOP-FUGN7L0

[2017-11-22 09:50:28 #9 store] 
Database 'D:\edit\AppDesktop\mealbarn\src\ODB\ImageSize.odb' is opened by 11176@DESKTOP-FUGN7L0

[2017-11-22 09:50:28 #10 store] 
Configuration path: ?

[2017-11-22 09:50:28 #11 type] 
Type ooad.ImageSize is not enhanced.

[2017-11-22 09:50:28 #12 store] 
Database 'D:\edit\AppDesktop\mealbarn\src\ODB\ImageSize.odb' is closed by 11176@DESKTOP-FUGN7L0

[2017-11-22 09:50:28 #13 store] 
Database 'D:\edit\AppDesktop\mealbarn\src\ODB\Component.odb' is opened by 11176@DESKTOP-FUGN7L0

[2017-11-22 09:50:28 #14 store] 
Configuration path: ?

[2017-11-22 09:50:28 #15 type] 
Type ooad.Component is not enhanced.

[2017-11-22 09:50:28 #16 store] 
Database 'D:\edit\AppDesktop\mealbarn\src\ODB\Component.odb' is closed by 11176@DESKTOP-FUGN7L0

------------------------------------------------------------------------------------------------------------------------

[2017-11-22 09:54:09 #1 store] 
Database 'D:\edit\AppDesktop\mealbarn\src\ODB\Account.odb' is opened by 1856@DESKTOP-FUGN7L0

[2017-11-22 09:54:09 #2 store] 
Configuration path: ?

[2017-11-22 09:54:09 #3 type] 
Type ooad.Account is not enhanced.

[2017-11-22 09:54:09 #4 type] 
Type ooad.Food is not enhanced.

[2017-11-22 09:54:09 #5 store] 
Database 'D:\edit\AppDesktop\mealbarn\src\ODB\Account.odb' is closed by 1856@DESKTOP-FUGN7L0

[2017-11-22 09:54:09 #6 store] 
Database 'D:\edit\AppDesktop\mealbarn\src\ODB\Food.odb' is opened by 1856@DESKTOP-FUGN7L0

[2017-11-22 09:54:09 #7 store] 
Configuration path: ?

[2017-11-22 09:54:09 #8 store] 
Database 'D:\edit\AppDesktop\mealbarn\src\ODB\Food.odb' is closed by 1856@DESKTOP-FUGN7L0

[2017-11-22 09:54:09 #9 store] 
Database 'D:\edit\AppDesktop\mealbarn\src\ODB\ImageSize.odb' is opened by 1856@DESKTOP-FUGN7L0

[2017-11-22 09:54:09 #10 store] 
Configuration path: ?

[2017-11-22 09:54:09 #11 type] 
Type ooad.ImageSize is not enhanced.

[2017-11-22 09:54:09 #12 store] 
Database 'D:\edit\AppDesktop\mealbarn\src\ODB\ImageSize.odb' is closed by 1856@DESKTOP-FUGN7L0

[2017-11-22 09:54:09 #13 store] 
Database 'D:\edit\AppDesktop\mealbarn\src\ODB\Component.odb' is opened by 1856@DESKTOP-FUGN7L0

[2017-11-22 09:54:09 #14 store] 
Configuration path: ?

[2017-11-22 09:54:09 #15 type] 
Type ooad.Component is not enhanced.

[2017-11-22 09:54:10 #16 store] 
Database 'D:\edit\AppDesktop\mealbarn\src\ODB\Component.odb' is closed by 1856@DESKTOP-FUGN7L0

------------------------------------------------------------------------------------------------------------------------

[2017-11-22 09:56:10 #1 store] 
Database 'D:\edit\AppDesktop\mealbarn\src\ODB\Account.odb' is opened by 536@DESKTOP-FUGN7L0

[2017-11-22 09:56:10 #2 store] 
Configuration path: ?

[2017-11-22 09:56:10 #3 type] 
Type ooad.Account is not enhanced.

[2017-11-22 09:56:10 #4 type] 
Type ooad.Food is not enhanced.

[2017-11-22 09:56:10 #5 store] 
Database 'D:\edit\AppDesktop\mealbarn\src\ODB\Account.odb' is closed by 536@DESKTOP-FUGN7L0

[2017-11-22 09:56:10 #6 store] 
Database 'D:\edit\AppDesktop\mealbarn\src\ODB\Food.odb' is opened by 536@DESKTOP-FUGN7L0

[2017-11-22 09:56:10 #7 store] 
Configuration path: ?

[2017-11-22 09:56:10 #8 store] 
Database 'D:\edit\AppDesktop\mealbarn\src\ODB\Food.odb' is closed by 536@DESKTOP-FUGN7L0

[2017-11-22 09:56:10 #9 store] 
Database 'D:\edit\AppDesktop\mealbarn\src\ODB\ImageSize.odb' is opened by 536@DESKTOP-FUGN7L0

[2017-11-22 09:56:10 #10 store] 
Configuration path: ?

[2017-11-22 09:56:10 #11 type] 
Type ooad.ImageSize is not enhanced.

[2017-11-22 09:56:10 #12 store] 
Database 'D:\edit\AppDesktop\mealbarn\src\ODB\ImageSize.odb' is closed by 536@DESKTOP-FUGN7L0

[2017-11-22 09:56:11 #13 store] 
Database 'D:\edit\AppDesktop\mealbarn\src\ODB\Component.odb' is opened by 536@DESKTOP-FUGN7L0

[2017-11-22 09:56:11 #14 store] 
Configuration path: ?

[2017-11-22 09:56:11 #15 type] 
Type ooad.Component is not enhanced.

[2017-11-22 09:56:11 #16 store] 
Database 'D:\edit\AppDesktop\mealbarn\src\ODB\Component.odb' is closed by 536@DESKTOP-FUGN7L0

------------------------------------------------------------------------------------------------------------------------

[2017-11-22 10:41:41 #1 store] 
Database 'D:\edit\AppDesktop\mealbarn\src\ODB\Account.odb' is opened by 12552@DESKTOP-FUGN7L0

[2017-11-22 10:41:41 #2 store] 
Configuration path: ?

[2017-11-22 10:41:41 #3 type] 
Type ooad.Account is not enhanced.

[2017-11-22 10:41:41 #4 type] 
Type ooad.Food is not enhanced.

[2017-11-22 10:41:41 #5 store] 
Database 'D:\edit\AppDesktop\mealbarn\src\ODB\Account.odb' is closed by 12552@DESKTOP-FUGN7L0

[2017-11-22 10:41:41 #6 store] 
Database 'D:\edit\AppDesktop\mealbarn\src\ODB\Food.odb' is opened by 12552@DESKTOP-FUGN7L0

[2017-11-22 10:41:41 #7 store] 
Configuration path: ?

[2017-11-22 10:41:41 #8 store] 
Database 'D:\edit\AppDesktop\mealbarn\src\ODB\Food.odb' is closed by 12552@DESKTOP-FUGN7L0

[2017-11-22 10:41:42 #9 store] 
Database 'D:\edit\AppDesktop\mealbarn\src\ODB\ImageSize.odb' is opened by 12552@DESKTOP-FUGN7L0

[2017-11-22 10:41:42 #10 store] 
Configuration path: ?

[2017-11-22 10:41:42 #11 type] 
Type ooad.ImageSize is not enhanced.

[2017-11-22 10:41:42 #12 store] 
Database 'D:\edit\AppDesktop\mealbarn\src\ODB\ImageSize.odb' is closed by 12552@DESKTOP-FUGN7L0

[2017-11-22 10:41:42 #13 store] 
Database 'D:\edit\AppDesktop\mealbarn\src\ODB\Component.odb' is opened by 12552@DESKTOP-FUGN7L0

[2017-11-22 10:41:42 #14 store] 
Configuration path: ?

[2017-11-22 10:41:42 #15 type] 
Type ooad.Component is not enhanced.

[2017-11-22 10:41:42 #16 store] 
Database 'D:\edit\AppDesktop\mealbarn\src\ODB\Component.odb' is closed by 12552@DESKTOP-FUGN7L0

------------------------------------------------------------------------------------------------------------------------

[2017-11-22 10:47:51 #1 store] 
Database 'D:\edit\AppDesktop\mealbarn\src\ODB\Account.odb' is opened by 8444@DESKTOP-FUGN7L0

[2017-11-22 10:47:51 #2 store] 
Configuration path: ?

[2017-11-22 10:47:51 #3 type] 
Type ooad.Account is not enhanced.

[2017-11-22 10:47:51 #4 type] 
Type ooad.Food is not enhanced.

[2017-11-22 10:47:51 #5 store] 
Database 'D:\edit\AppDesktop\mealbarn\src\ODB\Account.odb' is closed by 8444@DESKTOP-FUGN7L0

[2017-11-22 10:47:51 #6 store] 
Database 'D:\edit\AppDesktop\mealbarn\src\ODB\Food.odb' is opened by 8444@DESKTOP-FUGN7L0

[2017-11-22 10:47:51 #7 store] 
Configuration path: ?

[2017-11-22 10:47:51 #8 store] 
Database 'D:\edit\AppDesktop\mealbarn\src\ODB\Food.odb' is closed by 8444@DESKTOP-FUGN7L0

[2017-11-22 10:47:52 #9 store] 
Database 'D:\edit\AppDesktop\mealbarn\src\ODB\ImageSize.odb' is opened by 8444@DESKTOP-FUGN7L0

[2017-11-22 10:47:52 #10 store] 
Configuration path: ?

[2017-11-22 10:47:52 #11 type] 
Type ooad.ImageSize is not enhanced.

[2017-11-22 10:47:52 #12 store] 
Database 'D:\edit\AppDesktop\mealbarn\src\ODB\ImageSize.odb' is closed by 8444@DESKTOP-FUGN7L0

[2017-11-22 10:47:52 #13 store] 
Database 'D:\edit\AppDesktop\mealbarn\src\ODB\Component.odb' is opened by 8444@DESKTOP-FUGN7L0

[2017-11-22 10:47:52 #14 store] 
Configuration path: ?

[2017-11-22 10:47:52 #15 type] 
Type ooad.Component is not enhanced.

[2017-11-22 10:47:52 #16 store] 
Database 'D:\edit\AppDesktop\mealbarn\src\ODB\Component.odb' is closed by 8444@DESKTOP-FUGN7L0

------------------------------------------------------------------------------------------------------------------------

[2017-11-22 10:50:33 #1 store] 
Database 'D:\edit\AppDesktop\mealbarn\src\ODB\Account.odb' is opened by 11872@DESKTOP-FUGN7L0

[2017-11-22 10:50:33 #2 store] 
Configuration path: ?

[2017-11-22 10:50:33 #3 type] 
Type ooad.Account is not enhanced.

[2017-11-22 10:50:33 #4 type] 
Type ooad.Food is not enhanced.

[2017-11-22 10:50:33 #5 store] 
Database 'D:\edit\AppDesktop\mealbarn\src\ODB\Account.odb' is closed by 11872@DESKTOP-FUGN7L0

[2017-11-22 10:50:33 #6 store] 
Database 'D:\edit\AppDesktop\mealbarn\src\ODB\Food.odb' is opened by 11872@DESKTOP-FUGN7L0

[2017-11-22 10:50:33 #7 store] 
Configuration path: ?

[2017-11-22 10:50:34 #8 store] 
Database 'D:\edit\AppDesktop\mealbarn\src\ODB\Food.odb' is closed by 11872@DESKTOP-FUGN7L0

[2017-11-22 10:50:34 #9 store] 
Database 'D:\edit\AppDesktop\mealbarn\src\ODB\ImageSize.odb' is opened by 11872@DESKTOP-FUGN7L0

[2017-11-22 10:50:34 #10 store] 
Configuration path: ?

[2017-11-22 10:50:34 #11 type] 
Type ooad.ImageSize is not enhanced.

[2017-11-22 10:50:34 #12 store] 
Database 'D:\edit\AppDesktop\mealbarn\src\ODB\ImageSize.odb' is closed by 11872@DESKTOP-FUGN7L0

[2017-11-22 10:50:34 #13 store] 
Database 'D:\edit\AppDesktop\mealbarn\src\ODB\Component.odb' is opened by 11872@DESKTOP-FUGN7L0

[2017-11-22 10:50:34 #14 store] 
Configuration path: ?

[2017-11-22 10:50:34 #15 type] 
Type ooad.Component is not enhanced.

[2017-11-22 10:50:34 #16 store] 
Database 'D:\edit\AppDesktop\mealbarn\src\ODB\Component.odb' is closed by 11872@DESKTOP-FUGN7L0

------------------------------------------------------------------------------------------------------------------------

[2017-11-22 10:56:34 #1 store] 
Database 'D:\edit\AppDesktop\mealbarn\src\ODB\Account.odb' is opened by 12348@DESKTOP-FUGN7L0

[2017-11-22 10:56:34 #2 store] 
Configuration path: ?

[2017-11-22 10:56:35 #3 type] 
Type ooad.Account is not enhanced.

[2017-11-22 10:56:35 #4 type] 
Type ooad.Food is not enhanced.

[2017-11-22 10:56:35 #5 store] 
Database 'D:\edit\AppDesktop\mealbarn\src\ODB\Account.odb' is closed by 12348@DESKTOP-FUGN7L0

[2017-11-22 10:56:35 #6 store] 
Database 'D:\edit\AppDesktop\mealbarn\src\ODB\Food.odb' is opened by 12348@DESKTOP-FUGN7L0

[2017-11-22 10:56:35 #7 store] 
Configuration path: ?

[2017-11-22 10:56:35 #8 store] 
Database 'D:\edit\AppDesktop\mealbarn\src\ODB\Food.odb' is closed by 12348@DESKTOP-FUGN7L0

[2017-11-22 10:56:35 #9 store] 
Database 'D:\edit\AppDesktop\mealbarn\src\ODB\ImageSize.odb' is opened by 12348@DESKTOP-FUGN7L0

[2017-11-22 10:56:35 #10 store] 
Configuration path: ?

[2017-11-22 10:56:35 #11 type] 
Type ooad.ImageSize is not enhanced.

[2017-11-22 10:56:35 #12 store] 
Database 'D:\edit\AppDesktop\mealbarn\src\ODB\ImageSize.odb' is closed by 12348@DESKTOP-FUGN7L0

[2017-11-22 10:56:35 #13 store] 
Database 'D:\edit\AppDesktop\mealbarn\src\ODB\Component.odb' is opened by 12348@DESKTOP-FUGN7L0

[2017-11-22 10:56:35 #14 store] 
Configuration path: ?

[2017-11-22 10:56:35 #15 type] 
Type ooad.Component is not enhanced.

[2017-11-22 10:56:35 #16 store] 
Database 'D:\edit\AppDesktop\mealbarn\src\ODB\Component.odb' is closed by 12348@DESKTOP-FUGN7L0

------------------------------------------------------------------------------------------------------------------------

[2017-11-22 10:59:38 #1 store] 
Database 'D:\edit\AppDesktop\mealbarn\src\ODB\Account.odb' is opened by 12952@DESKTOP-FUGN7L0

[2017-11-22 10:59:38 #2 store] 
Configuration path: ?

[2017-11-22 10:59:38 #3 type] 
Type ooad.Account is not enhanced.

[2017-11-22 10:59:38 #4 type] 
Type ooad.Food is not enhanced.

[2017-11-22 10:59:38 #5 store] 
Database 'D:\edit\AppDesktop\mealbarn\src\ODB\Account.odb' is closed by 12952@DESKTOP-FUGN7L0

[2017-11-22 10:59:39 #6 store] 
Database 'D:\edit\AppDesktop\mealbarn\src\ODB\Food.odb' is opened by 12952@DESKTOP-FUGN7L0

[2017-11-22 10:59:39 #7 store] 
Configuration path: ?

[2017-11-22 10:59:39 #8 store] 
Database 'D:\edit\AppDesktop\mealbarn\src\ODB\Food.odb' is closed by 12952@DESKTOP-FUGN7L0

[2017-11-22 10:59:39 #9 store] 
Database 'D:\edit\AppDesktop\mealbarn\src\ODB\ImageSize.odb' is opened by 12952@DESKTOP-FUGN7L0

[2017-11-22 10:59:39 #10 store] 
Configuration path: ?

[2017-11-22 10:59:39 #11 type] 
Type ooad.ImageSize is not enhanced.

[2017-11-22 10:59:39 #12 store] 
Database 'D:\edit\AppDesktop\mealbarn\src\ODB\ImageSize.odb' is closed by 12952@DESKTOP-FUGN7L0

[2017-11-22 10:59:39 #13 store] 
Database 'D:\edit\AppDesktop\mealbarn\src\ODB\Component.odb' is opened by 12952@DESKTOP-FUGN7L0

[2017-11-22 10:59:39 #14 store] 
Configuration path: ?

[2017-11-22 10:59:39 #15 type] 
Type ooad.Component is not enhanced.

[2017-11-22 10:59:39 #16 store] 
Database 'D:\edit\AppDesktop\mealbarn\src\ODB\Component.odb' is closed by 12952@DESKTOP-FUGN7L0

------------------------------------------------------------------------------------------------------------------------

[2017-11-22 11:10:15 #1 store] 
Database 'D:\edit\AppDesktop\mealbarn\src\ODB\Account.odb' is opened by 15612@DESKTOP-FUGN7L0

[2017-11-22 11:10:15 #2 store] 
Configuration path: ?

[2017-11-22 11:10:15 #3 type] 
Type ooad.Account is not enhanced.

[2017-11-22 11:10:15 #4 type] 
Type ooad.Food is not enhanced.

[2017-11-22 11:10:15 #5 store] 
Database 'D:\edit\AppDesktop\mealbarn\src\ODB\Account.odb' is closed by 15612@DESKTOP-FUGN7L0

[2017-11-22 11:10:15 #6 store] 
Database 'D:\edit\AppDesktop\mealbarn\src\ODB\Food.odb' is opened by 15612@DESKTOP-FUGN7L0

[2017-11-22 11:10:15 #7 store] 
Configuration path: ?

[2017-11-22 11:10:15 #8 store] 
Database 'D:\edit\AppDesktop\mealbarn\src\ODB\Food.odb' is closed by 15612@DESKTOP-FUGN7L0

[2017-11-22 11:10:16 #9 store] 
Database 'D:\edit\AppDesktop\mealbarn\src\ODB\ImageSize.odb' is opened by 15612@DESKTOP-FUGN7L0

[2017-11-22 11:10:16 #10 store] 
Configuration path: ?

[2017-11-22 11:10:16 #11 type] 
Type ooad.ImageSize is not enhanced.

[2017-11-22 11:10:16 #12 store] 
Database 'D:\edit\AppDesktop\mealbarn\src\ODB\ImageSize.odb' is closed by 15612@DESKTOP-FUGN7L0

[2017-11-22 11:10:16 #13 store] 
Database 'D:\edit\AppDesktop\mealbarn\src\ODB\Component.odb' is opened by 15612@DESKTOP-FUGN7L0

[2017-11-22 11:10:16 #14 store] 
Configuration path: ?

[2017-11-22 11:10:16 #15 type] 
Type ooad.Component is not enhanced.

[2017-11-22 11:10:16 #16 store] 
Database 'D:\edit\AppDesktop\mealbarn\src\ODB\Component.odb' is closed by 15612@DESKTOP-FUGN7L0

------------------------------------------------------------------------------------------------------------------------

[2017-11-22 11:14:10 #1 store] 
Database 'D:\edit\AppDesktop\mealbarn\src\ODB\Account.odb' is opened by 9228@DESKTOP-FUGN7L0

[2017-11-22 11:14:10 #2 store] 
Configuration path: ?

[2017-11-22 11:14:11 #3 type] 
Type ooad.Account is not enhanced.

[2017-11-22 11:14:11 #4 type] 
Type ooad.Food is not enhanced.

[2017-11-22 11:14:11 #5 store] 
Database 'D:\edit\AppDesktop\mealbarn\src\ODB\Account.odb' is closed by 9228@DESKTOP-FUGN7L0

[2017-11-22 11:14:11 #6 store] 
Database 'D:\edit\AppDesktop\mealbarn\src\ODB\Food.odb' is opened by 9228@DESKTOP-FUGN7L0

[2017-11-22 11:14:11 #7 store] 
Configuration path: ?

[2017-11-22 11:14:11 #8 store] 
Database 'D:\edit\AppDesktop\mealbarn\src\ODB\Food.odb' is closed by 9228@DESKTOP-FUGN7L0

[2017-11-22 11:14:11 #9 store] 
Database 'D:\edit\AppDesktop\mealbarn\src\ODB\ImageSize.odb' is opened by 9228@DESKTOP-FUGN7L0

[2017-11-22 11:14:11 #10 store] 
Configuration path: ?

[2017-11-22 11:14:11 #11 type] 
Type ooad.ImageSize is not enhanced.

[2017-11-22 11:14:11 #12 store] 
Database 'D:\edit\AppDesktop\mealbarn\src\ODB\ImageSize.odb' is closed by 9228@DESKTOP-FUGN7L0

[2017-11-22 11:14:11 #13 store] 
Database 'D:\edit\AppDesktop\mealbarn\src\ODB\Component.odb' is opened by 9228@DESKTOP-FUGN7L0

[2017-11-22 11:14:11 #14 store] 
Configuration path: ?

[2017-11-22 11:14:11 #15 type] 
Type ooad.Component is not enhanced.

[2017-11-22 11:14:11 #16 store] 
Database 'D:\edit\AppDesktop\mealbarn\src\ODB\Component.odb' is closed by 9228@DESKTOP-FUGN7L0

------------------------------------------------------------------------------------------------------------------------

[2017-11-22 11:15:46 #1 store] 
Database 'D:\edit\AppDesktop\mealbarn\src\ODB\Account.odb' is opened by 2720@DESKTOP-FUGN7L0

[2017-11-22 11:15:46 #2 store] 
Configuration path: ?

[2017-11-22 11:15:47 #3 type] 
Type ooad.Account is not enhanced.

[2017-11-22 11:15:47 #4 type] 
Type ooad.Food is not enhanced.

[2017-11-22 11:15:47 #5 store] 
Database 'D:\edit\AppDesktop\mealbarn\src\ODB\Account.odb' is closed by 2720@DESKTOP-FUGN7L0

[2017-11-22 11:15:47 #6 store] 
Database 'D:\edit\AppDesktop\mealbarn\src\ODB\Food.odb' is opened by 2720@DESKTOP-FUGN7L0

[2017-11-22 11:15:47 #7 store] 
Configuration path: ?

[2017-11-22 11:15:47 #8 store] 
Database 'D:\edit\AppDesktop\mealbarn\src\ODB\Food.odb' is closed by 2720@DESKTOP-FUGN7L0

[2017-11-22 11:15:47 #9 store] 
Database 'D:\edit\AppDesktop\mealbarn\src\ODB\ImageSize.odb' is opened by 2720@DESKTOP-FUGN7L0

[2017-11-22 11:15:47 #10 store] 
Configuration path: ?

[2017-11-22 11:15:47 #11 type] 
Type ooad.ImageSize is not enhanced.

[2017-11-22 11:15:47 #12 store] 
Database 'D:\edit\AppDesktop\mealbarn\src\ODB\ImageSize.odb' is closed by 2720@DESKTOP-FUGN7L0

[2017-11-22 11:15:47 #13 store] 
Database 'D:\edit\AppDesktop\mealbarn\src\ODB\Component.odb' is opened by 2720@DESKTOP-FUGN7L0

[2017-11-22 11:15:47 #14 store] 
Configuration path: ?

[2017-11-22 11:15:47 #15 type] 
Type ooad.Component is not enhanced.

[2017-11-22 11:15:47 #16 store] 
Database 'D:\edit\AppDesktop\mealbarn\src\ODB\Component.odb' is closed by 2720@DESKTOP-FUGN7L0

------------------------------------------------------------------------------------------------------------------------

[2017-11-22 11:18:45 #1 store] 
Database 'D:\edit\AppDesktop\mealbarn\src\ODB\Account.odb' is opened by 10200@DESKTOP-FUGN7L0

[2017-11-22 11:18:45 #2 store] 
Configuration path: ?

[2017-11-22 11:18:45 #3 type] 
Type ooad.Account is not enhanced.

[2017-11-22 11:18:45 #4 type] 
Type ooad.Food is not enhanced.

[2017-11-22 11:18:46 #5 store] 
Database 'D:\edit\AppDesktop\mealbarn\src\ODB\Account.odb' is closed by 10200@DESKTOP-FUGN7L0

[2017-11-22 11:18:46 #6 store] 
Database 'D:\edit\AppDesktop\mealbarn\src\ODB\Food.odb' is opened by 10200@DESKTOP-FUGN7L0

[2017-11-22 11:18:46 #7 store] 
Configuration path: ?

[2017-11-22 11:18:46 #8 store] 
Database 'D:\edit\AppDesktop\mealbarn\src\ODB\Food.odb' is closed by 10200@DESKTOP-FUGN7L0

[2017-11-22 11:18:46 #9 store] 
Database 'D:\edit\AppDesktop\mealbarn\src\ODB\ImageSize.odb' is opened by 10200@DESKTOP-FUGN7L0

[2017-11-22 11:18:46 #10 store] 
Configuration path: ?

[2017-11-22 11:18:46 #11 type] 
Type ooad.ImageSize is not enhanced.

[2017-11-22 11:18:46 #12 store] 
Database 'D:\edit\AppDesktop\mealbarn\src\ODB\ImageSize.odb' is closed by 10200@DESKTOP-FUGN7L0

[2017-11-22 11:18:46 #13 store] 
Database 'D:\edit\AppDesktop\mealbarn\src\ODB\Component.odb' is opened by 10200@DESKTOP-FUGN7L0

[2017-11-22 11:18:46 #14 store] 
Configuration path: ?

[2017-11-22 11:18:46 #15 type] 
Type ooad.Component is not enhanced.

[2017-11-22 11:18:46 #16 store] 
Database 'D:\edit\AppDesktop\mealbarn\src\ODB\Component.odb' is closed by 10200@DESKTOP-FUGN7L0

------------------------------------------------------------------------------------------------------------------------

[2017-11-22 11:20:11 #1 store] 
Database 'D:\edit\AppDesktop\mealbarn\src\ODB\Account.odb' is opened by 13600@DESKTOP-FUGN7L0

[2017-11-22 11:20:11 #2 store] 
Configuration path: ?

[2017-11-22 11:20:11 #3 type] 
Type ooad.Account is not enhanced.

[2017-11-22 11:20:11 #4 type] 
Type ooad.Food is not enhanced.

[2017-11-22 11:20:12 #5 store] 
Database 'D:\edit\AppDesktop\mealbarn\src\ODB\Account.odb' is closed by 13600@DESKTOP-FUGN7L0

[2017-11-22 11:20:12 #6 store] 
Database 'D:\edit\AppDesktop\mealbarn\src\ODB\Food.odb' is opened by 13600@DESKTOP-FUGN7L0

[2017-11-22 11:20:12 #7 store] 
Configuration path: ?

[2017-11-22 11:20:12 #8 store] 
Database 'D:\edit\AppDesktop\mealbarn\src\ODB\Food.odb' is closed by 13600@DESKTOP-FUGN7L0

[2017-11-22 11:20:12 #9 store] 
Database 'D:\edit\AppDesktop\mealbarn\src\ODB\ImageSize.odb' is opened by 13600@DESKTOP-FUGN7L0

[2017-11-22 11:20:12 #10 store] 
Configuration path: ?

[2017-11-22 11:20:12 #11 type] 
Type ooad.ImageSize is not enhanced.

[2017-11-22 11:20:12 #12 store] 
Database 'D:\edit\AppDesktop\mealbarn\src\ODB\ImageSize.odb' is closed by 13600@DESKTOP-FUGN7L0

[2017-11-22 11:20:12 #13 store] 
Database 'D:\edit\AppDesktop\mealbarn\src\ODB\Component.odb' is opened by 13600@DESKTOP-FUGN7L0

[2017-11-22 11:20:12 #14 store] 
Configuration path: ?

[2017-11-22 11:20:12 #15 type] 
Type ooad.Component is not enhanced.

[2017-11-22 11:20:12 #16 store] 
Database 'D:\edit\AppDesktop\mealbarn\src\ODB\Component.odb' is closed by 13600@DESKTOP-FUGN7L0

------------------------------------------------------------------------------------------------------------------------

[2017-11-22 11:25:21 #1 store] 
Database 'D:\edit\AppDesktop\mealbarn\src\ODB\Account.odb' is opened by 10968@DESKTOP-FUGN7L0

[2017-11-22 11:25:21 #2 store] 
Configuration path: ?

[2017-11-22 11:25:22 #3 type] 
Type ooad.Account is not enhanced.

[2017-11-22 11:25:22 #4 type] 
Type ooad.Food is not enhanced.

[2017-11-22 11:25:22 #5 store] 
Database 'D:\edit\AppDesktop\mealbarn\src\ODB\Account.odb' is closed by 10968@DESKTOP-FUGN7L0

[2017-11-22 11:25:22 #6 store] 
Database 'D:\edit\AppDesktop\mealbarn\src\ODB\Food.odb' is opened by 10968@DESKTOP-FUGN7L0

[2017-11-22 11:25:22 #7 store] 
Configuration path: ?

[2017-11-22 11:25:22 #8 store] 
Database 'D:\edit\AppDesktop\mealbarn\src\ODB\Food.odb' is closed by 10968@DESKTOP-FUGN7L0

[2017-11-22 11:25:22 #9 store] 
Database 'D:\edit\AppDesktop\mealbarn\src\ODB\ImageSize.odb' is opened by 10968@DESKTOP-FUGN7L0

[2017-11-22 11:25:22 #10 store] 
Configuration path: ?

[2017-11-22 11:25:22 #11 type] 
Type ooad.ImageSize is not enhanced.

[2017-11-22 11:25:22 #12 store] 
Database 'D:\edit\AppDesktop\mealbarn\src\ODB\ImageSize.odb' is closed by 10968@DESKTOP-FUGN7L0

[2017-11-22 11:25:22 #13 store] 
Database 'D:\edit\AppDesktop\mealbarn\src\ODB\Component.odb' is opened by 10968@DESKTOP-FUGN7L0

[2017-11-22 11:25:22 #14 store] 
Configuration path: ?

[2017-11-22 11:25:22 #15 type] 
Type ooad.Component is not enhanced.

[2017-11-22 11:25:22 #16 store] 
Database 'D:\edit\AppDesktop\mealbarn\src\ODB\Component.odb' is closed by 10968@DESKTOP-FUGN7L0

------------------------------------------------------------------------------------------------------------------------

[2017-11-22 11:27:31 #1 store] 
Database 'D:\edit\AppDesktop\mealbarn\src\ODB\Account.odb' is opened by 12832@DESKTOP-FUGN7L0

[2017-11-22 11:27:31 #2 store] 
Configuration path: ?

[2017-11-22 11:27:32 #3 type] 
Type ooad.Account is not enhanced.

[2017-11-22 11:27:32 #4 type] 
Type ooad.Food is not enhanced.

[2017-11-22 11:27:32 #5 store] 
Database 'D:\edit\AppDesktop\mealbarn\src\ODB\Account.odb' is closed by 12832@DESKTOP-FUGN7L0

[2017-11-22 11:27:32 #6 store] 
Database 'D:\edit\AppDesktop\mealbarn\src\ODB\Food.odb' is opened by 12832@DESKTOP-FUGN7L0

[2017-11-22 11:27:32 #7 store] 
Configuration path: ?

[2017-11-22 11:27:32 #8 store] 
Database 'D:\edit\AppDesktop\mealbarn\src\ODB\Food.odb' is closed by 12832@DESKTOP-FUGN7L0

[2017-11-22 11:27:32 #9 store] 
Database 'D:\edit\AppDesktop\mealbarn\src\ODB\ImageSize.odb' is opened by 12832@DESKTOP-FUGN7L0

[2017-11-22 11:27:32 #10 store] 
Configuration path: ?

[2017-11-22 11:27:32 #11 type] 
Type ooad.ImageSize is not enhanced.

[2017-11-22 11:27:32 #12 store] 
Database 'D:\edit\AppDesktop\mealbarn\src\ODB\ImageSize.odb' is closed by 12832@DESKTOP-FUGN7L0

[2017-11-22 11:27:32 #13 store] 
Database 'D:\edit\AppDesktop\mealbarn\src\ODB\Component.odb' is opened by 12832@DESKTOP-FUGN7L0

[2017-11-22 11:27:32 #14 store] 
Configuration path: ?

[2017-11-22 11:27:32 #15 type] 
Type ooad.Component is not enhanced.

[2017-11-22 11:27:32 #16 store] 
Database 'D:\edit\AppDesktop\mealbarn\src\ODB\Component.odb' is closed by 12832@DESKTOP-FUGN7L0

------------------------------------------------------------------------------------------------------------------------

[2017-11-22 13:06:21 #1 store] 
Database 'D:\edit\AppDesktop\mealbarn\src\ODB\Food.odb' is opened by 6176@DESKTOP-FUGN7L0

[2017-11-22 13:06:21 #2 store] 
Configuration path: ?

[2017-11-22 13:06:22 #3 type] 
Type ooad.Food is not enhanced.

[2017-11-22 13:06:22 #4 store] 
Database 'D:\edit\AppDesktop\mealbarn\src\ODB\Food.odb' is closed by 6176@DESKTOP-FUGN7L0

[2017-11-22 13:06:22 #5 store] 
Database 'D:\edit\AppDesktop\mealbarn\src\ODB\ImageSize.odb' is opened by 6176@DESKTOP-FUGN7L0

[2017-11-22 13:06:22 #6 store] 
Configuration path: ?

[2017-11-22 13:06:22 #7 type] 
Type ooad.ImageSize is not enhanced.

[2017-11-22 13:06:22 #8 store] 
Database 'D:\edit\AppDesktop\mealbarn\src\ODB\ImageSize.odb' is closed by 6176@DESKTOP-FUGN7L0

[2017-11-22 13:06:22 #9 store] 
Database 'D:\edit\AppDesktop\mealbarn\src\ODB\Component.odb' is opened by 6176@DESKTOP-FUGN7L0

[2017-11-22 13:06:22 #10 store] 
Configuration path: ?

[2017-11-22 13:06:22 #11 type] 
Type ooad.Component is not enhanced.

[2017-11-22 13:06:22 #12 store] 
Database 'D:\edit\AppDesktop\mealbarn\src\ODB\Component.odb' is closed by 6176@DESKTOP-FUGN7L0

[2017-11-22 13:06:23 #13 store] 
Database 'D:\edit\AppDesktop\mealbarn\src\ODB\Account.odb' is opened by 6176@DESKTOP-FUGN7L0

[2017-11-22 13:06:23 #14 store] 
Configuration path: ?

[2017-11-22 13:06:23 #15 type] 
Type ooad.Account is not enhanced.

[2017-11-22 13:06:23 #16 store] 
Database 'D:\edit\AppDesktop\mealbarn\src\ODB\Account.odb' is closed by 6176@DESKTOP-FUGN7L0

------------------------------------------------------------------------------------------------------------------------

[2017-11-22 13:11:44 #1 store] 
Database 'D:\edit\AppDesktop\mealbarn\src\ODB\Food.odb' is opened by 14724@DESKTOP-FUGN7L0

[2017-11-22 13:11:44 #2 store] 
Configuration path: ?

[2017-11-22 13:11:45 #3 type] 
Type ooad.Food is not enhanced.

[2017-11-22 13:11:45 #4 store] 
Database 'D:\edit\AppDesktop\mealbarn\src\ODB\Food.odb' is closed by 14724@DESKTOP-FUGN7L0

[2017-11-22 13:11:46 #5 store] 
Database 'D:\edit\AppDesktop\mealbarn\src\ODB\ImageSize.odb' is opened by 14724@DESKTOP-FUGN7L0

[2017-11-22 13:11:46 #6 store] 
Configuration path: ?

[2017-11-22 13:11:46 #7 type] 
Type ooad.ImageSize is not enhanced.

[2017-11-22 13:11:46 #8 store] 
Database 'D:\edit\AppDesktop\mealbarn\src\ODB\ImageSize.odb' is closed by 14724@DESKTOP-FUGN7L0

[2017-11-22 13:11:46 #9 store] 
Database 'D:\edit\AppDesktop\mealbarn\src\ODB\Component.odb' is opened by 14724@DESKTOP-FUGN7L0

[2017-11-22 13:11:46 #10 store] 
Configuration path: ?

[2017-11-22 13:11:46 #11 type] 
Type ooad.Component is not enhanced.

[2017-11-22 13:11:46 #12 store] 
Database 'D:\edit\AppDesktop\mealbarn\src\ODB\Component.odb' is closed by 14724@DESKTOP-FUGN7L0

[2017-11-22 13:11:46 #13 store] 
Database 'D:\edit\AppDesktop\mealbarn\src\ODB\Account.odb' is opened by 14724@DESKTOP-FUGN7L0

[2017-11-22 13:11:46 #14 store] 
Configuration path: ?

[2017-11-22 13:11:46 #15 type] 
Type ooad.Account is not enhanced.

[2017-11-22 13:11:46 #16 store] 
Database 'D:\edit\AppDesktop\mealbarn\src\ODB\Account.odb' is closed by 14724@DESKTOP-FUGN7L0

------------------------------------------------------------------------------------------------------------------------

[2017-11-22 13:13:35 #1 store] 
Database 'D:\edit\AppDesktop\mealbarn\src\ODB\Food.odb' is opened by 1228@DESKTOP-FUGN7L0

[2017-11-22 13:13:35 #2 store] 
Configuration path: ?

[2017-11-22 13:13:35 #3 type] 
Type ooad.Food is not enhanced.

[2017-11-22 13:13:36 #4 store] 
Database 'D:\edit\AppDesktop\mealbarn\src\ODB\Food.odb' is closed by 1228@DESKTOP-FUGN7L0

[2017-11-22 13:13:36 #5 store] 
Database 'D:\edit\AppDesktop\mealbarn\src\ODB\ImageSize.odb' is opened by 1228@DESKTOP-FUGN7L0

[2017-11-22 13:13:36 #6 store] 
Configuration path: ?

[2017-11-22 13:13:36 #7 type] 
Type ooad.ImageSize is not enhanced.

[2017-11-22 13:13:36 #8 store] 
Database 'D:\edit\AppDesktop\mealbarn\src\ODB\ImageSize.odb' is closed by 1228@DESKTOP-FUGN7L0

[2017-11-22 13:13:36 #9 store] 
Database 'D:\edit\AppDesktop\mealbarn\src\ODB\Component.odb' is opened by 1228@DESKTOP-FUGN7L0

[2017-11-22 13:13:36 #10 store] 
Configuration path: ?

[2017-11-22 13:13:36 #11 type] 
Type ooad.Component is not enhanced.

[2017-11-22 13:13:36 #12 store] 
Database 'D:\edit\AppDesktop\mealbarn\src\ODB\Component.odb' is closed by 1228@DESKTOP-FUGN7L0

[2017-11-22 13:13:36 #13 store] 
Database 'D:\edit\AppDesktop\mealbarn\src\ODB\Account.odb' is opened by 1228@DESKTOP-FUGN7L0

[2017-11-22 13:13:36 #14 store] 
Configuration path: ?

[2017-11-22 13:13:36 #15 type] 
Type ooad.Account is not enhanced.

[2017-11-22 13:13:36 #16 store] 
Database 'D:\edit\AppDesktop\mealbarn\src\ODB\Account.odb' is closed by 1228@DESKTOP-FUGN7L0

------------------------------------------------------------------------------------------------------------------------

[2017-11-22 13:15:33 #1 store] 
Database 'D:\edit\AppDesktop\mealbarn\src\ODB\Food.odb' is opened by 17416@DESKTOP-FUGN7L0

[2017-11-22 13:15:33 #2 store] 
Configuration path: ?

[2017-11-22 13:15:33 #3 type] 
Type ooad.Food is not enhanced.

[2017-11-22 13:15:34 #4 store] 
Database 'D:\edit\AppDesktop\mealbarn\src\ODB\Food.odb' is closed by 17416@DESKTOP-FUGN7L0

[2017-11-22 13:15:34 #5 store] 
Database 'D:\edit\AppDesktop\mealbarn\src\ODB\ImageSize.odb' is opened by 17416@DESKTOP-FUGN7L0

[2017-11-22 13:15:34 #6 store] 
Configuration path: ?

[2017-11-22 13:15:34 #7 type] 
Type ooad.ImageSize is not enhanced.

[2017-11-22 13:15:34 #8 store] 
Database 'D:\edit\AppDesktop\mealbarn\src\ODB\ImageSize.odb' is closed by 17416@DESKTOP-FUGN7L0

[2017-11-22 13:15:34 #9 store] 
Database 'D:\edit\AppDesktop\mealbarn\src\ODB\Component.odb' is opened by 17416@DESKTOP-FUGN7L0

[2017-11-22 13:15:34 #10 store] 
Configuration path: ?

[2017-11-22 13:15:34 #11 type] 
Type ooad.Component is not enhanced.

[2017-11-22 13:15:34 #12 store] 
Database 'D:\edit\AppDesktop\mealbarn\src\ODB\Component.odb' is closed by 17416@DESKTOP-FUGN7L0

[2017-11-22 13:15:34 #13 store] 
Database 'D:\edit\AppDesktop\mealbarn\src\ODB\Account.odb' is opened by 17416@DESKTOP-FUGN7L0

[2017-11-22 13:15:34 #14 store] 
Configuration path: ?

[2017-11-22 13:15:34 #15 type] 
Type ooad.Account is not enhanced.

[2017-11-22 13:15:35 #16 store] 
Database 'D:\edit\AppDesktop\mealbarn\src\ODB\Account.odb' is closed by 17416@DESKTOP-FUGN7L0

------------------------------------------------------------------------------------------------------------------------

[2017-11-22 13:16:31 #1 store] 
Database 'D:\edit\AppDesktop\mealbarn\src\ODB\Food.odb' is opened by 18296@DESKTOP-FUGN7L0

[2017-11-22 13:16:31 #2 store] 
Configuration path: ?

[2017-11-22 13:16:31 #3 type] 
Type ooad.Food is not enhanced.

[2017-11-22 13:16:32 #4 store] 
Database 'D:\edit\AppDesktop\mealbarn\src\ODB\Food.odb' is closed by 18296@DESKTOP-FUGN7L0

[2017-11-22 13:16:32 #5 store] 
Database 'D:\edit\AppDesktop\mealbarn\src\ODB\ImageSize.odb' is opened by 18296@DESKTOP-FUGN7L0

[2017-11-22 13:16:32 #6 store] 
Configuration path: ?

[2017-11-22 13:16:32 #7 type] 
Type ooad.ImageSize is not enhanced.

[2017-11-22 13:16:32 #8 store] 
Database 'D:\edit\AppDesktop\mealbarn\src\ODB\ImageSize.odb' is closed by 18296@DESKTOP-FUGN7L0

[2017-11-22 13:16:32 #9 store] 
Database 'D:\edit\AppDesktop\mealbarn\src\ODB\Component.odb' is opened by 18296@DESKTOP-FUGN7L0

[2017-11-22 13:16:32 #10 store] 
Configuration path: ?

[2017-11-22 13:16:32 #11 type] 
Type ooad.Component is not enhanced.

[2017-11-22 13:16:33 #12 store] 
Database 'D:\edit\AppDesktop\mealbarn\src\ODB\Component.odb' is closed by 18296@DESKTOP-FUGN7L0

[2017-11-22 13:16:33 #13 store] 
Database 'D:\edit\AppDesktop\mealbarn\src\ODB\Account.odb' is opened by 18296@DESKTOP-FUGN7L0

[2017-11-22 13:16:33 #14 store] 
Configuration path: ?

[2017-11-22 13:16:33 #15 type] 
Type ooad.Account is not enhanced.

[2017-11-22 13:16:33 #16 store] 
Database 'D:\edit\AppDesktop\mealbarn\src\ODB\Account.odb' is closed by 18296@DESKTOP-FUGN7L0

------------------------------------------------------------------------------------------------------------------------

[2017-11-22 13:38:18 #1 store] 
Database 'D:\edit\AppDesktop\mealbarn\src\ODB\Food.odb' is opened by 2252@DESKTOP-FUGN7L0

[2017-11-22 13:38:18 #2 store] 
Configuration path: ?

[2017-11-22 13:38:19 #3 type] 
Type ooad.Food is not enhanced.

[2017-11-22 13:38:19 #4 store] 
Database 'D:\edit\AppDesktop\mealbarn\src\ODB\Food.odb' is closed by 2252@DESKTOP-FUGN7L0

[2017-11-22 13:38:19 #5 store] 
Database 'D:\edit\AppDesktop\mealbarn\src\ODB\ImageSize.odb' is opened by 2252@DESKTOP-FUGN7L0

[2017-11-22 13:38:19 #6 store] 
Configuration path: ?

[2017-11-22 13:38:19 #7 type] 
Type ooad.ImageSize is not enhanced.

[2017-11-22 13:38:19 #8 store] 
Database 'D:\edit\AppDesktop\mealbarn\src\ODB\ImageSize.odb' is closed by 2252@DESKTOP-FUGN7L0

[2017-11-22 13:38:19 #9 store] 
Database 'D:\edit\AppDesktop\mealbarn\src\ODB\Component.odb' is opened by 2252@DESKTOP-FUGN7L0

[2017-11-22 13:38:19 #10 store] 
Configuration path: ?

[2017-11-22 13:38:19 #11 type] 
Type ooad.Component is not enhanced.

[2017-11-22 13:38:19 #12 store] 
Database 'D:\edit\AppDesktop\mealbarn\src\ODB\Component.odb' is closed by 2252@DESKTOP-FUGN7L0

[2017-11-22 13:38:20 #13 store] 
Database 'D:\edit\AppDesktop\mealbarn\src\ODB\Account.odb' is opened by 2252@DESKTOP-FUGN7L0

[2017-11-22 13:38:20 #14 store] 
Configuration path: ?

[2017-11-22 13:38:20 #15 type] 
Type ooad.Account is not enhanced.

[2017-11-22 13:38:20 #16 store] 
Database 'D:\edit\AppDesktop\mealbarn\src\ODB\Account.odb' is closed by 2252@DESKTOP-FUGN7L0

------------------------------------------------------------------------------------------------------------------------

[2017-11-22 13:41:50 #1 store] 
Database 'D:\edit\AppDesktop\mealbarn\src\ODB\Food.odb' is opened by 14752@DESKTOP-FUGN7L0

[2017-11-22 13:41:50 #2 store] 
Configuration path: ?

[2017-11-22 13:41:50 #3 type] 
Type ooad.Food is not enhanced.

[2017-11-22 13:41:50 #4 store] 
Database 'D:\edit\AppDesktop\mealbarn\src\ODB\Food.odb' is closed by 14752@DESKTOP-FUGN7L0

[2017-11-22 13:41:51 #5 store] 
Database 'D:\edit\AppDesktop\mealbarn\src\ODB\ImageSize.odb' is opened by 14752@DESKTOP-FUGN7L0

[2017-11-22 13:41:51 #6 store] 
Configuration path: ?

[2017-11-22 13:41:51 #7 type] 
Type ooad.ImageSize is not enhanced.

[2017-11-22 13:41:51 #8 store] 
Database 'D:\edit\AppDesktop\mealbarn\src\ODB\ImageSize.odb' is closed by 14752@DESKTOP-FUGN7L0

[2017-11-22 13:41:51 #9 store] 
Database 'D:\edit\AppDesktop\mealbarn\src\ODB\Component.odb' is opened by 14752@DESKTOP-FUGN7L0

[2017-11-22 13:41:51 #10 store] 
Configuration path: ?

[2017-11-22 13:41:51 #11 type] 
Type ooad.Component is not enhanced.

[2017-11-22 13:41:51 #12 store] 
Database 'D:\edit\AppDesktop\mealbarn\src\ODB\Component.odb' is closed by 14752@DESKTOP-FUGN7L0

[2017-11-22 13:41:51 #13 store] 
Database 'D:\edit\AppDesktop\mealbarn\src\ODB\Account.odb' is opened by 14752@DESKTOP-FUGN7L0

[2017-11-22 13:41:51 #14 store] 
Configuration path: ?

[2017-11-22 13:41:51 #15 type] 
Type ooad.Account is not enhanced.

[2017-11-22 13:41:51 #16 store] 
Database 'D:\edit\AppDesktop\mealbarn\src\ODB\Account.odb' is closed by 14752@DESKTOP-FUGN7L0

------------------------------------------------------------------------------------------------------------------------

[2017-11-22 13:47:22 #1 store] 
Database 'D:\edit\AppDesktop\mealbarn\src\ODB\Food.odb' is opened by 10208@DESKTOP-FUGN7L0

[2017-11-22 13:47:22 #2 store] 
Configuration path: ?

[2017-11-22 13:47:22 #3 type] 
Type ooad.Food is not enhanced.

[2017-11-22 13:47:23 #4 store] 
Database 'D:\edit\AppDesktop\mealbarn\src\ODB\Food.odb' is closed by 10208@DESKTOP-FUGN7L0

[2017-11-22 13:47:23 #5 store] 
Database 'D:\edit\AppDesktop\mealbarn\src\ODB\ImageSize.odb' is opened by 10208@DESKTOP-FUGN7L0

[2017-11-22 13:47:23 #6 store] 
Configuration path: ?

[2017-11-22 13:47:23 #7 type] 
Type ooad.ImageSize is not enhanced.

[2017-11-22 13:47:23 #8 store] 
Database 'D:\edit\AppDesktop\mealbarn\src\ODB\ImageSize.odb' is closed by 10208@DESKTOP-FUGN7L0

[2017-11-22 13:47:23 #9 store] 
Database 'D:\edit\AppDesktop\mealbarn\src\ODB\Component.odb' is opened by 10208@DESKTOP-FUGN7L0

[2017-11-22 13:47:23 #10 store] 
Configuration path: ?

[2017-11-22 13:47:23 #11 type] 
Type ooad.Component is not enhanced.

[2017-11-22 13:47:23 #12 store] 
Database 'D:\edit\AppDesktop\mealbarn\src\ODB\Component.odb' is closed by 10208@DESKTOP-FUGN7L0

[2017-11-22 13:47:23 #13 store] 
Database 'D:\edit\AppDesktop\mealbarn\src\ODB\Account.odb' is opened by 10208@DESKTOP-FUGN7L0

[2017-11-22 13:47:23 #14 store] 
Configuration path: ?

[2017-11-22 13:47:23 #15 type] 
Type ooad.Account is not enhanced.

[2017-11-22 13:47:23 #16 store] 
Database 'D:\edit\AppDesktop\mealbarn\src\ODB\Account.odb' is closed by 10208@DESKTOP-FUGN7L0

------------------------------------------------------------------------------------------------------------------------

[2017-11-22 13:50:17 #1 store] 
Database 'D:\edit\AppDesktop\mealbarn\src\ODB\Food.odb' is opened by 15736@DESKTOP-FUGN7L0

[2017-11-22 13:50:17 #2 store] 
Configuration path: ?

[2017-11-22 13:50:17 #3 type] 
Type ooad.Food is not enhanced.

[2017-11-22 13:50:17 #4 store] 
Database 'D:\edit\AppDesktop\mealbarn\src\ODB\Food.odb' is closed by 15736@DESKTOP-FUGN7L0

[2017-11-22 13:50:17 #5 store] 
Database 'D:\edit\AppDesktop\mealbarn\src\ODB\ImageSize.odb' is opened by 15736@DESKTOP-FUGN7L0

[2017-11-22 13:50:17 #6 store] 
Configuration path: ?

[2017-11-22 13:50:17 #7 type] 
Type ooad.ImageSize is not enhanced.

[2017-11-22 13:50:18 #8 store] 
Database 'D:\edit\AppDesktop\mealbarn\src\ODB\ImageSize.odb' is closed by 15736@DESKTOP-FUGN7L0

[2017-11-22 13:50:18 #9 store] 
Database 'D:\edit\AppDesktop\mealbarn\src\ODB\Component.odb' is opened by 15736@DESKTOP-FUGN7L0

[2017-11-22 13:50:18 #10 store] 
Configuration path: ?

[2017-11-22 13:50:18 #11 type] 
Type ooad.Component is not enhanced.

[2017-11-22 13:50:18 #12 store] 
Database 'D:\edit\AppDesktop\mealbarn\src\ODB\Component.odb' is closed by 15736@DESKTOP-FUGN7L0

[2017-11-22 13:50:18 #13 store] 
Database 'D:\edit\AppDesktop\mealbarn\src\ODB\Account.odb' is opened by 15736@DESKTOP-FUGN7L0

[2017-11-22 13:50:18 #14 store] 
Configuration path: ?

[2017-11-22 13:50:18 #15 type] 
Type ooad.Account is not enhanced.

[2017-11-22 13:50:18 #16 store] 
Database 'D:\edit\AppDesktop\mealbarn\src\ODB\Account.odb' is closed by 15736@DESKTOP-FUGN7L0

------------------------------------------------------------------------------------------------------------------------

[2017-11-22 13:55:06 #1 store] 
Database 'D:\edit\AppDesktop\mealbarn\src\ODB\Food.odb' is opened by 12084@DESKTOP-FUGN7L0

[2017-11-22 13:55:06 #2 store] 
Configuration path: ?

[2017-11-22 13:55:06 #3 type] 
Type ooad.Food is not enhanced.

[2017-11-22 13:55:07 #4 store] 
Database 'D:\edit\AppDesktop\mealbarn\src\ODB\Food.odb' is closed by 12084@DESKTOP-FUGN7L0

[2017-11-22 13:55:07 #5 store] 
Database 'D:\edit\AppDesktop\mealbarn\src\ODB\ImageSize.odb' is opened by 12084@DESKTOP-FUGN7L0

[2017-11-22 13:55:07 #6 store] 
Configuration path: ?

[2017-11-22 13:55:07 #7 type] 
Type ooad.ImageSize is not enhanced.

[2017-11-22 13:55:07 #8 store] 
Database 'D:\edit\AppDesktop\mealbarn\src\ODB\ImageSize.odb' is closed by 12084@DESKTOP-FUGN7L0

[2017-11-22 13:55:07 #9 store] 
Database 'D:\edit\AppDesktop\mealbarn\src\ODB\Component.odb' is opened by 12084@DESKTOP-FUGN7L0

[2017-11-22 13:55:07 #10 store] 
Configuration path: ?

[2017-11-22 13:55:07 #11 type] 
Type ooad.Component is not enhanced.

[2017-11-22 13:55:07 #12 store] 
Database 'D:\edit\AppDesktop\mealbarn\src\ODB\Component.odb' is closed by 12084@DESKTOP-FUGN7L0

[2017-11-22 13:55:07 #13 store] 
Database 'D:\edit\AppDesktop\mealbarn\src\ODB\Account.odb' is opened by 12084@DESKTOP-FUGN7L0

[2017-11-22 13:55:07 #14 store] 
Configuration path: ?

[2017-11-22 13:55:07 #15 type] 
Type ooad.Account is not enhanced.

[2017-11-22 13:55:07 #16 store] 
Database 'D:\edit\AppDesktop\mealbarn\src\ODB\Account.odb' is closed by 12084@DESKTOP-FUGN7L0

------------------------------------------------------------------------------------------------------------------------

[2017-11-22 14:01:25 #1 store] 
Database 'D:\edit\AppDesktop\mealbarn\src\ODB\Food.odb' is opened by 13120@DESKTOP-FUGN7L0

[2017-11-22 14:01:25 #2 store] 
Configuration path: ?

[2017-11-22 14:01:26 #3 type] 
Type ooad.Food is not enhanced.

[2017-11-22 14:01:26 #4 store] 
Database 'D:\edit\AppDesktop\mealbarn\src\ODB\Food.odb' is closed by 13120@DESKTOP-FUGN7L0

[2017-11-22 14:01:26 #5 store] 
Database 'D:\edit\AppDesktop\mealbarn\src\ODB\ImageSize.odb' is opened by 13120@DESKTOP-FUGN7L0

[2017-11-22 14:01:26 #6 store] 
Configuration path: ?

[2017-11-22 14:01:26 #7 type] 
Type ooad.ImageSize is not enhanced.

[2017-11-22 14:01:27 #8 store] 
Database 'D:\edit\AppDesktop\mealbarn\src\ODB\ImageSize.odb' is closed by 13120@DESKTOP-FUGN7L0

[2017-11-22 14:01:27 #9 store] 
Database 'D:\edit\AppDesktop\mealbarn\src\ODB\Component.odb' is opened by 13120@DESKTOP-FUGN7L0

[2017-11-22 14:01:27 #10 store] 
Configuration path: ?

[2017-11-22 14:01:27 #11 type] 
Type ooad.Component is not enhanced.

[2017-11-22 14:01:27 #12 store] 
Database 'D:\edit\AppDesktop\mealbarn\src\ODB\Component.odb' is closed by 13120@DESKTOP-FUGN7L0

[2017-11-22 14:01:27 #13 store] 
Database 'D:\edit\AppDesktop\mealbarn\src\ODB\Account.odb' is opened by 13120@DESKTOP-FUGN7L0

[2017-11-22 14:01:27 #14 store] 
Configuration path: ?

[2017-11-22 14:01:27 #15 type] 
Type ooad.Account is not enhanced.

[2017-11-22 14:01:27 #16 store] 
Database 'D:\edit\AppDesktop\mealbarn\src\ODB\Account.odb' is closed by 13120@DESKTOP-FUGN7L0

------------------------------------------------------------------------------------------------------------------------

[2017-11-22 14:08:33 #1 store] 
Database 'D:\edit\AppDesktop\mealbarn\src\ODB\Food.odb' is opened by 13976@DESKTOP-FUGN7L0

[2017-11-22 14:08:33 #2 store] 
Configuration path: ?

[2017-11-22 14:08:33 #3 type] 
Type ooad.Food is not enhanced.

[2017-11-22 14:08:34 #4 store] 
Database 'D:\edit\AppDesktop\mealbarn\src\ODB\Food.odb' is closed by 13976@DESKTOP-FUGN7L0

[2017-11-22 14:08:34 #5 store] 
Database 'D:\edit\AppDesktop\mealbarn\src\ODB\ImageSize.odb' is opened by 13976@DESKTOP-FUGN7L0

[2017-11-22 14:08:34 #6 store] 
Configuration path: ?

[2017-11-22 14:08:34 #7 type] 
Type ooad.ImageSize is not enhanced.

[2017-11-22 14:08:34 #8 store] 
Database 'D:\edit\AppDesktop\mealbarn\src\ODB\ImageSize.odb' is closed by 13976@DESKTOP-FUGN7L0

[2017-11-22 14:08:34 #9 store] 
Database 'D:\edit\AppDesktop\mealbarn\src\ODB\Component.odb' is opened by 13976@DESKTOP-FUGN7L0

[2017-11-22 14:08:34 #10 store] 
Configuration path: ?

[2017-11-22 14:08:34 #11 type] 
Type ooad.Component is not enhanced.

[2017-11-22 14:08:34 #12 store] 
Database 'D:\edit\AppDesktop\mealbarn\src\ODB\Component.odb' is closed by 13976@DESKTOP-FUGN7L0

[2017-11-22 14:08:34 #13 store] 
Database 'D:\edit\AppDesktop\mealbarn\src\ODB\Account.odb' is opened by 13976@DESKTOP-FUGN7L0

[2017-11-22 14:08:34 #14 store] 
Configuration path: ?

[2017-11-22 14:08:34 #15 type] 
Type ooad.Account is not enhanced.

[2017-11-22 14:08:34 #16 store] 
Database 'D:\edit\AppDesktop\mealbarn\src\ODB\Account.odb' is closed by 13976@DESKTOP-FUGN7L0

------------------------------------------------------------------------------------------------------------------------

[2017-11-22 14:14:00 #1 store] 
Database 'D:\edit\AppDesktop\mealbarn\src\ODB\Food.odb' is opened by 10084@DESKTOP-FUGN7L0

[2017-11-22 14:14:00 #2 store] 
Configuration path: ?

[2017-11-22 14:14:00 #3 type] 
Type ooad.Food is not enhanced.

[2017-11-22 14:14:00 #4 store] 
Database 'D:\edit\AppDesktop\mealbarn\src\ODB\Food.odb' is closed by 10084@DESKTOP-FUGN7L0

[2017-11-22 14:14:01 #5 store] 
Database 'D:\edit\AppDesktop\mealbarn\src\ODB\ImageSize.odb' is opened by 10084@DESKTOP-FUGN7L0

[2017-11-22 14:14:01 #6 store] 
Configuration path: ?

[2017-11-22 14:14:01 #7 type] 
Type ooad.ImageSize is not enhanced.

[2017-11-22 14:14:01 #8 store] 
Database 'D:\edit\AppDesktop\mealbarn\src\ODB\ImageSize.odb' is closed by 10084@DESKTOP-FUGN7L0

[2017-11-22 14:14:01 #9 store] 
Database 'D:\edit\AppDesktop\mealbarn\src\ODB\Component.odb' is opened by 10084@DESKTOP-FUGN7L0

[2017-11-22 14:14:01 #10 store] 
Configuration path: ?

[2017-11-22 14:14:01 #11 type] 
Type ooad.Component is not enhanced.

[2017-11-22 14:14:01 #12 store] 
Database 'D:\edit\AppDesktop\mealbarn\src\ODB\Component.odb' is closed by 10084@DESKTOP-FUGN7L0

[2017-11-22 14:14:01 #13 store] 
Database 'D:\edit\AppDesktop\mealbarn\src\ODB\Account.odb' is opened by 10084@DESKTOP-FUGN7L0

[2017-11-22 14:14:01 #14 store] 
Configuration path: ?

[2017-11-22 14:14:01 #15 type] 
Type ooad.Account is not enhanced.

[2017-11-22 14:14:01 #16 store] 
Database 'D:\edit\AppDesktop\mealbarn\src\ODB\Account.odb' is closed by 10084@DESKTOP-FUGN7L0

------------------------------------------------------------------------------------------------------------------------

[2017-11-22 14:23:47 #1 store] 
Database 'D:\edit\AppDesktop\mealbarn\src\ODB\Food.odb' is opened by 11456@DESKTOP-FUGN7L0

[2017-11-22 14:23:47 #2 store] 
Configuration path: ?

[2017-11-22 14:23:48 #3 type] 
Type ooad.Food is not enhanced.

[2017-11-22 14:23:48 #4 store] 
Database 'D:\edit\AppDesktop\mealbarn\src\ODB\Food.odb' is closed by 11456@DESKTOP-FUGN7L0

[2017-11-22 14:23:49 #5 store] 
Database 'D:\edit\AppDesktop\mealbarn\src\ODB\ImageSize.odb' is opened by 11456@DESKTOP-FUGN7L0

[2017-11-22 14:23:49 #6 store] 
Configuration path: ?

[2017-11-22 14:23:49 #7 type] 
Type ooad.ImageSize is not enhanced.

[2017-11-22 14:23:49 #8 store] 
Database 'D:\edit\AppDesktop\mealbarn\src\ODB\ImageSize.odb' is closed by 11456@DESKTOP-FUGN7L0

[2017-11-22 14:23:49 #9 store] 
Database 'D:\edit\AppDesktop\mealbarn\src\ODB\Component.odb' is opened by 11456@DESKTOP-FUGN7L0

[2017-11-22 14:23:49 #10 store] 
Configuration path: ?

[2017-11-22 14:23:49 #11 type] 
Type ooad.Component is not enhanced.

[2017-11-22 14:23:49 #12 store] 
Database 'D:\edit\AppDesktop\mealbarn\src\ODB\Component.odb' is closed by 11456@DESKTOP-FUGN7L0

[2017-11-22 14:23:49 #13 store] 
Database 'D:\edit\AppDesktop\mealbarn\src\ODB\Account.odb' is opened by 11456@DESKTOP-FUGN7L0

[2017-11-22 14:23:49 #14 store] 
Configuration path: ?

[2017-11-22 14:23:49 #15 type] 
Type ooad.Account is not enhanced.

[2017-11-22 14:23:49 #16 store] 
Database 'D:\edit\AppDesktop\mealbarn\src\ODB\Account.odb' is closed by 11456@DESKTOP-FUGN7L0

------------------------------------------------------------------------------------------------------------------------

[2017-11-22 14:25:22 #1 store] 
Database 'D:\edit\AppDesktop\mealbarn\src\ODB\Food.odb' is opened by 8448@DESKTOP-FUGN7L0

[2017-11-22 14:25:22 #2 store] 
Configuration path: ?

[2017-11-22 14:25:22 #3 type] 
Type ooad.Food is not enhanced.

[2017-11-22 14:25:23 #4 store] 
Database 'D:\edit\AppDesktop\mealbarn\src\ODB\Food.odb' is closed by 8448@DESKTOP-FUGN7L0

[2017-11-22 14:25:23 #5 store] 
Database 'D:\edit\AppDesktop\mealbarn\src\ODB\ImageSize.odb' is opened by 8448@DESKTOP-FUGN7L0

[2017-11-22 14:25:23 #6 store] 
Configuration path: ?

[2017-11-22 14:25:23 #7 type] 
Type ooad.ImageSize is not enhanced.

[2017-11-22 14:25:23 #8 store] 
Database 'D:\edit\AppDesktop\mealbarn\src\ODB\ImageSize.odb' is closed by 8448@DESKTOP-FUGN7L0

[2017-11-22 14:25:23 #9 store] 
Database 'D:\edit\AppDesktop\mealbarn\src\ODB\Component.odb' is opened by 8448@DESKTOP-FUGN7L0

[2017-11-22 14:25:23 #10 store] 
Configuration path: ?

[2017-11-22 14:25:23 #11 type] 
Type ooad.Component is not enhanced.

[2017-11-22 14:25:23 #12 store] 
Database 'D:\edit\AppDesktop\mealbarn\src\ODB\Component.odb' is closed by 8448@DESKTOP-FUGN7L0

[2017-11-22 14:25:23 #13 store] 
Database 'D:\edit\AppDesktop\mealbarn\src\ODB\Account.odb' is opened by 8448@DESKTOP-FUGN7L0

[2017-11-22 14:25:23 #14 store] 
Configuration path: ?

[2017-11-22 14:25:23 #15 type] 
Type ooad.Account is not enhanced.

[2017-11-22 14:25:23 #16 store] 
Database 'D:\edit\AppDesktop\mealbarn\src\ODB\Account.odb' is closed by 8448@DESKTOP-FUGN7L0

------------------------------------------------------------------------------------------------------------------------

[2017-11-22 15:53:58 #1 store] 
Database 'D:\edit\AppDesktop\mealbarn\src\ODB\Food.odb' is opened by 17772@DESKTOP-FUGN7L0

[2017-11-22 15:53:58 #2 store] 
Configuration path: ?

[2017-11-22 15:53:58 #3 type] 
Type ooad.Food is not enhanced.

[2017-11-22 15:53:59 #4 store] 
Database 'D:\edit\AppDesktop\mealbarn\src\ODB\Food.odb' is closed by 17772@DESKTOP-FUGN7L0

[2017-11-22 15:53:59 #5 store] 
Database 'D:\edit\AppDesktop\mealbarn\src\ODB\ImageSize.odb' is opened by 17772@DESKTOP-FUGN7L0

[2017-11-22 15:53:59 #6 store] 
Configuration path: ?

[2017-11-22 15:53:59 #7 type] 
Type ooad.ImageSize is not enhanced.

[2017-11-22 15:53:59 #8 store] 
Database 'D:\edit\AppDesktop\mealbarn\src\ODB\ImageSize.odb' is closed by 17772@DESKTOP-FUGN7L0

[2017-11-22 15:53:59 #9 store] 
Database 'D:\edit\AppDesktop\mealbarn\src\ODB\Component.odb' is opened by 17772@DESKTOP-FUGN7L0

[2017-11-22 15:53:59 #10 store] 
Configuration path: ?

[2017-11-22 15:53:59 #11 type] 
Type ooad.Component is not enhanced.

[2017-11-22 15:53:59 #12 store] 
Database 'D:\edit\AppDesktop\mealbarn\src\ODB\Component.odb' is closed by 17772@DESKTOP-FUGN7L0

[2017-11-22 15:53:59 #13 store] 
Database 'D:\edit\AppDesktop\mealbarn\src\ODB\Account.odb' is opened by 17772@DESKTOP-FUGN7L0

[2017-11-22 15:53:59 #14 store] 
Configuration path: ?

[2017-11-22 15:53:59 #15 type] 
Type ooad.Account is not enhanced.

[2017-11-22 15:53:59 #16 store] 
Database 'D:\edit\AppDesktop\mealbarn\src\ODB\Account.odb' is closed by 17772@DESKTOP-FUGN7L0

------------------------------------------------------------------------------------------------------------------------

[2017-11-22 15:54:36 #1 store] 
Database 'D:\edit\AppDesktop\mealbarn\src\ODB\Food.odb' is opened by 11244@DESKTOP-FUGN7L0

[2017-11-22 15:54:36 #2 store] 
Configuration path: ?

[2017-11-22 15:54:36 #3 type] 
Type ooad.Food is not enhanced.

[2017-11-22 15:54:37 #4 store] 
Database 'D:\edit\AppDesktop\mealbarn\src\ODB\Food.odb' is closed by 11244@DESKTOP-FUGN7L0

[2017-11-22 15:54:37 #5 store] 
Database 'D:\edit\AppDesktop\mealbarn\src\ODB\ImageSize.odb' is opened by 11244@DESKTOP-FUGN7L0

[2017-11-22 15:54:37 #6 store] 
Configuration path: ?

[2017-11-22 15:54:37 #7 type] 
Type ooad.ImageSize is not enhanced.

[2017-11-22 15:54:37 #8 store] 
Database 'D:\edit\AppDesktop\mealbarn\src\ODB\ImageSize.odb' is closed by 11244@DESKTOP-FUGN7L0

[2017-11-22 15:54:37 #9 store] 
Database 'D:\edit\AppDesktop\mealbarn\src\ODB\Component.odb' is opened by 11244@DESKTOP-FUGN7L0

[2017-11-22 15:54:37 #10 store] 
Configuration path: ?

[2017-11-22 15:54:37 #11 type] 
Type ooad.Component is not enhanced.

[2017-11-22 15:54:37 #12 store] 
Database 'D:\edit\AppDesktop\mealbarn\src\ODB\Component.odb' is closed by 11244@DESKTOP-FUGN7L0

[2017-11-22 15:54:37 #13 store] 
Database 'D:\edit\AppDesktop\mealbarn\src\ODB\Account.odb' is opened by 11244@DESKTOP-FUGN7L0

[2017-11-22 15:54:37 #14 store] 
Configuration path: ?

[2017-11-22 15:54:37 #15 type] 
Type ooad.Account is not enhanced.

[2017-11-22 15:54:37 #16 store] 
Database 'D:\edit\AppDesktop\mealbarn\src\ODB\Account.odb' is closed by 11244@DESKTOP-FUGN7L0

------------------------------------------------------------------------------------------------------------------------

[2017-11-22 15:56:01 #1 store] 
Database 'D:\edit\AppDesktop\mealbarn\src\ODB\Food.odb' is opened by 13016@DESKTOP-FUGN7L0

[2017-11-22 15:56:01 #2 store] 
Configuration path: ?

[2017-11-22 15:56:02 #3 type] 
Type ooad.Food is not enhanced.

[2017-11-22 15:56:02 #4 store] 
Database 'D:\edit\AppDesktop\mealbarn\src\ODB\Food.odb' is closed by 13016@DESKTOP-FUGN7L0

[2017-11-22 15:56:02 #5 store] 
Database 'D:\edit\AppDesktop\mealbarn\src\ODB\ImageSize.odb' is opened by 13016@DESKTOP-FUGN7L0

[2017-11-22 15:56:02 #6 store] 
Configuration path: ?

[2017-11-22 15:56:02 #7 type] 
Type ooad.ImageSize is not enhanced.

[2017-11-22 15:56:02 #8 store] 
Database 'D:\edit\AppDesktop\mealbarn\src\ODB\ImageSize.odb' is closed by 13016@DESKTOP-FUGN7L0

[2017-11-22 15:56:02 #9 store] 
Database 'D:\edit\AppDesktop\mealbarn\src\ODB\Component.odb' is opened by 13016@DESKTOP-FUGN7L0

[2017-11-22 15:56:02 #10 store] 
Configuration path: ?

[2017-11-22 15:56:02 #11 type] 
Type ooad.Component is not enhanced.

[2017-11-22 15:56:03 #12 store] 
Database 'D:\edit\AppDesktop\mealbarn\src\ODB\Component.odb' is closed by 13016@DESKTOP-FUGN7L0

[2017-11-22 15:56:03 #13 store] 
Database 'D:\edit\AppDesktop\mealbarn\src\ODB\Account.odb' is opened by 13016@DESKTOP-FUGN7L0

[2017-11-22 15:56:03 #14 store] 
Configuration path: ?

[2017-11-22 15:56:03 #15 type] 
Type ooad.Account is not enhanced.

[2017-11-22 15:56:03 #16 store] 
Database 'D:\edit\AppDesktop\mealbarn\src\ODB\Account.odb' is closed by 13016@DESKTOP-FUGN7L0

------------------------------------------------------------------------------------------------------------------------

[2017-11-22 15:57:11 #1 store] 
Database 'D:\edit\AppDesktop\mealbarn\src\ODB\Food.odb' is opened by 17908@DESKTOP-FUGN7L0

[2017-11-22 15:57:11 #2 store] 
Configuration path: ?

[2017-11-22 15:57:12 #3 type] 
Type ooad.Food is not enhanced.

[2017-11-22 15:57:12 #4 store] 
Database 'D:\edit\AppDesktop\mealbarn\src\ODB\Food.odb' is closed by 17908@DESKTOP-FUGN7L0

[2017-11-22 15:57:12 #5 store] 
Database 'D:\edit\AppDesktop\mealbarn\src\ODB\ImageSize.odb' is opened by 17908@DESKTOP-FUGN7L0

[2017-11-22 15:57:12 #6 store] 
Configuration path: ?

[2017-11-22 15:57:12 #7 type] 
Type ooad.ImageSize is not enhanced.

[2017-11-22 15:57:12 #8 store] 
Database 'D:\edit\AppDesktop\mealbarn\src\ODB\ImageSize.odb' is closed by 17908@DESKTOP-FUGN7L0

[2017-11-22 15:57:13 #9 store] 
Database 'D:\edit\AppDesktop\mealbarn\src\ODB\Component.odb' is opened by 17908@DESKTOP-FUGN7L0

[2017-11-22 15:57:13 #10 store] 
Configuration path: ?

[2017-11-22 15:57:13 #11 type] 
Type ooad.Component is not enhanced.

[2017-11-22 15:57:13 #12 store] 
Database 'D:\edit\AppDesktop\mealbarn\src\ODB\Component.odb' is closed by 17908@DESKTOP-FUGN7L0

[2017-11-22 15:57:13 #13 store] 
Database 'D:\edit\AppDesktop\mealbarn\src\ODB\Account.odb' is opened by 17908@DESKTOP-FUGN7L0

[2017-11-22 15:57:13 #14 store] 
Configuration path: ?

[2017-11-22 15:57:13 #15 type] 
Type ooad.Account is not enhanced.

[2017-11-22 15:57:13 #16 store] 
Database 'D:\edit\AppDesktop\mealbarn\src\ODB\Account.odb' is closed by 17908@DESKTOP-FUGN7L0

------------------------------------------------------------------------------------------------------------------------

[2017-11-22 15:58:17 #1 store] 
Database 'D:\edit\AppDesktop\mealbarn\src\ODB\Food.odb' is opened by 7604@DESKTOP-FUGN7L0

[2017-11-22 15:58:17 #2 store] 
Configuration path: ?

[2017-11-22 15:58:17 #3 type] 
Type ooad.Food is not enhanced.

[2017-11-22 15:58:18 #4 store] 
Database 'D:\edit\AppDesktop\mealbarn\src\ODB\Food.odb' is closed by 7604@DESKTOP-FUGN7L0

[2017-11-22 15:58:18 #5 store] 
Database 'D:\edit\AppDesktop\mealbarn\src\ODB\ImageSize.odb' is opened by 7604@DESKTOP-FUGN7L0

[2017-11-22 15:58:18 #6 store] 
Configuration path: ?

[2017-11-22 15:58:18 #7 type] 
Type ooad.ImageSize is not enhanced.

[2017-11-22 15:58:18 #8 store] 
Database 'D:\edit\AppDesktop\mealbarn\src\ODB\ImageSize.odb' is closed by 7604@DESKTOP-FUGN7L0

[2017-11-22 15:58:18 #9 store] 
Database 'D:\edit\AppDesktop\mealbarn\src\ODB\Component.odb' is opened by 7604@DESKTOP-FUGN7L0

[2017-11-22 15:58:18 #10 store] 
Configuration path: ?

[2017-11-22 15:58:18 #11 type] 
Type ooad.Component is not enhanced.

[2017-11-22 15:58:18 #12 store] 
Database 'D:\edit\AppDesktop\mealbarn\src\ODB\Component.odb' is closed by 7604@DESKTOP-FUGN7L0

[2017-11-22 15:58:18 #13 store] 
Database 'D:\edit\AppDesktop\mealbarn\src\ODB\Account.odb' is opened by 7604@DESKTOP-FUGN7L0

[2017-11-22 15:58:18 #14 store] 
Configuration path: ?

[2017-11-22 15:58:18 #15 type] 
Type ooad.Account is not enhanced.

[2017-11-22 15:58:18 #16 store] 
Database 'D:\edit\AppDesktop\mealbarn\src\ODB\Account.odb' is closed by 7604@DESKTOP-FUGN7L0

------------------------------------------------------------------------------------------------------------------------

[2017-11-22 16:01:00 #1 store] 
Database 'D:\edit\AppDesktop\mealbarn\src\ODB\Food.odb' is opened by 3640@DESKTOP-FUGN7L0

[2017-11-22 16:01:00 #2 store] 
Configuration path: ?

[2017-11-22 16:01:00 #3 type] 
Type ooad.Food is not enhanced.

[2017-11-22 16:01:01 #4 store] 
Database 'D:\edit\AppDesktop\mealbarn\src\ODB\Food.odb' is closed by 3640@DESKTOP-FUGN7L0

[2017-11-22 16:01:01 #5 store] 
Database 'D:\edit\AppDesktop\mealbarn\src\ODB\ImageSize.odb' is opened by 3640@DESKTOP-FUGN7L0

[2017-11-22 16:01:01 #6 store] 
Configuration path: ?

[2017-11-22 16:01:01 #7 type] 
Type ooad.ImageSize is not enhanced.

[2017-11-22 16:01:01 #8 store] 
Database 'D:\edit\AppDesktop\mealbarn\src\ODB\ImageSize.odb' is closed by 3640@DESKTOP-FUGN7L0

[2017-11-22 16:01:01 #9 store] 
Database 'D:\edit\AppDesktop\mealbarn\src\ODB\Component.odb' is opened by 3640@DESKTOP-FUGN7L0

[2017-11-22 16:01:01 #10 store] 
Configuration path: ?

[2017-11-22 16:01:01 #11 type] 
Type ooad.Component is not enhanced.

[2017-11-22 16:01:01 #12 store] 
Database 'D:\edit\AppDesktop\mealbarn\src\ODB\Component.odb' is closed by 3640@DESKTOP-FUGN7L0

[2017-11-22 16:01:01 #13 store] 
Database 'D:\edit\AppDesktop\mealbarn\src\ODB\Account.odb' is opened by 3640@DESKTOP-FUGN7L0

[2017-11-22 16:01:01 #14 store] 
Configuration path: ?

[2017-11-22 16:01:01 #15 type] 
Type ooad.Account is not enhanced.

[2017-11-22 16:01:02 #16 store] 
Database 'D:\edit\AppDesktop\mealbarn\src\ODB\Account.odb' is closed by 3640@DESKTOP-FUGN7L0

------------------------------------------------------------------------------------------------------------------------

[2017-11-22 16:02:45 #1 store] 
Database 'D:\edit\AppDesktop\mealbarn\src\ODB\Food.odb' is opened by 5344@DESKTOP-FUGN7L0

[2017-11-22 16:02:45 #2 store] 
Configuration path: ?

[2017-11-22 16:02:46 #3 type] 
Type ooad.Food is not enhanced.

[2017-11-22 16:02:46 #4 store] 
Database 'D:\edit\AppDesktop\mealbarn\src\ODB\Food.odb' is closed by 5344@DESKTOP-FUGN7L0

[2017-11-22 16:02:46 #5 store] 
Database 'D:\edit\AppDesktop\mealbarn\src\ODB\ImageSize.odb' is opened by 5344@DESKTOP-FUGN7L0

[2017-11-22 16:02:46 #6 store] 
Configuration path: ?

[2017-11-22 16:02:46 #7 type] 
Type ooad.ImageSize is not enhanced.

[2017-11-22 16:02:46 #8 store] 
Database 'D:\edit\AppDesktop\mealbarn\src\ODB\ImageSize.odb' is closed by 5344@DESKTOP-FUGN7L0

[2017-11-22 16:02:46 #9 store] 
Database 'D:\edit\AppDesktop\mealbarn\src\ODB\Component.odb' is opened by 5344@DESKTOP-FUGN7L0

[2017-11-22 16:02:46 #10 store] 
Configuration path: ?

[2017-11-22 16:02:46 #11 type] 
Type ooad.Component is not enhanced.

[2017-11-22 16:02:47 #12 store] 
Database 'D:\edit\AppDesktop\mealbarn\src\ODB\Component.odb' is closed by 5344@DESKTOP-FUGN7L0

[2017-11-22 16:02:47 #13 store] 
Database 'D:\edit\AppDesktop\mealbarn\src\ODB\Account.odb' is opened by 5344@DESKTOP-FUGN7L0

[2017-11-22 16:02:47 #14 store] 
Configuration path: ?

[2017-11-22 16:02:47 #15 type] 
Type ooad.Account is not enhanced.

[2017-11-22 16:02:47 #16 store] 
Database 'D:\edit\AppDesktop\mealbarn\src\ODB\Account.odb' is closed by 5344@DESKTOP-FUGN7L0

------------------------------------------------------------------------------------------------------------------------

[2017-11-22 16:03:11 #1 store] 
Database 'D:\edit\AppDesktop\mealbarn\src\ODB\Food.odb' is opened by 3444@DESKTOP-FUGN7L0

[2017-11-22 16:03:11 #2 store] 
Configuration path: ?

[2017-11-22 16:03:11 #3 type] 
Type ooad.Food is not enhanced.

[2017-11-22 16:03:11 #4 store] 
Database 'D:\edit\AppDesktop\mealbarn\src\ODB\Food.odb' is closed by 3444@DESKTOP-FUGN7L0

[2017-11-22 16:03:11 #5 store] 
Database 'D:\edit\AppDesktop\mealbarn\src\ODB\ImageSize.odb' is opened by 3444@DESKTOP-FUGN7L0

[2017-11-22 16:03:11 #6 store] 
Configuration path: ?

[2017-11-22 16:03:11 #7 type] 
Type ooad.ImageSize is not enhanced.

[2017-11-22 16:03:12 #8 store] 
Database 'D:\edit\AppDesktop\mealbarn\src\ODB\ImageSize.odb' is closed by 3444@DESKTOP-FUGN7L0

[2017-11-22 16:03:12 #9 store] 
Database 'D:\edit\AppDesktop\mealbarn\src\ODB\Component.odb' is opened by 3444@DESKTOP-FUGN7L0

[2017-11-22 16:03:12 #10 store] 
Configuration path: ?

[2017-11-22 16:03:12 #11 type] 
Type ooad.Component is not enhanced.

[2017-11-22 16:03:12 #12 store] 
Database 'D:\edit\AppDesktop\mealbarn\src\ODB\Component.odb' is closed by 3444@DESKTOP-FUGN7L0

[2017-11-22 16:03:12 #13 store] 
Database 'D:\edit\AppDesktop\mealbarn\src\ODB\Account.odb' is opened by 3444@DESKTOP-FUGN7L0

[2017-11-22 16:03:12 #14 store] 
Configuration path: ?

[2017-11-22 16:03:12 #15 type] 
Type ooad.Account is not enhanced.

[2017-11-22 16:03:12 #16 store] 
Database 'D:\edit\AppDesktop\mealbarn\src\ODB\Account.odb' is closed by 3444@DESKTOP-FUGN7L0

------------------------------------------------------------------------------------------------------------------------

[2017-11-22 16:11:14 #1 store] 
Database 'D:\edit\AppDesktop\mealbarn\src\ODB\Food.odb' is opened by 5264@DESKTOP-FUGN7L0

[2017-11-22 16:11:14 #2 store] 
Configuration path: ?

[2017-11-22 16:11:14 #3 type] 
Type ooad.Food is not enhanced.

[2017-11-22 16:11:14 #4 store] 
Database 'D:\edit\AppDesktop\mealbarn\src\ODB\Food.odb' is closed by 5264@DESKTOP-FUGN7L0

[2017-11-22 16:11:14 #5 store] 
Database 'D:\edit\AppDesktop\mealbarn\src\ODB\ImageSize.odb' is opened by 5264@DESKTOP-FUGN7L0

[2017-11-22 16:11:14 #6 store] 
Configuration path: ?

[2017-11-22 16:11:14 #7 type] 
Type ooad.ImageSize is not enhanced.

[2017-11-22 16:11:14 #8 store] 
Database 'D:\edit\AppDesktop\mealbarn\src\ODB\ImageSize.odb' is closed by 5264@DESKTOP-FUGN7L0

[2017-11-22 16:11:15 #9 store] 
Database 'D:\edit\AppDesktop\mealbarn\src\ODB\Component.odb' is opened by 5264@DESKTOP-FUGN7L0

[2017-11-22 16:11:15 #10 store] 
Configuration path: ?

[2017-11-22 16:11:15 #11 type] 
Type ooad.Component is not enhanced.

[2017-11-22 16:11:15 #12 store] 
Database 'D:\edit\AppDesktop\mealbarn\src\ODB\Component.odb' is closed by 5264@DESKTOP-FUGN7L0

[2017-11-22 16:11:15 #13 store] 
Database 'D:\edit\AppDesktop\mealbarn\src\ODB\Account.odb' is opened by 5264@DESKTOP-FUGN7L0

[2017-11-22 16:11:15 #14 store] 
Configuration path: ?

[2017-11-22 16:11:15 #15 type] 
Type ooad.Account is not enhanced.

[2017-11-22 16:11:15 #16 store] 
Database 'D:\edit\AppDesktop\mealbarn\src\ODB\Account.odb' is closed by 5264@DESKTOP-FUGN7L0

------------------------------------------------------------------------------------------------------------------------

[2017-11-22 16:36:16 #1 store] 
Database 'D:\edit\AppDesktop\mealbarn\src\ODB\Food.odb' is opened by 6996@DESKTOP-FUGN7L0

[2017-11-22 16:36:16 #2 store] 
Configuration path: ?

[2017-11-22 16:36:16 #3 type] 
Type ooad.Food is not enhanced.

[2017-11-22 16:36:16 #4 store] 
Database 'D:\edit\AppDesktop\mealbarn\src\ODB\Food.odb' is closed by 6996@DESKTOP-FUGN7L0

[2017-11-22 16:36:17 #5 store] 
Database 'D:\edit\AppDesktop\mealbarn\src\ODB\ImageSize.odb' is opened by 6996@DESKTOP-FUGN7L0

[2017-11-22 16:36:17 #6 store] 
Configuration path: ?

[2017-11-22 16:36:17 #7 type] 
Type ooad.ImageSize is not enhanced.

[2017-11-22 16:36:17 #8 store] 
Database 'D:\edit\AppDesktop\mealbarn\src\ODB\ImageSize.odb' is closed by 6996@DESKTOP-FUGN7L0

[2017-11-22 16:36:17 #9 store] 
Database 'D:\edit\AppDesktop\mealbarn\src\ODB\Component.odb' is opened by 6996@DESKTOP-FUGN7L0

[2017-11-22 16:36:17 #10 store] 
Configuration path: ?

[2017-11-22 16:36:17 #11 type] 
Type ooad.Component is not enhanced.

[2017-11-22 16:36:17 #12 store] 
Database 'D:\edit\AppDesktop\mealbarn\src\ODB\Component.odb' is closed by 6996@DESKTOP-FUGN7L0

[2017-11-22 16:36:17 #13 store] 
Database 'D:\edit\AppDesktop\mealbarn\src\ODB\Account.odb' is opened by 6996@DESKTOP-FUGN7L0

[2017-11-22 16:36:17 #14 store] 
Configuration path: ?

[2017-11-22 16:36:17 #15 type] 
Type ooad.Account is not enhanced.

[2017-11-22 16:36:17 #16 store] 
Database 'D:\edit\AppDesktop\mealbarn\src\ODB\Account.odb' is closed by 6996@DESKTOP-FUGN7L0

------------------------------------------------------------------------------------------------------------------------

[2017-11-22 16:38:12 #1 store] 
Database 'D:\edit\AppDesktop\mealbarn\src\ODB\Food.odb' is opened by 112@DESKTOP-FUGN7L0

[2017-11-22 16:38:12 #2 store] 
Configuration path: ?

[2017-11-22 16:38:13 #3 type] 
Type ooad.Food is not enhanced.

[2017-11-22 16:38:13 #4 store] 
Database 'D:\edit\AppDesktop\mealbarn\src\ODB\Food.odb' is closed by 112@DESKTOP-FUGN7L0

[2017-11-22 16:38:13 #5 store] 
Database 'D:\edit\AppDesktop\mealbarn\src\ODB\ImageSize.odb' is opened by 112@DESKTOP-FUGN7L0

[2017-11-22 16:38:13 #6 store] 
Configuration path: ?

[2017-11-22 16:38:13 #7 type] 
Type ooad.ImageSize is not enhanced.

[2017-11-22 16:38:13 #8 store] 
Database 'D:\edit\AppDesktop\mealbarn\src\ODB\ImageSize.odb' is closed by 112@DESKTOP-FUGN7L0

[2017-11-22 16:38:13 #9 store] 
Database 'D:\edit\AppDesktop\mealbarn\src\ODB\Component.odb' is opened by 112@DESKTOP-FUGN7L0

[2017-11-22 16:38:13 #10 store] 
Configuration path: ?

[2017-11-22 16:38:13 #11 type] 
Type ooad.Component is not enhanced.

[2017-11-22 16:38:13 #12 store] 
Database 'D:\edit\AppDesktop\mealbarn\src\ODB\Component.odb' is closed by 112@DESKTOP-FUGN7L0

[2017-11-22 16:38:13 #13 store] 
Database 'D:\edit\AppDesktop\mealbarn\src\ODB\Account.odb' is opened by 112@DESKTOP-FUGN7L0

[2017-11-22 16:38:13 #14 store] 
Configuration path: ?

[2017-11-22 16:38:13 #15 type] 
Type ooad.Account is not enhanced.

[2017-11-22 16:38:14 #16 store] 
Database 'D:\edit\AppDesktop\mealbarn\src\ODB\Account.odb' is closed by 112@DESKTOP-FUGN7L0

